<?xml version="1.0" encoding="utf-8"?><testsuites name="pytest tests"><testsuite name="pytest" errors="0" failures="0" skipped="0" tests="20" time="42.080" timestamp="2026-03-24T12:32:58.546075+00:00" hostname="agent-env-a301c09a-8b7e-4c74-83ed-b962badcd1af"><testcase classname="backend.tests.test_iteration97_studio_new_features.TestStudioAuthentication" name="test_login_works" time="1.287" /><testcase classname="backend.tests.test_iteration97_studio_new_features.TestStudioProjectCreation" name="test_create_project_with_language_pt" time="2.704" /><testcase classname="backend.tests.test_iteration97_studio_new_features.TestStudioProjectCreation" name="test_create_project_with_language_en" time="1.604" /><testcase classname="backend.tests.test_iteration97_studio_new_features.TestStudioProjectCreation" name="test_create_project_with_language_es" time="1.750" /><testcase classname="backend.tests.test_iteration97_studio_new_features.TestStudioProjectCreation" name="test_create_project_with_all_visual_styles" time="11.342" /><testcase classname="backend.tests.test_iteration97_studio_new_features.TestStudioProjectStatus" name="test_project_status_returns_character_avatars" time="1.428" /><testcase classname="backend.tests.test_iteration97_studio_new_features.TestStudioProjectStatus" name="test_project_status_returns_visual_style" time="0.729" /><testcase classname="backend.tests.test_iteration97_studio_new_features.TestStudioProjectStatus" name="test_project_status_returns_language" time="0.629" /><testcase classname="backend.tests.test_iteration97_studio_new_features.TestStudioCharacterAvatars" name="test_save_character_avatars" time="4.948" /><testcase classname="backend.tests.test_iteration97_studio_new_features.TestStudioVisualStyleUpdate" name="test_update_visual_style" time="4.851" /><testcase classname="backend.tests.test_iteration97_studio_new_features.TestStudioLanguageUpdate" name="test_update_language" time="4.742" /><testcase classname="backend.tests.test_iteration97_studio_new_features.TestStudioSceneUpdate" name="test_update_scene_endpoint_exists" time="1.773" /><testcase classname="backend.tests.test_iteration97_studio_new_features.TestStudioRegenerateScene" name="test_regenerate_scene_endpoint_exists" time="1.436" /><testcase classname="backend.tests.test_iteration97_studio_new_features.TestStudioStartProduction" name="test_start_production_accepts_character_avatars" time="1.251" /><testcase classname="backend.tests.test_iteration97_studio_new_features.TestStudioProjectsList" name="test_list_projects" time="1.516" /><testcase classname="backend.tests.test_iteration97_studio_new_features.TestCodeReviewVerification" name="test_studio_project_model_has_language_field" time="0.000" /><testcase classname="backend.tests.test_iteration97_studio_new_features.TestCodeReviewVerification" name="test_studio_project_model_has_visual_style_field" time="0.000" /><testcase classname="backend.tests.test_iteration97_studio_new_features.TestCodeReviewVerification" name="test_sora_retry_logic_has_3_attempts" time="0.000" /><testcase classname="backend.tests.test_iteration97_studio_new_features.TestCodeReviewVerification" name="test_ffmpeg_compression_exists" time="0.001" /><testcase classname="backend.tests.test_iteration97_studio_new_features.TestCodeReviewVerification" name="test_style_prompts_mapping_exists" time="0.000" /></testsuite></testsuites>