<?xml version="1.0" encoding="utf-8"?><testsuites name="pytest tests"><testsuite name="pytest" errors="0" failures="0" skipped="0" tests="6" time="6.242" timestamp="2026-03-23T05:09:36.355302+00:00" hostname="agent-env-a301c09a-8b7e-4c74-83ed-b962badcd1af"><testcase classname="backend.tests.test_iteration90_ui_improvements.TestAuthEndpoints" name="test_login_returns_extended_fields" time="0.819" /><testcase classname="backend.tests.test_iteration90_ui_improvements.TestAuthEndpoints" name="test_auth_me_returns_extended_fields" time="0.992" /><testcase classname="backend.tests.test_iteration90_ui_improvements.TestAuthEndpoints" name="test_profile_update_with_iso_date" time="1.417" /><testcase classname="backend.tests.test_iteration90_ui_improvements.TestAuthEndpoints" name="test_profile_update_with_br_phone" time="1.393" /><testcase classname="backend.tests.test_iteration90_ui_improvements.TestAuthEndpoints" name="test_profile_update_with_gb_phone" time="1.449" /><testcase classname="backend.tests.test_iteration90_ui_improvements.TestHealthCheck" name="test_api_health" time="0.111" /></testsuite></testsuites>