<?xml version="1.0" encoding="utf-8"?><testsuites name="pytest tests"><testsuite name="pytest" errors="0" failures="0" skipped="0" tests="7" time="7.101" timestamp="2026-03-14T04:14:04.922665+00:00" hostname="agent-env-a301c09a-8b7e-4c74-83ed-b962badcd1af"><testcase classname="backend.tests.test_iteration25_supabase_storage.TestAuth" name="test_login_success" time="0.732" /><testcase classname="backend.tests.test_iteration25_supabase_storage.TestCampaignsSupabaseStorage" name="test_list_campaigns_returns_campaigns" time="1.090" /><testcase classname="backend.tests.test_iteration25_supabase_storage.TestCampaignsSupabaseStorage" name="test_campaign_images_are_supabase_urls" time="0.539" /><testcase classname="backend.tests.test_iteration25_supabase_storage.TestCampaignDelete" name="test_delete_campaign_endpoint_exists" time="1.814" /><testcase classname="backend.tests.test_iteration25_supabase_storage.TestCampaignDelete" name="test_delete_nonexistent_campaign_returns_404" time="0.579" /><testcase classname="backend.tests.test_iteration25_supabase_storage.TestPipelineUpload" name="test_upload_endpoint_exists" time="1.124" /><testcase classname="backend.tests.test_iteration25_supabase_storage.TestPipelineList" name="test_list_pipelines" time="1.161" /></testsuite></testsuites>