<?xml version="1.0" encoding="utf-8"?><testsuites name="pytest tests"><testsuite name="pytest" errors="0" failures="0" skipped="0" tests="9" time="30.214" timestamp="2026-03-18T15:19:35.854472+00:00" hostname="agent-env-a301c09a-8b7e-4c74-83ed-b962badcd1af"><testcase classname="tests.test_iteration66_bugs.TestAuthentication" name="test_login_success" time="0.719" /><testcase classname="tests.test_iteration66_bugs.TestCampaignList" name="test_campaigns_list_loads" time="1.246" /><testcase classname="tests.test_iteration66_bugs.TestCampaignList" name="test_amigas_campaign_exists" time="0.506" /><testcase classname="tests.test_iteration66_bugs.TestCampaignList" name="test_amigas_campaign_has_pt_language" time="0.437" /><testcase classname="tests.test_iteration66_bugs.TestPipelineEndpoints" name="test_pipeline_list_returns_data" time="0.769" /><testcase classname="tests.test_iteration66_bugs.TestPipelineEndpoints" name="test_amigas_pipeline_has_language" time="0.443" /><testcase classname="tests.test_iteration66_bugs.TestRegenerateSingleImage" name="test_regenerate_endpoint_accepts_language" time="24.744" /><testcase classname="tests.test_iteration66_bugs.TestPublishEndpoint" name="test_publish_endpoint_no_language_column_error" time="0.824" /><testcase classname="tests.test_iteration66_bugs.TestCampaignContentValidation" name="test_campaign_content_language" time="0.463" /></testsuite></testsuites>