<?xml version="1.0" encoding="utf-8"?><testsuites name="pytest tests"><testsuite name="pytest" errors="0" failures="0" skipped="0" tests="12" time="8.141" timestamp="2026-03-12T08:29:31.339519+00:00" hostname="agent-env-dafd721b-8df2-4c55-b961-dad5d3342365"><testcase classname="backend.tests.test_iteration9_refactored_api.TestHealthEndpoint" name="test_health_returns_ok_with_version" time="0.182" /><testcase classname="backend.tests.test_iteration9_refactored_api.TestAuthEndpoints" name="test_login_with_valid_credentials" time="0.848" /><testcase classname="backend.tests.test_iteration9_refactored_api.TestAuthEndpoints" name="test_login_with_invalid_credentials" time="0.234" /><testcase classname="backend.tests.test_iteration9_refactored_api.TestAuthEndpoints" name="test_get_me_returns_user_data" time="0.857" /><testcase classname="backend.tests.test_iteration9_refactored_api.TestAuthEndpoints" name="test_get_me_without_auth_returns_401" time="0.107" /><testcase classname="backend.tests.test_iteration9_refactored_api.TestAuthEndpoints" name="test_update_profile" time="0.787" /><testcase classname="backend.tests.test_iteration9_refactored_api.TestAgentsEndpoints" name="test_get_marketplace_returns_22_agents" time="0.554" /><testcase classname="backend.tests.test_iteration9_refactored_api.TestAgentsEndpoints" name="test_get_user_agents" time="0.909" /><testcase classname="backend.tests.test_iteration9_refactored_api.TestDashboardEndpoints" name="test_get_dashboard_stats" time="0.897" /><testcase classname="backend.tests.test_iteration9_refactored_api.TestLeadsEndpoints" name="test_get_leads" time="0.926" /><testcase classname="backend.tests.test_iteration9_refactored_api.TestConversationsEndpoints" name="test_get_conversations" time="0.885" /><testcase classname="backend.tests.test_iteration9_refactored_api.TestChannelsEndpoints" name="test_get_channels" time="0.880" /></testsuite></testsuites>