<?xml version="1.0" encoding="utf-8"?><testsuites name="pytest tests"><testsuite name="pytest" errors="0" failures="0" skipped="0" tests="11" time="9.431" timestamp="2026-03-23T04:54:28.951130+00:00" hostname="agent-env-a301c09a-8b7e-4c74-83ed-b962badcd1af"><testcase classname="backend.tests.test_iteration89_profile_fields.TestExtendedProfileFields" name="test_login_returns_extended_profile_fields" time="0.673" /><testcase classname="backend.tests.test_iteration89_profile_fields.TestExtendedProfileFields" name="test_auth_me_returns_extended_profile_fields" time="0.953" /><testcase classname="backend.tests.test_iteration89_profile_fields.TestExtendedProfileFields" name="test_update_profile_birth_date" time="0.800" /><testcase classname="backend.tests.test_iteration89_profile_fields.TestExtendedProfileFields" name="test_update_profile_phone" time="0.840" /><testcase classname="backend.tests.test_iteration89_profile_fields.TestExtendedProfileFields" name="test_update_profile_preferred_contact_whatsapp" time="0.800" /><testcase classname="backend.tests.test_iteration89_profile_fields.TestExtendedProfileFields" name="test_update_profile_preferred_contact_sms" time="1.218" /><testcase classname="backend.tests.test_iteration89_profile_fields.TestExtendedProfileFields" name="test_update_all_extended_fields_at_once" time="0.813" /><testcase classname="backend.tests.test_iteration89_profile_fields.TestExtendedProfileFields" name="test_update_mixed_standard_and_extended_fields" time="0.891" /><testcase classname="backend.tests.test_iteration89_profile_fields.TestSignupWithExtendedFields" name="test_signup_with_all_extended_fields" time="1.071" /><testcase classname="backend.tests.test_iteration89_profile_fields.TestSignupWithExtendedFields" name="test_signup_with_default_preferred_contact" time="0.689" /><testcase classname="backend.tests.test_iteration89_profile_fields.TestSignupWithExtendedFields" name="test_signup_with_partial_extended_fields" time="0.610" /></testsuite></testsuites>