<?xml version="1.0" encoding="utf-8"?><testsuites name="pytest tests"><testsuite name="pytest" errors="0" failures="0" skipped="0" tests="8" time="5.965" timestamp="2026-03-29T02:20:03.937917+00:00" hostname="agent-env-a301c09a-8b7e-4c74-83ed-b962badcd1af"><testcase classname="backend.tests.test_iteration130_remix_voice.TestVoiceMapEndpoint" name="test_voice_map_returns_200" time="1.798" /><testcase classname="backend.tests.test_iteration130_remix_voice.TestVoiceMapEndpoint" name="test_voice_map_has_voice_map_field" time="0.476" /><testcase classname="backend.tests.test_iteration130_remix_voice.TestVoiceMapEndpoint" name="test_voice_map_has_ai_assigned_voices" time="0.494" /><testcase classname="backend.tests.test_iteration130_remix_voice.TestRemixVoiceEndpoint" name="test_remix_voice_endpoint_exists" time="1.131" /><testcase classname="backend.tests.test_iteration130_remix_voice.TestRemixVoiceEndpoint" name="test_remix_voice_requires_character_name" time="0.520" /><testcase classname="backend.tests.test_iteration130_remix_voice.TestRemixVoiceEndpoint" name="test_remix_voice_requires_voice_description" time="0.482" /><testcase classname="backend.tests.test_iteration130_remix_voice.TestDialoguesEndpoint" name="test_dialogues_endpoint_returns_200" time="0.525" /><testcase classname="backend.tests.test_iteration130_remix_voice.TestDialoguesEndpoint" name="test_dialogues_has_character_voices" time="0.474" /></testsuite></testsuites>