<?xml version="1.0" encoding="utf-8"?><testsuites name="pytest tests"><testsuite name="pytest" errors="0" failures="0" skipped="0" tests="7" time="9.379" timestamp="2026-03-25T05:57:47.467577+00:00" hostname="agent-env-a301c09a-8b7e-4c74-83ed-b962badcd1af"><testcase classname="backend.tests.test_iteration101_studio.TestAuth" name="test_login_success" time="1.126" /><testcase classname="backend.tests.test_iteration101_studio.TestStudioProjects" name="test_get_studio_projects" time="1.486" /><testcase classname="backend.tests.test_iteration101_studio.TestStudioProjects" name="test_projects_count" time="1.377" /><testcase classname="backend.tests.test_iteration101_studio.TestStudioProjects" name="test_project_structure" time="1.355" /><testcase classname="backend.tests.test_iteration101_studio.TestStudioProjects" name="test_search_projects_abraao" time="1.393" /><testcase classname="backend.tests.test_iteration101_studio.TestStudioProjects" name="test_15_scene_projects" time="1.677" /><testcase classname="backend.tests.test_iteration101_studio.TestStudioVoices" name="test_get_voices" time="0.902" /></testsuite></testsuites>