<?xml version="1.0" encoding="utf-8"?><testsuites name="pytest tests"><testsuite name="pytest" errors="0" failures="0" skipped="0" tests="35" time="18.095" timestamp="2026-03-26T05:28:56.813223+00:00" hostname="agent-env-a301c09a-8b7e-4c74-83ed-b962badcd1af"><testcase classname="backend.tests.test_iteration113_language_smart_editor.TestAuth" name="test_health_endpoint" time="0.250" /><testcase classname="backend.tests.test_iteration113_language_smart_editor.TestAuth" name="test_login_success" time="0.869" /><testcase classname="backend.tests.test_iteration113_language_smart_editor.TestLanguageAgentEndpoints" name="test_language_convert_endpoint_exists" time="2.252" /><testcase classname="backend.tests.test_iteration113_language_smart_editor.TestLanguageAgentEndpoints" name="test_language_review_endpoint_exists" time="1.362" /><testcase classname="backend.tests.test_iteration113_language_smart_editor.TestLanguageAgentEndpoints" name="test_language_status_endpoint_exists" time="0.830" /><testcase classname="backend.tests.test_iteration113_language_smart_editor.TestLanguageAgentEndpoints" name="test_language_status_review_done" time="0.741" /><testcase classname="backend.tests.test_iteration113_language_smart_editor.TestSmartEditorEndpoints" name="test_analyze_scene_endpoint_exists" time="8.992" /><testcase classname="backend.tests.test_iteration113_language_smart_editor.TestSmartEditorEndpoints" name="test_smart_edit_endpoint_exists" time="1.141" /><testcase classname="backend.tests.test_iteration113_language_smart_editor.TestLanguageAgentCodeStructure" name="test_language_agent_file_exists" time="0.000" /><testcase classname="backend.tests.test_iteration113_language_smart_editor.TestLanguageAgentCodeStructure" name="test_language_agent_has_convert_language" time="0.000" /><testcase classname="backend.tests.test_iteration113_language_smart_editor.TestLanguageAgentCodeStructure" name="test_language_agent_has_review_text_quality" time="0.000" /><testcase classname="backend.tests.test_iteration113_language_smart_editor.TestLanguageAgentCodeStructure" name="test_language_agent_batch_size_5" time="0.000" /><testcase classname="backend.tests.test_iteration113_language_smart_editor.TestLanguageAgentCodeStructure" name="test_language_agent_supported_langs" time="0.000" /><testcase classname="backend.tests.test_iteration113_language_smart_editor.TestSmartEditorCodeStructure" name="test_smart_editor_file_exists" time="0.000" /><testcase classname="backend.tests.test_iteration113_language_smart_editor.TestSmartEditorCodeStructure" name="test_smart_editor_has_analyze_scene" time="0.000" /><testcase classname="backend.tests.test_iteration113_language_smart_editor.TestSmartEditorCodeStructure" name="test_smart_editor_has_smart_edit" time="0.000" /><testcase classname="backend.tests.test_iteration113_language_smart_editor.TestSmartEditorCodeStructure" name="test_smart_editor_uses_gemini_vision" time="0.000" /><testcase classname="backend.tests.test_iteration113_language_smart_editor.TestSmartEditorCodeStructure" name="test_smart_editor_returns_scene_map_structure" time="0.000" /><testcase classname="backend.tests.test_iteration113_language_smart_editor.TestStudioRouterEndpoints" name="test_studio_has_language_convert" time="0.001" /><testcase classname="backend.tests.test_iteration113_language_smart_editor.TestStudioRouterEndpoints" name="test_studio_has_language_review" time="0.001" /><testcase classname="backend.tests.test_iteration113_language_smart_editor.TestStudioRouterEndpoints" name="test_studio_has_language_status" time="0.001" /><testcase classname="backend.tests.test_iteration113_language_smart_editor.TestStudioRouterEndpoints" name="test_studio_has_analyze_scene" time="0.001" /><testcase classname="backend.tests.test_iteration113_language_smart_editor.TestStudioRouterEndpoints" name="test_studio_has_smart_edit" time="0.001" /><testcase classname="backend.tests.test_iteration113_language_smart_editor.TestFrontendUIElements" name="test_storyboard_editor_exists" time="0.000" /><testcase classname="backend.tests.test_iteration113_language_smart_editor.TestFrontendUIElements" name="test_storyboard_editor_has_target_lang_select" time="0.000" /><testcase classname="backend.tests.test_iteration113_language_smart_editor.TestFrontendUIElements" name="test_storyboard_editor_has_convert_lang_btn" time="0.000" /><testcase classname="backend.tests.test_iteration113_language_smart_editor.TestFrontendUIElements" name="test_storyboard_editor_has_review_text_btn" time="0.000" /><testcase classname="backend.tests.test_iteration113_language_smart_editor.TestFrontendUIElements" name="test_storyboard_editor_has_analyze_scene_btn" time="0.000" /><testcase classname="backend.tests.test_iteration113_language_smart_editor.TestFrontendUIElements" name="test_storyboard_editor_has_smart_mode_toggle" time="0.000" /><testcase classname="backend.tests.test_iteration113_language_smart_editor.TestFrontendUIElements" name="test_storyboard_editor_has_zap_icon_for_smart_mode" time="0.001" /><testcase classname="backend.tests.test_iteration113_language_smart_editor.TestFrontendUIElements" name="test_storyboard_editor_has_scene_map_display" time="0.000" /><testcase classname="backend.tests.test_iteration113_language_smart_editor.TestFrontendUIElements" name="test_storyboard_editor_has_clickable_characters" time="0.000" /><testcase classname="backend.tests.test_iteration113_language_smart_editor.TestFrontendUIElements" name="test_storyboard_editor_has_language_agent_section" time="0.000" /><testcase classname="backend.tests.test_iteration113_language_smart_editor.TestFrontendUIElements" name="test_storyboard_editor_has_inpainting_section" time="0.000" /><testcase classname="backend.tests.test_iteration113_language_smart_editor.TestProjectStatusEndpoint" name="test_project_status_returns_storyboard_panels" time="1.560" /></testsuite></testsuites>