<?xml version="1.0" encoding="utf-8"?><testsuites name="pytest tests"><testsuite name="pytest" errors="0" failures="0" skipped="0" tests="11" time="14.024" timestamp="2026-03-26T02:04:31.024355+00:00" hostname="agent-env-a301c09a-8b7e-4c74-83ed-b962badcd1af"><testcase classname="backend.tests.test_iteration107_inpainting_voice.TestInpaintingEndpoint" name="test_edit_element_endpoint_exists" time="3.182" /><testcase classname="backend.tests.test_iteration107_inpainting_voice.TestInpaintingEndpoint" name="test_edit_element_response_structure" time="1.089" /><testcase classname="backend.tests.test_iteration107_inpainting_voice.TestInpaintingEndpoint" name="test_edit_element_requires_panel_number" time="0.485" /><testcase classname="backend.tests.test_iteration107_inpainting_voice.TestInpaintingEndpoint" name="test_edit_element_requires_edit_instruction" time="0.488" /><testcase classname="backend.tests.test_iteration107_inpainting_voice.TestInpaintingEndpoint" name="test_edit_element_invalid_project_returns_404" time="0.621" /><testcase classname="backend.tests.test_iteration107_inpainting_voice.TestInpaintingEndpoint" name="test_edit_element_without_auth_returns_401" time="0.126" /><testcase classname="backend.tests.test_iteration107_inpainting_voice.TestInpaintModuleExists" name="test_inpaint_module_exists" time="0.001" /><testcase classname="backend.tests.test_iteration107_inpainting_voice.TestInpaintModuleExists" name="test_inpaint_function_signature" time="0.000" /><testcase classname="backend.tests.test_iteration107_inpainting_voice.TestStoryboardEndpointWithPanels" name="test_storyboard_has_panels" time="0.585" /><testcase classname="backend.tests.test_iteration107_inpainting_voice.TestTranscribeEndpoint" name="test_transcribe_endpoint_exists" time="0.260" /><testcase classname="backend.tests.test_iteration107_inpainting_voice.TestFacilitatorChatEndpoint" name="test_facilitator_chat_endpoint_exists" time="7.130" /></testsuite></testsuites>