<?xml version="1.0" encoding="utf-8"?><testsuites name="pytest tests"><testsuite name="pytest" errors="0" failures="0" skipped="0" tests="12" time="39.425" timestamp="2026-03-23T21:30:52.856063+00:00" hostname="agent-env-a301c09a-8b7e-4c74-83ed-b962badcd1af"><testcase classname="backend.tests.test_iteration94_studio_features.TestStudioProjectsAPI" name="test_01_login_success" time="1.775" /><testcase classname="backend.tests.test_iteration94_studio_features.TestStudioProjectsAPI" name="test_02_get_projects_list" time="2.693" /><testcase classname="backend.tests.test_iteration94_studio_features.TestStudioProjectsAPI" name="test_03_get_voices_returns_24" time="1.051" /><testcase classname="backend.tests.test_iteration94_studio_features.TestStudioProjectsAPI" name="test_04_create_project" time="2.878" /><testcase classname="backend.tests.test_iteration94_studio_features.TestStudioProjectsAPI" name="test_05_get_project_status" time="5.789" /><testcase classname="backend.tests.test_iteration94_studio_features.TestStudioProjectsAPI" name="test_06_delete_project" time="4.858" /><testcase classname="backend.tests.test_iteration94_studio_features.TestStudioProjectsAPI" name="test_07_get_narrations_endpoint" time="5.899" /><testcase classname="backend.tests.test_iteration94_studio_features.TestStudioProjectsAPI" name="test_08_generate_narration_no_scenes" time="4.616" /><testcase classname="backend.tests.test_iteration94_studio_features.TestStudioProjectsAPI" name="test_09_generate_narration_nonexistent_project" time="1.744" /><testcase classname="backend.tests.test_iteration94_studio_features.TestGoogleOAuthDynamicRedirect" name="test_10_google_connect_returns_auth_url" time="1.539" /><testcase classname="backend.tests.test_iteration94_studio_features.TestCompletedProjectWithVideos" name="test_11_completed_project_has_videos" time="1.701" /><testcase classname="backend.tests.test_iteration94_studio_features.TestMusicLibrary" name="test_12_get_music_library" time="4.795" /></testsuite></testsuites>