<?xml version="1.0" encoding="utf-8"?><testsuites name="pytest tests"><testsuite name="pytest" errors="0" failures="0" skipped="0" tests="13" time="25.700" timestamp="2026-03-23T20:17:13.872443+00:00" hostname="agent-env-a301c09a-8b7e-4c74-83ed-b962badcd1af"><testcase classname="backend.tests.test_iteration93_narration_features.TestAuth" name="test_login_success" time="0.973" /><testcase classname="backend.tests.test_iteration93_narration_features.TestVoicesEndpoint" name="test_get_voices_returns_24_voices" time="0.989" /><testcase classname="backend.tests.test_iteration93_narration_features.TestVoicesEndpoint" name="test_voices_have_required_fields" time="0.936" /><testcase classname="backend.tests.test_iteration93_narration_features.TestVoicesEndpoint" name="test_voices_include_rachel_default" time="0.249" /><testcase classname="backend.tests.test_iteration93_narration_features.TestProjectsCRUD" name="test_get_projects_list" time="1.677" /><testcase classname="backend.tests.test_iteration93_narration_features.TestProjectsCRUD" name="test_create_and_delete_project" time="4.115" /><testcase classname="backend.tests.test_iteration93_narration_features.TestProjectStatusFields" name="test_status_includes_narration_fields" time="4.017" /><testcase classname="backend.tests.test_iteration93_narration_features.TestNarrationEndpoints" name="test_get_narrations_for_nonexistent_project" time="1.465" /><testcase classname="backend.tests.test_iteration93_narration_features.TestNarrationEndpoints" name="test_generate_narration_no_scenes" time="3.232" /><testcase classname="backend.tests.test_iteration93_narration_features.TestNarrationEndpoints" name="test_generate_narration_nonexistent_project" time="0.608" /><testcase classname="backend.tests.test_iteration93_narration_features.TestNarrationEndpoints" name="test_get_narrations_for_project" time="2.855" /><testcase classname="backend.tests.test_iteration93_narration_features.TestNarrationWithScenes" name="test_generate_narration_starts_background_job" time="3.087" /><testcase classname="backend.tests.test_iteration93_narration_features.TestExistingProjectWithScenes" name="test_find_project_with_scenes" time="1.426" /></testsuite></testsuites>