<?xml version="1.0" encoding="utf-8"?><testsuites name="pytest tests"><testsuite name="pytest" errors="0" failures="0" skipped="0" tests="9" time="6.916" timestamp="2026-03-17T05:21:09.621184+00:00" hostname="agent-env-a301c09a-8b7e-4c74-83ed-b962badcd1af"><testcase classname="backend.tests.test_iteration62_dual_upload.TestDualUploadAvatarFeatures" name="test_get_companies_returns_agentzz" time="1.220" /><testcase classname="backend.tests.test_iteration62_dual_upload.TestDualUploadAvatarFeatures" name="test_post_avatars_creates_with_all_fields" time="1.527" /><testcase classname="backend.tests.test_iteration62_dual_upload.TestDualUploadAvatarFeatures" name="test_get_avatars" time="0.860" /><testcase classname="backend.tests.test_iteration62_dual_upload.TestDualUploadAvatarFeatures" name="test_generate_avatar_with_accuracy_accepts_video_frame_urls" time="0.692" /><testcase classname="backend.tests.test_iteration62_dual_upload.TestDualUploadAvatarFeatures" name="test_generate_avatar_with_accuracy_schema_validation" time="0.681" /><testcase classname="backend.tests.test_iteration62_dual_upload.TestDualUploadAvatarFeatures" name="test_extract_from_video_endpoint_exists" time="0.722" /><testcase classname="backend.tests.test_iteration62_dual_upload.TestDualUploadAvatarFeatures" name="test_music_library_endpoint" time="0.586" /><testcase classname="backend.tests.test_iteration62_dual_upload.TestHealthAndAuth" name="test_health_check" time="0.107" /><testcase classname="backend.tests.test_iteration62_dual_upload.TestHealthAndAuth" name="test_authentication" time="0.441" /></testsuite></testsuites>