<?xml version="1.0" encoding="utf-8"?><testsuites name="pytest tests"><testsuite name="pytest" errors="0" failures="0" skipped="0" tests="11" time="10.662" timestamp="2026-03-23T03:00:03.140274+00:00" hostname="agent-env-a301c09a-8b7e-4c74-83ed-b962badcd1af"><testcase classname="backend.tests.test_iteration88_avatar_header.TestAvatarAPI" name="test_get_avatar_me_returns_avatar_url" time="0.925" /><testcase classname="backend.tests.test_iteration88_avatar_header.TestAvatarAPI" name="test_set_default_avatar" time="0.775" /><testcase classname="backend.tests.test_iteration88_avatar_header.TestAvatarAPI" name="test_set_default_avatar_persists" time="1.001" /><testcase classname="backend.tests.test_iteration88_avatar_header.TestAvatarAPI" name="test_generate_avatar_without_photo_returns_error" time="0.652" /><testcase classname="backend.tests.test_iteration88_avatar_header.TestAvatarAPI" name="test_generate_avatar_with_invalid_photo_returns_error" time="5.580" /><testcase classname="backend.tests.test_iteration88_avatar_header.TestAvatarAPI" name="test_auth_me_includes_avatar_url" time="0.781" /><testcase classname="backend.tests.test_iteration88_avatar_header.TestAvatarAPIUnauthenticated" name="test_get_avatar_me_unauthenticated" time="0.099" /><testcase classname="backend.tests.test_iteration88_avatar_header.TestAvatarAPIUnauthenticated" name="test_set_default_avatar_unauthenticated" time="0.105" /><testcase classname="backend.tests.test_iteration88_avatar_header.TestAvatarAPIUnauthenticated" name="test_generate_avatar_unauthenticated" time="0.107" /><testcase classname="backend.tests.test_iteration88_avatar_header.TestHealthAndBasicEndpoints" name="test_health_endpoint" time="0.148" /><testcase classname="backend.tests.test_iteration88_avatar_header.TestHealthAndBasicEndpoints" name="test_login_with_valid_credentials" time="0.424" /></testsuite></testsuites>