<?xml version="1.0" encoding="utf-8"?><testsuites name="pytest tests"><testsuite name="pytest" errors="0" failures="0" skipped="0" tests="17" time="187.198" timestamp="2026-03-16T13:21:11.981601+00:00" hostname="agent-env-a301c09a-8b7e-4c74-83ed-b962badcd1af"><testcase classname="backend.tests.test_iteration49_avatar_studio_bugfixes.TestAvatarVariantAngleEndpoints" name="test_generate_avatar_variant_left_profile" time="22.517" /><testcase classname="backend.tests.test_iteration49_avatar_studio_bugfixes.TestAvatarVariantAngleEndpoints" name="test_generate_avatar_variant_right_profile" time="20.487" /><testcase classname="backend.tests.test_iteration49_avatar_studio_bugfixes.TestAvatarVariantAngleEndpoints" name="test_generate_avatar_variant_front" time="20.666" /><testcase classname="backend.tests.test_iteration49_avatar_studio_bugfixes.TestAvatarVariantAngleEndpoints" name="test_generate_avatar_variant_back" time="21.189" /><testcase classname="backend.tests.test_iteration49_avatar_studio_bugfixes.TestClothingVariantOptions" name="test_clothing_business_formal" time="20.780" /><testcase classname="backend.tests.test_iteration49_avatar_studio_bugfixes.TestClothingVariantOptions" name="test_clothing_casual" time="22.315" /><testcase classname="backend.tests.test_iteration49_avatar_studio_bugfixes.TestClothingVariantOptions" name="test_clothing_streetwear" time="21.285" /><testcase classname="backend.tests.test_iteration49_avatar_studio_bugfixes.TestClothingVariantOptions" name="test_clothing_creative" time="21.674" /><testcase classname="backend.tests.test_iteration49_avatar_studio_bugfixes.TestVoicePreviewEndpoint" name="test_voice_alloy" time="2.486" /><testcase classname="backend.tests.test_iteration49_avatar_studio_bugfixes.TestVoicePreviewEndpoint" name="test_voice_echo" time="2.087" /><testcase classname="backend.tests.test_iteration49_avatar_studio_bugfixes.TestVoicePreviewEndpoint" name="test_voice_fable" time="3.055" /><testcase classname="backend.tests.test_iteration49_avatar_studio_bugfixes.TestVoicePreviewEndpoint" name="test_voice_onyx" time="3.382" /><testcase classname="backend.tests.test_iteration49_avatar_studio_bugfixes.TestVoicePreviewEndpoint" name="test_voice_nova" time="2.854" /><testcase classname="backend.tests.test_iteration49_avatar_studio_bugfixes.TestVoicePreviewEndpoint" name="test_voice_shimmer" time="1.780" /><testcase classname="backend.tests.test_iteration49_avatar_studio_bugfixes.TestVoicePreviewEndpoint" name="test_voice_invalid_rejected" time="0.288" /><testcase classname="backend.tests.test_iteration49_avatar_studio_bugfixes.TestAuthenticatedEndpoints" name="test_avatar_variant_requires_auth" time="0.151" /><testcase classname="backend.tests.test_iteration49_avatar_studio_bugfixes.TestAuthenticatedEndpoints" name="test_voice_preview_requires_auth" time="0.128" /></testsuite></testsuites>