<?xml version="1.0" encoding="utf-8"?><testsuites name="pytest tests"><testsuite name="pytest" errors="0" failures="0" skipped="0" tests="11" time="165.531" timestamp="2026-03-17T04:10:56.146163+00:00" hostname="agent-env-a301c09a-8b7e-4c74-83ed-b962badcd1af"><testcase classname="backend.tests.test_iteration59_avatar_features.TestAuthentication" name="test_login_returns_access_token" time="0.829" /><testcase classname="backend.tests.test_iteration59_avatar_features.TestAvatarAccuracyEndpoint" name="test_post_accuracy_endpoint_returns_job_id" time="0.764" /><testcase classname="backend.tests.test_iteration59_avatar_features.TestAvatarAccuracyEndpoint" name="test_get_accuracy_status_returns_agents" time="2.510" /><testcase classname="backend.tests.test_iteration59_avatar_features.TestAvatarAccuracyEndpoint" name="test_get_invalid_job_returns_404" time="0.274" /><testcase classname="backend.tests.test_iteration59_avatar_features.TestAvatarVariantEndpoint" name="test_variant_endpoint_accepts_company_uniform" time="26.138" /><testcase classname="backend.tests.test_iteration59_avatar_features.TestAvatarVariantEndpoint" name="test_variant_default_clothing_is_company_uniform" time="19.438" /><testcase classname="backend.tests.test_iteration59_avatar_features.TestBatch360Endpoint" name="test_batch360_accepts_company_uniform" time="0.796" /><testcase classname="backend.tests.test_iteration59_avatar_features.TestBatch360Endpoint" name="test_batch360_default_clothing_is_company_uniform" time="0.244" /><testcase classname="backend.tests.test_iteration59_avatar_features.TestClothingMapContainsCompanyUniform" name="test_variant_endpoint_supports_all_clothing_types" time="114.124" /><testcase classname="backend.tests.test_iteration59_avatar_features.TestHealthAndBasicEndpoints" name="test_health_endpoint" time="0.218" /><testcase classname="backend.tests.test_iteration59_avatar_features.TestHealthAndBasicEndpoints" name="test_music_library_endpoint" time="0.135" /></testsuite></testsuites>