<?xml version="1.0" encoding="utf-8"?><testsuites name="pytest tests"><testsuite name="pytest" errors="0" failures="1" skipped="0" tests="13" time="17.220" timestamp="2026-03-26T01:07:29.334337+00:00" hostname="agent-env-a301c09a-8b7e-4c74-83ed-b962badcd1af"><testcase classname="backend.tests.test_iteration106_storyboard_preview.TestGeneratePreviewEndpoint" name="test_generate_preview_endpoint_exists" time="2.803" /><testcase classname="backend.tests.test_iteration106_storyboard_preview.TestGeneratePreviewEndpoint" name="test_generate_preview_response_structure" time="1.742" /><testcase classname="backend.tests.test_iteration106_storyboard_preview.TestGeneratePreviewEndpoint" name="test_generate_preview_invalid_project_returns_404" time="1.631" /><testcase classname="backend.tests.test_iteration106_storyboard_preview.TestGeneratePreviewEndpoint" name="test_generate_preview_without_auth_returns_401" time="0.144" /><testcase classname="backend.tests.test_iteration106_storyboard_preview.TestPreviewStatusEndpoint" name="test_preview_status_endpoint_exists" time="0.550" /><testcase classname="backend.tests.test_iteration106_storyboard_preview.TestPreviewStatusEndpoint" name="test_preview_status_response_structure" time="0.263"><failure message="AssertionError: Expected 200, got 500&#10;assert 500 == 200&#10; +  where 500 = &lt;Response [500]&gt;.status_code">backend/tests/test_iteration106_storyboard_preview.py:132: in test_preview_status_response_structure
    assert response.status_code == 200, f"Expected 200, got {response.status_code}"
E   AssertionError: Expected 200, got 500
E   assert 500 == 200
E    +  where 500 = &lt;Response [500]&gt;.status_code</failure></testcase><testcase classname="backend.tests.test_iteration106_storyboard_preview.TestPreviewStatusEndpoint" name="test_preview_status_invalid_project_returns_404" time="0.943" /><testcase classname="backend.tests.test_iteration106_storyboard_preview.TestPreviewStatusEndpoint" name="test_preview_status_without_auth_returns_401" time="0.146" /><testcase classname="backend.tests.test_iteration106_storyboard_preview.TestPreviewGeneratorModule" name="test_preview_generator_module_exists" time="0.001" /><testcase classname="backend.tests.test_iteration106_storyboard_preview.TestPreviewGeneratorModule" name="test_preview_generator_has_required_functions" time="0.000" /><testcase classname="backend.tests.test_iteration106_storyboard_preview.TestProjectStatusIncludesPreviewFields" name="test_status_includes_preview_status" time="0.655" /><testcase classname="backend.tests.test_iteration106_storyboard_preview.TestProjectStatusIncludesPreviewFields" name="test_storyboard_endpoint_returns_panels" time="0.681" /><testcase classname="backend.tests.test_iteration106_storyboard_preview.TestPreviewGenerationE2E" name="test_trigger_preview_generation_and_check_status" time="7.584" /></testsuite></testsuites>