<?xml version="1.0" encoding="utf-8"?><testsuites name="pytest tests"><testsuite name="pytest" errors="0" failures="0" skipped="0" tests="13" time="6.323" timestamp="2026-03-18T21:13:05.659552+00:00" hostname="agent-env-a301c09a-8b7e-4c74-83ed-b962badcd1af"><testcase classname="backend.tests.test_iteration69_refactored_pipeline.TestHealthAndAuth" name="test_api_health" time="0.219" /><testcase classname="backend.tests.test_iteration69_refactored_pipeline.TestHealthAndAuth" name="test_login_valid_credentials" time="0.631" /><testcase classname="backend.tests.test_iteration69_refactored_pipeline.TestPipelineCoreRoutes" name="test_music_library_endpoint" time="0.148" /><testcase classname="backend.tests.test_iteration69_refactored_pipeline.TestPipelineCoreRoutes" name="test_pipeline_list_endpoint" time="1.517" /><testcase classname="backend.tests.test_iteration69_refactored_pipeline.TestPipelineCoreRoutes" name="test_saved_history_endpoint" time="0.510" /><testcase classname="backend.tests.test_iteration69_refactored_pipeline.TestPipelineCoreRoutes" name="test_step_labels_endpoint" time="0.278" /><testcase classname="backend.tests.test_iteration69_refactored_pipeline.TestPipelineCoreRoutes" name="test_get_pipeline_details" time="0.508" /><testcase classname="backend.tests.test_iteration69_refactored_pipeline.TestAvatarRoutes" name="test_avatars_list_endpoint" time="0.501" /><testcase classname="backend.tests.test_iteration69_refactored_pipeline.TestPipelineModuleImports" name="test_routes_from_routes_module" time="0.171" /><testcase classname="backend.tests.test_iteration69_refactored_pipeline.TestPipelineModuleImports" name="test_routes_from_avatar_routes_module" time="0.582" /><testcase classname="backend.tests.test_iteration69_refactored_pipeline.TestPipelineModuleImports" name="test_pipeline_config_constants" time="0.286" /><testcase classname="backend.tests.test_iteration69_refactored_pipeline.TestErrorHandling" name="test_unauthorized_access" time="0.158" /><testcase classname="backend.tests.test_iteration69_refactored_pipeline.TestErrorHandling" name="test_nonexistent_pipeline" time="0.735" /></testsuite></testsuites>