<?xml version="1.0" encoding="utf-8"?><testsuites name="pytest tests"><testsuite name="pytest" errors="0" failures="0" skipped="0" tests="18" time="10.549" timestamp="2026-04-23T05:17:47.215745+00:00" hostname="agent-env-08c6580b-df6e-48ea-9bb8-881e4b4c7595"><testcase classname="backend.tests.test_mindset_templates.TestMindsetTemplatesList" name="test_list_templates_returns_200" time="2.753" /><testcase classname="backend.tests.test_mindset_templates.TestMindsetTemplatesList" name="test_list_templates_returns_9_templates" time="0.169" /><testcase classname="backend.tests.test_mindset_templates.TestMindsetTemplatesList" name="test_list_templates_has_all_expected_ids" time="0.159" /><testcase classname="backend.tests.test_mindset_templates.TestMindsetTemplatesList" name="test_list_templates_has_count_field" time="0.157" /><testcase classname="backend.tests.test_mindset_templates.TestMindsetTemplatesList" name="test_list_templates_has_active_by_category" time="0.184" /><testcase classname="backend.tests.test_mindset_templates.TestMindsetTemplatesList" name="test_bibizoo_template_structure" time="0.154" /><testcase classname="backend.tests.test_mindset_templates.TestMindsetTemplatesApply" name="test_apply_bibizoo_returns_200" time="0.162" /><testcase classname="backend.tests.test_mindset_templates.TestMindsetTemplatesApply" name="test_apply_bibizoo_response_structure" time="0.163" /><testcase classname="backend.tests.test_mindset_templates.TestMindsetTemplatesApply" name="test_apply_bibizoo_updates_mindset_file" time="0.359" /><testcase classname="backend.tests.test_mindset_templates.TestMindsetTemplatesApply" name="test_apply_bibizoo_updates_screenwriter_agent" time="0.336" /><testcase classname="backend.tests.test_mindset_templates.TestMindsetTemplatesApply" name="test_apply_invalid_template_returns_404" time="0.157" /><testcase classname="backend.tests.test_mindset_templates.TestMindsetTemplatesDeactivate" name="test_deactivate_returns_200" time="0.329" /><testcase classname="backend.tests.test_mindset_templates.TestMindsetTemplatesDeactivate" name="test_deactivate_response_structure" time="0.331" /><testcase classname="backend.tests.test_mindset_templates.TestMindsetTemplatesDeactivate" name="test_deactivate_updates_mindset_file" time="0.496" /><testcase classname="backend.tests.test_mindset_templates.TestEditHistory" name="test_apply_adds_edit_history_to_mindset" time="0.503" /><testcase classname="backend.tests.test_mindset_templates.TestEditHistory" name="test_apply_adds_edit_history_to_agents" time="0.489" /><testcase classname="backend.tests.test_mindset_templates.TestDeleteProjectRegression" name="test_create_and_delete_project" time="3.204" /><testcase classname="backend.tests.test_mindset_templates.TestCleanup" name="test_cleanup_deactivate_mindset" time="0.370" /></testsuite></testsuites>