<?xml version="1.0" encoding="utf-8"?><testsuites name="pytest tests"><testsuite name="pytest" errors="0" failures="0" skipped="0" tests="17" time="22.948" timestamp="2026-03-24T19:40:08.199976+00:00" hostname="agent-env-a301c09a-8b7e-4c74-83ed-b962badcd1af"><testcase classname="tests.test_iteration100_preview_board.TestPreviewBoardBackend" name="test_health_check" time="1.245" /><testcase classname="tests.test_iteration100_preview_board.TestPreviewBoardBackend" name="test_login_valid_credentials" time="1.488" /><testcase classname="tests.test_iteration100_preview_board.TestPreviewBoardBackend" name="test_login_invalid_credentials" time="0.935" /><testcase classname="tests.test_iteration100_preview_board.TestPreviewBoardBackend" name="test_studio_projects_list" time="1.259" /><testcase classname="tests.test_iteration100_preview_board.TestPreviewBoardBackend" name="test_generate_preview_no_scenes" time="3.033" /><testcase classname="tests.test_iteration100_preview_board.TestPreviewBoardBackend" name="test_generate_preview_endpoint_exists" time="1.290" /><testcase classname="tests.test_iteration100_preview_board.TestPreviewBoardBackend" name="test_get_preview_endpoint_exists" time="1.154" /><testcase classname="tests.test_iteration100_preview_board.TestPreviewBoardBackend" name="test_get_preview_returns_correct_fields" time="2.792" /><testcase classname="tests.test_iteration100_preview_board.TestPreviewBoardBackend" name="test_helper_functions_importable" time="2.669" /><testcase classname="tests.test_iteration100_preview_board.TestPreviewBoardBackend" name="test_build_production_design_importable" time="0.846" /><testcase classname="tests.test_iteration100_preview_board.TestPreviewBoardBackend" name="test_create_composite_avatar_importable" time="0.698" /><testcase classname="tests.test_iteration100_preview_board.TestPreviewBoardBackend" name="test_generate_preview_task_importable" time="0.697" /><testcase classname="tests.test_iteration100_preview_board.TestPreviewBoardBackend" name="test_project_with_scenes_can_generate_preview" time="2.023" /><testcase classname="tests.test_iteration100_preview_board.TestPreviewBoardBackend" name="test_start_production_endpoint" time="1.113" /><testcase classname="tests.test_iteration100_preview_board.TestPreviewBoardBackend" name="test_voices_endpoint" time="0.798" /><testcase classname="tests.test_iteration100_preview_board.TestPreviewBoardBackend" name="test_music_library_endpoint" time="0.825" /><testcase classname="tests.test_iteration100_preview_board.TestPipelineV5SkipLogic" name="test_run_multi_scene_production_has_skip_logic" time="0.006" /></testsuite></testsuites>