<?xml version="1.0" encoding="utf-8"?><testsuites name="pytest tests"><testsuite name="pytest" errors="0" failures="0" skipped="0" tests="13" time="17.593" timestamp="2026-03-17T04:58:07.888220+00:00" hostname="agent-env-a301c09a-8b7e-4c74-83ed-b962badcd1af"><testcase classname="backend.tests.test_iteration60_data_persistence.TestDataPersistenceAPI" name="test_get_companies_returns_array" time="1.030" /><testcase classname="backend.tests.test_iteration60_data_persistence.TestDataPersistenceAPI" name="test_create_company" time="1.383" /><testcase classname="backend.tests.test_iteration60_data_persistence.TestDataPersistenceAPI" name="test_update_company_by_id" time="1.457" /><testcase classname="backend.tests.test_iteration60_data_persistence.TestDataPersistenceAPI" name="test_set_primary_company" time="1.874" /><testcase classname="backend.tests.test_iteration60_data_persistence.TestDataPersistenceAPI" name="test_delete_company" time="1.894" /><testcase classname="backend.tests.test_iteration60_data_persistence.TestDataPersistenceAPI" name="test_get_avatars_returns_array" time="0.852" /><testcase classname="backend.tests.test_iteration60_data_persistence.TestDataPersistenceAPI" name="test_create_avatar" time="1.383" /><testcase classname="backend.tests.test_iteration60_data_persistence.TestDataPersistenceAPI" name="test_update_avatar_by_id" time="1.462" /><testcase classname="backend.tests.test_iteration60_data_persistence.TestDataPersistenceAPI" name="test_delete_avatar" time="1.826" /><testcase classname="backend.tests.test_iteration60_data_persistence.TestDataPersistenceAPI" name="test_delete_all_avatars" time="2.314" /><testcase classname="backend.tests.test_iteration60_data_persistence.TestDataPersistenceAPI" name="test_create_company_without_auth_fails" time="0.611" /><testcase classname="backend.tests.test_iteration60_data_persistence.TestDataPersistenceAPI" name="test_get_avatars_without_auth_fails" time="0.616" /><testcase classname="backend.tests.test_iteration60_data_persistence.TestExistingAgentZZCompany" name="test_agentzz_company_exists" time="0.829" /></testsuite></testsuites>