<?xml version="1.0" encoding="utf-8"?><testsuites name="pytest tests"><testsuite name="pytest" errors="0" failures="0" skipped="0" tests="20" time="4.768" timestamp="2026-03-26T02:42:19.167571+00:00" hostname="agent-env-a301c09a-8b7e-4c74-83ed-b962badcd1af"><testcase classname="tests.test_iteration109_filmstrip.TestStoryboardFramesAPI" name="test_get_storyboard_returns_panels" time="2.192" /><testcase classname="tests.test_iteration109_filmstrip.TestStoryboardFramesAPI" name="test_panel_1_has_6_frames" time="0.935" /><testcase classname="tests.test_iteration109_filmstrip.TestStoryboardFramesAPI" name="test_frame_labels_correct" time="0.806" /><testcase classname="tests.test_iteration109_filmstrip.TestStoryboardFramesAPI" name="test_panels_2_to_20_have_zero_frames" time="0.762" /><testcase classname="tests.test_iteration109_filmstrip.TestFrontendFilmstripLayout" name="test_selected_frames_state_exists" time="0.000" /><testcase classname="tests.test_iteration109_filmstrip.TestFrontendFilmstripLayout" name="test_get_selected_frame_helper" time="0.000" /><testcase classname="tests.test_iteration109_filmstrip.TestFrontendFilmstripLayout" name="test_select_frame_function" time="0.000" /><testcase classname="tests.test_iteration109_filmstrip.TestFrontendFilmstripLayout" name="test_main_display_data_testid" time="0.000" /><testcase classname="tests.test_iteration109_filmstrip.TestFrontendFilmstripLayout" name="test_filmstrip_container_exists" time="0.000" /><testcase classname="tests.test_iteration109_filmstrip.TestFrontendFilmstripLayout" name="test_frame_thumb_data_testid" time="0.000" /><testcase classname="tests.test_iteration109_filmstrip.TestFrontendFilmstripLayout" name="test_selected_thumbnail_styling" time="0.000" /><testcase classname="tests.test_iteration109_filmstrip.TestFrontendFilmstripLayout" name="test_frame_label_badge_on_main_display" time="0.000" /><testcase classname="tests.test_iteration109_filmstrip.TestFrontendFilmstripLayout" name="test_single_image_fallback" time="0.000" /><testcase classname="tests.test_iteration109_filmstrip.TestFrontendFilmstripLayout" name="test_overlay_icons_on_hover" time="0.000" /><testcase classname="tests.test_iteration109_filmstrip.TestFrontendFilmstripLayout" name="test_horizontal_filmstrip_layout" time="0.000" /><testcase classname="tests.test_iteration109_filmstrip.TestFrontendFilmstripLayout" name="test_main_display_aspect_video" time="0.000" /><testcase classname="tests.test_iteration109_filmstrip.TestFrontendFilmstripLayout" name="test_no_grid_cols_3_for_frames" time="0.000" /><testcase classname="tests.test_iteration109_filmstrip.TestFilmstripInteraction" name="test_thumbnail_click_calls_select_frame" time="0.000" /><testcase classname="tests.test_iteration109_filmstrip.TestFilmstripInteraction" name="test_active_frame_updates_main_display" time="0.000" /><testcase classname="tests.test_iteration109_filmstrip.TestFilmstripInteraction" name="test_active_idx_comparison" time="0.000" /></testsuite></testsuites>