<?xml version="1.0" encoding="utf-8"?><testsuites name="pytest tests"><testsuite name="pytest" errors="0" failures="0" skipped="0" tests="4" time="5.002" timestamp="2026-03-14T17:21:50.503118+00:00" hostname="agent-env-a301c09a-8b7e-4c74-83ed-b962badcd1af"><testcase classname="backend.tests.test_pipeline_iteration27.TestPipelineAPI" name="test_pipeline_accepts_media_formats" time="1.091" /><testcase classname="backend.tests.test_pipeline_iteration27.TestPipelineAPI" name="test_pipeline_accepts_address_in_contact_info" time="1.912" /><testcase classname="backend.tests.test_pipeline_iteration27.TestMusicDirectory" name="test_music_directory_has_5_tracks" time="0.000" /><testcase classname="backend.tests.test_pipeline_iteration27.TestPipelineModel" name="test_pipeline_model_fields" time="1.945" /></testsuite></testsuites>