<?xml version="1.0" encoding="utf-8"?><testsuites name="pytest tests"><testsuite name="pytest" errors="0" failures="1" skipped="0" tests="15" time="19.994" timestamp="2026-03-28T00:41:05.699564+00:00" hostname="agent-env-a301c09a-8b7e-4c74-83ed-b962badcd1af"><testcase classname="backend.tests.test_iteration123_project_avatars.TestAuth" name="test_login_success" time="0.995" /><testcase classname="backend.tests.test_iteration123_project_avatars.TestGlobalAvatarLibrary" name="test_get_global_avatars_requires_auth" time="0.117" /><testcase classname="backend.tests.test_iteration123_project_avatars.TestGlobalAvatarLibrary" name="test_get_global_avatars_success" time="1.813" /><testcase classname="backend.tests.test_iteration123_project_avatars.TestProjectAvatarsEndpoints" name="test_get_project_avatars_requires_auth" time="0.171" /><testcase classname="backend.tests.test_iteration123_project_avatars.TestProjectAvatarsEndpoints" name="test_get_project_avatars_success" time="1.045" /><testcase classname="backend.tests.test_iteration123_project_avatars.TestProjectAvatarsEndpoints" name="test_get_project_avatars_invalid_project" time="0.578" /><testcase classname="backend.tests.test_iteration123_project_avatars.TestProjectAvatarsEndpoints" name="test_add_avatar_to_project" time="1.598" /><testcase classname="backend.tests.test_iteration123_project_avatars.TestProjectAvatarsEndpoints" name="test_add_avatar_with_save_to_library" time="2.088"><failure message="AssertionError: Avatar not in global library: ['bb58c51085c9', '1774041247032', '1774059618883', '1774065673283', '1774138860506']...&#10;assert 'TEST_LIB_df8797b2' in ['bb58c51085c9', '1774041247032', '1774059618883', '1774065673283', '1774138860506', '1774251639546', ...]">backend/tests/test_iteration123_project_avatars.py:163: in test_add_avatar_with_save_to_library
    assert test_avatar["id"] in global_ids, f"Avatar not in global library: {global_ids[:5]}..."
E   AssertionError: Avatar not in global library: ['bb58c51085c9', '1774041247032', '1774059618883', '1774065673283', '1774138860506']...
E   assert 'TEST_LIB_df8797b2' in ['bb58c51085c9', '1774041247032', '1774059618883', '1774065673283', '1774138860506', '1774251639546', ...]</failure></testcase><testcase classname="backend.tests.test_iteration123_project_avatars.TestProjectAvatarsEndpoints" name="test_remove_avatar_from_project" time="1.917" /><testcase classname="backend.tests.test_iteration123_project_avatars.TestImportFromLibrary" name="test_import_requires_auth" time="0.138" /><testcase classname="backend.tests.test_iteration123_project_avatars.TestImportFromLibrary" name="test_import_empty_ids_fails" time="0.618" /><testcase classname="backend.tests.test_iteration123_project_avatars.TestImportFromLibrary" name="test_import_from_library" time="3.199" /><testcase classname="backend.tests.test_iteration123_project_avatars.TestProjectStatusIncludesAvatars" name="test_project_status_has_project_avatars" time="0.546" /><testcase classname="backend.tests.test_iteration123_project_avatars.TestNewProjectStartsEmpty" name="test_create_project_has_empty_avatars" time="2.091" /><testcase classname="backend.tests.test_iteration123_project_avatars.TestNoCrossProjectPollution" name="test_avatars_isolated_between_projects" time="2.955" /></testsuite></testsuites>