<?xml version="1.0" encoding="utf-8"?><testsuites name="pytest tests"><testsuite name="pytest" errors="0" failures="0" skipped="0" tests="18" time="34.561" timestamp="2026-03-25T19:15:14.636085+00:00" hostname="agent-env-a301c09a-8b7e-4c74-83ed-b962badcd1af"><testcase classname="backend.tests.test_iteration104_settings_merge.TestAuthentication" name="test_login_success" time="1.156" /><testcase classname="backend.tests.test_iteration104_settings_merge.TestPatchSettingsEndpoint" name="test_patch_settings_endpoint_exists" time="2.784" /><testcase classname="backend.tests.test_iteration104_settings_merge.TestPatchSettingsEndpoint" name="test_patch_screenplay_approved_true" time="1.544" /><testcase classname="backend.tests.test_iteration104_settings_merge.TestPatchSettingsEndpoint" name="test_patch_screenplay_approved_false" time="1.735" /><testcase classname="backend.tests.test_iteration104_settings_merge.TestPatchSettingsEndpoint" name="test_patch_audio_mode" time="2.373" /><testcase classname="backend.tests.test_iteration104_settings_merge.TestPatchSettingsEndpoint" name="test_patch_visual_style" time="1.938" /><testcase classname="backend.tests.test_iteration104_settings_merge.TestPatchSettingsEndpoint" name="test_patch_animation_sub" time="1.158" /><testcase classname="backend.tests.test_iteration104_settings_merge.TestPatchSettingsEndpoint" name="test_patch_continuity_mode" time="1.193" /><testcase classname="backend.tests.test_iteration104_settings_merge.TestPatchSettingsEndpoint" name="test_patch_language" time="1.154" /><testcase classname="backend.tests.test_iteration104_settings_merge.TestPatchSettingsEndpoint" name="test_patch_multiple_settings" time="1.933" /><testcase classname="backend.tests.test_iteration104_settings_merge.TestPatchSettingsEndpoint" name="test_patch_ignores_non_whitelisted_keys" time="1.861" /><testcase classname="backend.tests.test_iteration104_settings_merge.TestPatchSettingsEndpoint" name="test_patch_invalid_project_returns_404" time="0.740" /><testcase classname="backend.tests.test_iteration104_settings_merge.TestGetStatusEndpoint" name="test_status_includes_screenplay_approved_field" time="0.728" /><testcase classname="backend.tests.test_iteration104_settings_merge.TestGetStatusEndpoint" name="test_status_includes_audio_mode_field" time="0.680" /><testcase classname="backend.tests.test_iteration104_settings_merge.TestGetStatusEndpoint" name="test_status_response_structure" time="0.642" /><testcase classname="backend.tests.test_iteration104_settings_merge.TestMilestoneOnScreenplayApproval" name="test_milestone_added_on_approval" time="7.909" /><testcase classname="backend.tests.test_iteration104_settings_merge.TestSceneMergeLogic" name="test_project_can_have_scenes_injected" time="3.067" /><testcase classname="backend.tests.test_iteration104_settings_merge.TestExistingProjectWithScenes" name="test_existing_project_status" time="1.881" /></testsuite></testsuites>