<?xml version="1.0" encoding="utf-8"?><testsuites name="pytest tests"><testsuite name="pytest" errors="0" failures="1" skipped="0" tests="12" time="200.330" timestamp="2026-03-19T05:48:59.421360+00:00" hostname="agent-env-a301c09a-8b7e-4c74-83ed-b962badcd1af"><testcase classname="backend.tests.test_iteration71_avatar_features.TestHealthAndAuth" name="test_health_check" time="0.194"><failure message="AssertionError: assert 'ok' == 'healthy'&#10;  &#10;  - healthy&#10;  + ok">backend/tests/test_iteration71_avatar_features.py:46: in test_health_check
    assert data.get("status") == "healthy"
E   AssertionError: assert 'ok' == 'healthy'
E     
E     - healthy
E     + ok</failure></testcase><testcase classname="backend.tests.test_iteration71_avatar_features.TestHealthAndAuth" name="test_login_success" time="0.651" /><testcase classname="backend.tests.test_iteration71_avatar_features.TestGenerateAvatarFromPrompt" name="test_avatar_from_prompt_realistic_returns_200" time="22.770" /><testcase classname="backend.tests.test_iteration71_avatar_features.TestGenerateAvatarFromPrompt" name="test_avatar_from_prompt_3d_cartoon_returns_200" time="19.849" /><testcase classname="backend.tests.test_iteration71_avatar_features.TestGenerateAvatarFromPrompt" name="test_avatar_from_prompt_3d_pixar_returns_200" time="17.164" /><testcase classname="backend.tests.test_iteration71_avatar_features.TestGenerateAvatarFromPrompt" name="test_avatar_from_prompt_requires_prompt" time="21.119" /><testcase classname="backend.tests.test_iteration71_avatar_features.TestGenerateAvatarFromPrompt" name="test_avatar_from_prompt_default_style_is_realistic" time="17.634" /><testcase classname="backend.tests.test_iteration71_avatar_features.TestElevenLabsVoicesRegression" name="test_get_elevenlabs_voices" time="0.433" /><testcase classname="backend.tests.test_iteration71_avatar_features.TestVoicePreviewRegression" name="test_voice_preview_openai" time="2.509" /><testcase classname="backend.tests.test_iteration71_avatar_features.TestVoicePreviewRegression" name="test_voice_preview_elevenlabs" time="1.940" /><testcase classname="backend.tests.test_iteration71_avatar_features.TestAvatarFromPromptRequestModel" name="test_model_accepts_all_styles" time="57.108" /><testcase classname="backend.tests.test_iteration71_avatar_features.TestAvatarFromPromptRequestModel" name="test_model_accepts_gender_values" time="38.871" /></testsuite></testsuites>