<?xml version="1.0" encoding="utf-8"?><testsuites name="pytest tests"><testsuite name="pytest" errors="0" failures="0" skipped="0" tests="11" time="55.872" timestamp="2026-03-21T07:33:23.501333+00:00" hostname="agent-env-a301c09a-8b7e-4c74-83ed-b962badcd1af"><testcase classname="backend.tests.test_iteration82_art_gallery_images_fix.TestAuthAndHealth" name="test_backend_health" time="0.117" /><testcase classname="backend.tests.test_iteration82_art_gallery_images_fix.TestAuthAndHealth" name="test_login_success" time="0.440" /><testcase classname="backend.tests.test_iteration82_art_gallery_images_fix.TestCampaignsImagesField" name="test_get_campaigns_returns_images_in_stats" time="1.087" /><testcase classname="backend.tests.test_iteration82_art_gallery_images_fix.TestCampaignsImagesField" name="test_get_single_campaign_returns_images" time="1.609" /><testcase classname="backend.tests.test_iteration82_art_gallery_images_fix.TestPipelineImagesField" name="test_get_pipelines_returns_images_in_lucas_design" time="1.144" /><testcase classname="backend.tests.test_iteration82_art_gallery_images_fix.TestPipelineImagesField" name="test_pipeline_images_field_consistency" time="1.413" /><testcase classname="backend.tests.test_iteration82_art_gallery_images_fix.TestRegenerateSingleImageEndpoint" name="test_regenerate_endpoint_exists" time="19.344" /><testcase classname="backend.tests.test_iteration82_art_gallery_images_fix.TestRegenerateSingleImageEndpoint" name="test_regenerate_with_invalid_pipeline_returns_error" time="23.530" /><testcase classname="backend.tests.test_iteration82_art_gallery_images_fix.TestGenerateStyleImageEndpoint" name="test_generate_style_image_endpoint_exists" time="2.658" /><testcase classname="backend.tests.test_iteration82_art_gallery_images_fix.TestEditImageTextEndpoint" name="test_edit_image_text_endpoint_exists" time="1.219" /><testcase classname="backend.tests.test_iteration82_art_gallery_images_fix.TestDataIntegrity" name="test_campaign_pipeline_images_sync" time="3.242" /></testsuite></testsuites>