<?xml version="1.0" encoding="utf-8"?><testsuites name="pytest tests"><testsuite name="pytest" errors="0" failures="0" skipped="2" tests="11" time="5.986" timestamp="2026-03-15T00:11:25.378537+00:00" hostname="agent-env-a301c09a-8b7e-4c74-83ed-b962badcd1af"><testcase classname="backend.tests.test_iteration29_music_questionnaire.TestMusicLibraryAPI" name="test_music_library_returns_25_tracks" time="0.239" /><testcase classname="backend.tests.test_iteration29_music_questionnaire.TestMusicLibraryAPI" name="test_music_library_track_structure" time="0.182" /><testcase classname="backend.tests.test_iteration29_music_questionnaire.TestMusicLibraryAPI" name="test_music_library_has_all_categories" time="0.143" /><testcase classname="backend.tests.test_iteration29_music_questionnaire.TestMusicLibraryAPI" name="test_music_preview_endpoint_works" time="0.281" /><testcase classname="backend.tests.test_iteration29_music_questionnaire.TestMusicLibraryAPI" name="test_general_category_tracks" time="0.130" /><testcase classname="backend.tests.test_iteration29_music_questionnaire.TestCampaignAPI" name="test_campaigns_list_requires_auth" time="0.157" /><testcase classname="backend.tests.test_iteration29_music_questionnaire.TestCampaignAPI" name="test_campaigns_list_with_auth" time="1.136" /><testcase classname="backend.tests.test_iteration29_music_questionnaire.TestCampaignAPI" name="test_campaign_detail_with_video" time="1.044"><skipped type="pytest.skip" message="No campaigns with video found for testing">/app/backend/tests/test_iteration29_music_questionnaire.py:119: No campaigns with video found for testing</skipped></testcase><testcase classname="backend.tests.test_iteration29_music_questionnaire.TestCampaignAPI" name="test_campaign_has_pipeline_id_field" time="1.026"><skipped type="pytest.skip" message="No AI pipeline campaigns found">/app/backend/tests/test_iteration29_music_questionnaire.py:133: No AI pipeline campaigns found</skipped></testcase><testcase classname="backend.tests.test_iteration29_music_questionnaire.TestPipelineAPI" name="test_pipeline_create_accepts_new_fields" time="1.579" /><testcase classname="backend.tests.test_iteration29_music_questionnaire.TestFormatBadges" name="test_expected_format_ratios" time="0.000" /></testsuite></testsuites>