<?xml version="1.0" encoding="utf-8"?><testsuites name="pytest tests"><testsuite name="pytest" errors="0" failures="2" skipped="0" tests="12" time="40.105" timestamp="2026-03-29T00:21:56.267505+00:00" hostname="agent-env-a301c09a-8b7e-4c74-83ed-b962badcd1af"><testcase classname="backend.tests.test_iteration127_voice_assignment.TestVoiceMapEndpoints" name="test_get_voice_map_endpoint_exists" time="2.053" /><testcase classname="backend.tests.test_iteration127_voice_assignment.TestVoiceMapEndpoints" name="test_get_voice_map_has_required_fields" time="1.396" /><testcase classname="backend.tests.test_iteration127_voice_assignment.TestVoiceMapEndpoints" name="test_voice_map_has_characters" time="1.373" /><testcase classname="backend.tests.test_iteration127_voice_assignment.TestVoiceMapEndpoints" name="test_voice_details_structure" time="4.597"><failure message="requests.exceptions.JSONDecodeError: Expecting value: line 1 column 1 (char 0)">/root/.venv/lib/python3.11/site-packages/requests/models.py:976: in json
    return complexjson.loads(self.text, **kwargs)
           ^^^^^^^^^^^^^^^^^^^^^^^^^^^^^^^^^^^^^^
/usr/local/lib/python3.11/json/__init__.py:346: in loads
    return _default_decoder.decode(s)
           ^^^^^^^^^^^^^^^^^^^^^^^^^^
/usr/local/lib/python3.11/json/decoder.py:337: in decode
    obj, end = self.raw_decode(s, idx=_w(s, 0).end())
               ^^^^^^^^^^^^^^^^^^^^^^^^^^^^^^^^^^^^^^
/usr/local/lib/python3.11/json/decoder.py:355: in raw_decode
    raise JSONDecodeError("Expecting value", s, err.value) from None
E   json.decoder.JSONDecodeError: Expecting value: line 1 column 1 (char 0)

During handling of the above exception, another exception occurred:
backend/tests/test_iteration127_voice_assignment.py:85: in test_voice_details_structure
    data = response.json()
           ^^^^^^^^^^^^^^^
/root/.venv/lib/python3.11/site-packages/requests/models.py:980: in json
    raise RequestsJSONDecodeError(e.msg, e.doc, e.pos)
E   requests.exceptions.JSONDecodeError: Expecting value: line 1 column 1 (char 0)</failure></testcase><testcase classname="backend.tests.test_iteration127_voice_assignment.TestAutoAssignVoices" name="test_auto_assign_voices_endpoint_exists" time="7.230" /><testcase classname="backend.tests.test_iteration127_voice_assignment.TestAutoAssignVoices" name="test_auto_assign_returns_voice_map" time="6.934" /><testcase classname="backend.tests.test_iteration127_voice_assignment.TestAutoAssignVoices" name="test_auto_assign_maps_all_characters" time="2.181" /><testcase classname="backend.tests.test_iteration127_voice_assignment.TestUpdateVoiceMap" name="test_update_voice_map_endpoint_exists" time="1.677" /><testcase classname="backend.tests.test_iteration127_voice_assignment.TestUpdateVoiceMap" name="test_update_voice_map_merges_with_existing" time="1.916" /><testcase classname="backend.tests.test_iteration127_voice_assignment.TestUpdateVoiceMap" name="test_update_voice_map_returns_voice_details" time="1.121"><failure message="AssertionError: Expected 200, got 500&#10;assert 500 == 200&#10; +  where 500 = &lt;Response [500]&gt;.status_code">backend/tests/test_iteration127_voice_assignment.py:209: in test_update_voice_map_returns_voice_details
    assert response.status_code == 200, f"Expected 200, got {response.status_code}"
E   AssertionError: Expected 200, got 500
E   assert 500 == 200
E    +  where 500 = &lt;Response [500]&gt;.status_code</failure></testcase><testcase classname="backend.tests.test_iteration127_voice_assignment.TestVoiceIdValidation" name="test_voice_ids_are_valid_elevenlabs_ids" time="1.768" /><testcase classname="backend.tests.test_iteration127_voice_assignment.TestVoiceMapPersistence" name="test_voice_map_persists_after_auto_assign" time="7.750" /></testsuite></testsuites>