<?xml version="1.0" encoding="utf-8"?><testsuites name="pytest tests"><testsuite name="pytest" errors="0" failures="0" skipped="0" tests="7" time="10.146" timestamp="2026-03-14T03:55:19.086047+00:00" hostname="agent-env-a301c09a-8b7e-4c74-83ed-b962badcd1af"><testcase classname="backend.tests.test_iteration24_delete_campaign.TestAuth" name="test_login_success" time="0.640" /><testcase classname="backend.tests.test_iteration24_delete_campaign.TestCampaignsCRUD" name="test_list_campaigns" time="1.235" /><testcase classname="backend.tests.test_iteration24_delete_campaign.TestCampaignsCRUD" name="test_create_and_delete_campaign" time="2.663" /><testcase classname="backend.tests.test_iteration24_delete_campaign.TestCampaignsCRUD" name="test_delete_nonexistent_campaign" time="1.137" /><testcase classname="backend.tests.test_iteration24_delete_campaign.TestCampaignActions" name="test_activate_campaign" time="1.707" /><testcase classname="backend.tests.test_iteration24_delete_campaign.TestCampaignActions" name="test_pause_campaign" time="1.598" /><testcase classname="backend.tests.test_iteration24_delete_campaign.TestSpecificCampaign" name="test_truck_brokers_campaign_exists" time="1.109" /></testsuite></testsuites>