<?xml version="1.0" encoding="utf-8"?><testsuites name="pytest tests"><testsuite name="pytest" errors="1" failures="1" skipped="0" tests="20" time="45.440" timestamp="2026-04-19T04:39:02.322664+00:00" hostname="agent-env-08c6580b-df6e-48ea-9bb8-881e4b4c7595"><testcase classname="backend.tests.test_iteration138_bookfactory_p0p1.TestHealthAndAuth" name="test_health_endpoint" time="0.204" /><testcase classname="backend.tests.test_iteration138_bookfactory_p0p1.TestHealthAndAuth" name="test_auth_login" time="1.316" /><testcase classname="backend.tests.test_iteration138_bookfactory_p0p1.TestBookCompositions" name="test_compositions_endpoint" time="1.519" /><testcase classname="backend.tests.test_iteration138_bookfactory_p0p1.TestBookCompositions" name="test_compositions_have_correct_agents" time="0.172" /><testcase classname="backend.tests.test_iteration138_bookfactory_p0p1.TestExistingProjectState" name="test_get_book_state" time="1.593" /><testcase classname="backend.tests.test_iteration138_bookfactory_p0p1.TestThemePatchEndpoint" name="test_theme_patch_requires_auth" time="0.146" /><testcase classname="backend.tests.test_iteration138_bookfactory_p0p1.TestThemePatchEndpoint" name="test_theme_patch_partial_update" time="2.164" /><testcase classname="backend.tests.test_iteration138_bookfactory_p0p1.TestThemePatchEndpoint" name="test_theme_patch_preserves_existing" time="2.402" /><testcase classname="backend.tests.test_iteration138_bookfactory_p0p1.TestThemePatchEndpoint" name="test_theme_patch_with_palette" time="1.084" /><testcase classname="backend.tests.test_iteration138_bookfactory_p0p1.TestRewriteSpreadEndpoint" name="test_rewrite_spread_requires_auth" time="0.184" /><testcase classname="backend.tests.test_iteration138_bookfactory_p0p1.TestRewriteSpreadEndpoint" name="test_rewrite_spread_invalid_index" time="0.620"><failure message="AssertionError: Should return 400 for invalid index: 500&#10;assert 500 == 400&#10; +  where 500 = &lt;Response [500]&gt;.status_code">backend/tests/test_iteration138_bookfactory_p0p1.py:279: in test_rewrite_spread_invalid_index
    assert response.status_code == 400, f"Should return 400 for invalid index: {response.status_code}"
E   AssertionError: Should return 400 for invalid index: 500
E   assert 500 == 400
E    +  where 500 = &lt;Response [500]&gt;.status_code</failure></testcase><testcase classname="backend.tests.test_iteration138_bookfactory_p0p1.TestRewriteSpreadEndpoint" name="test_rewrite_spread_missing_instructions" time="1.127" /><testcase classname="backend.tests.test_iteration138_bookfactory_p0p1.TestRewriteSpreadEndpoint" name="test_rewrite_spread_preserves_illustration_url" time="1.254" /><testcase classname="backend.tests.test_iteration138_bookfactory_p0p1.TestApplyReviewFixesEndpoint" name="test_apply_fixes_requires_auth" time="0.117" /><testcase classname="backend.tests.test_iteration138_bookfactory_p0p1.TestApplyReviewFixesEndpoint" name="test_apply_fixes_returns_structure" time="1.019" /><testcase classname="backend.tests.test_iteration138_bookfactory_p0p1.TestBackwardCompatibility" name="test_render_pdf_legacy_still_works" time="1.163" /><testcase classname="backend.tests.test_iteration138_bookfactory_p0p1.TestBackwardCompatibility" name="test_render_picturebook_still_works" time="21.925" /><testcase classname="backend.tests.test_iteration138_bookfactory_p0p1.TestNewProjectBookFlow" name="test_book_start_with_picturebook_format" time="3.593" /><testcase classname="backend.tests.test_iteration138_bookfactory_p0p1.TestNewProjectBookFlow" name="test_book_start_with_public_domain" time="0.183"><error message="failed on setup with &quot;AssertionError: Create project failed: Internal Server Error&#10;assert 500 in [200, 201]&#10; +  where 500 = &lt;Response [500]&gt;.status_code&quot;">backend/tests/test_iteration138_bookfactory_p0p1.py:435: in test_project
    assert response.status_code in [200, 201], f"Create project failed: {response.text}"
E   AssertionError: Create project failed: Internal Server Error
E   assert 500 in [200, 201]
E    +  where 500 = &lt;Response [500]&gt;.status_code</error></testcase><testcase classname="backend.tests.test_iteration138_bookfactory_p0p1.TestNewProjectBookFlow" name="test_book_start_with_free_mode" time="3.539" /></testsuite></testsuites>