<?xml version="1.0" encoding="utf-8"?><testsuites name="pytest tests"><testsuite name="pytest" errors="0" failures="0" skipped="0" tests="10" time="60.539" timestamp="2026-03-18T16:23:55.033347+00:00" hostname="agent-env-a301c09a-8b7e-4c74-83ed-b962badcd1af"><testcase classname="backend.tests.test_iteration67_features.TestAuthentication" name="test_login_success" time="0.695" /><testcase classname="backend.tests.test_iteration67_features.TestCampaignsList" name="test_campaigns_list_loads" time="1.214" /><testcase classname="backend.tests.test_iteration67_features.TestCampaignsList" name="test_find_new_amigas_campaign" time="0.557" /><testcase classname="backend.tests.test_iteration67_features.TestPipelineAPIs" name="test_pipeline_list_returns_data" time="1.160" /><testcase classname="backend.tests.test_iteration67_features.TestPipelineAPIs" name="test_new_pipeline_detail" time="0.464" /><testcase classname="backend.tests.test_iteration67_features.TestPipelineAPIs" name="test_old_pipeline_has_portuguese_language" time="0.440" /><testcase classname="backend.tests.test_iteration67_features.TestStyleFilters" name="test_all_style_filters_defined" time="0.442" /><testcase classname="backend.tests.test_iteration67_features.TestStyleFilters" name="test_regenerate_single_image_endpoint_exists" time="25.836" /><testcase classname="backend.tests.test_iteration67_features.TestEditImageTextAPI" name="test_edit_image_text_endpoint_exists" time="27.917" /><testcase classname="backend.tests.test_iteration67_features.TestCampaignDetail" name="test_get_campaign_with_portuguese_content" time="1.746" /></testsuite></testsuites>