<?xml version="1.0" encoding="utf-8"?><testsuites name="pytest tests"><testsuite name="pytest" errors="0" failures="0" skipped="5" tests="26" time="80.458" timestamp="2026-04-19T03:22:21.613000+00:00" hostname="agent-env-08c6580b-df6e-48ea-9bb8-881e4b4c7595"><testcase classname="backend.tests.test_iteration137_book_factory.TestBookFactorySetup" name="test_health_check" time="0.204" /><testcase classname="backend.tests.test_iteration137_book_factory.TestBookFactoryStaticEndpoints" name="test_get_trim_sizes" time="1.464" /><testcase classname="backend.tests.test_iteration137_book_factory.TestBookFactoryStaticEndpoints" name="test_get_compositions" time="0.192" /><testcase classname="backend.tests.test_iteration137_book_factory.TestBookFactoryPipeline" name="test_book_start_valid" time="3.922" /><testcase classname="backend.tests.test_iteration137_book_factory.TestBookFactoryPipeline" name="test_book_start_idempotent" time="1.050" /><testcase classname="backend.tests.test_iteration137_book_factory.TestBookFactoryPipeline" name="test_book_start_invalid_trim_size" time="6.526" /><testcase classname="backend.tests.test_iteration137_book_factory.TestBookFactoryPipeline" name="test_book_start_invalid_illustration_track" time="3.255" /><testcase classname="backend.tests.test_iteration137_book_factory.TestBookFactoryPipeline" name="test_approve_outline_without_outline" time="1.861" /><testcase classname="backend.tests.test_iteration137_book_factory.TestBookFactoryPipeline" name="test_book_state" time="2.280" /><testcase classname="backend.tests.test_iteration137_book_factory.TestBookFactoryCompositionResolver" name="test_composition_book_infantil_ilustrado_user_author" time="5.271" /><testcase classname="backend.tests.test_iteration137_book_factory.TestBookFactoryCompositionResolver" name="test_composition_book_infantil_ilustrado_public_domain" time="3.155" /><testcase classname="backend.tests.test_iteration137_book_factory.TestBookFactoryCompositionResolver" name="test_composition_book_romance_adulto_user_author" time="4.390" /><testcase classname="backend.tests.test_iteration137_book_factory.TestBookFactoryCompositionResolver" name="test_composition_book_tecnico_historico_public_domain" time="3.430" /><testcase classname="backend.tests.test_iteration137_book_factory.TestBookFactoryCompositionResolver" name="test_composition_both_parallel" time="4.697" /><testcase classname="backend.tests.test_iteration137_book_factory.TestBookFactoryCompositionResolver" name="test_composition_video_only" time="5.026" /><testcase classname="backend.tests.test_iteration137_book_factory.TestBookFactoryLLMEndpoints" name="test_generate_outline" time="4.988"><skipped type="pytest.skip" message="Emergent LLM proxy authentication failed - key may need refresh">/app/backend/tests/test_iteration137_book_factory.py:670: Emergent LLM proxy authentication failed - key may need refresh</skipped></testcase><testcase classname="backend.tests.test_iteration137_book_factory.TestBookFactoryLLMEndpoints" name="test_approve_outline" time="1.708"><skipped type="pytest.skip" message="No outline to approve - generate-outline test may have been skipped">/app/backend/tests/test_iteration137_book_factory.py:706: No outline to approve - generate-outline test may have been skipped</skipped></testcase><testcase classname="backend.tests.test_iteration137_book_factory.TestBookFactoryLLMEndpoints" name="test_generate_chapter_1" time="1.080"><skipped type="pytest.skip" message="No outline - generate-outline test may have been skipped">/app/backend/tests/test_iteration137_book_factory.py:729: No outline - generate-outline test may have been skipped</skipped></testcase><testcase classname="backend.tests.test_iteration137_book_factory.TestBookFactoryLLMEndpoints" name="test_generate_chapter_2_continuity" time="2.186"><skipped type="pytest.skip" message="Outline has less than 2 chapters">/app/backend/tests/test_iteration137_book_factory.py:770: Outline has less than 2 chapters</skipped></testcase><testcase classname="backend.tests.test_iteration137_book_factory.TestBookFactoryIllustrationPlan" name="test_plan_illustrations_no_chapters" time="4.657" /><testcase classname="backend.tests.test_iteration137_book_factory.TestBookFactoryIllustrationPlan" name="test_plan_illustrations_track_none" time="4.648" /><testcase classname="backend.tests.test_iteration137_book_factory.TestBookFactoryBackwardCompatibility" name="test_video_project_creation_still_works" time="4.755" /><testcase classname="backend.tests.test_iteration137_book_factory.TestBookFactoryBackwardCompatibility" name="test_existing_project_endpoints_work" time="1.590" /><testcase classname="backend.tests.test_iteration137_book_factory.TestBookFactoryBackwardCompatibility" name="test_book_factory_endpoints_accessible" time="0.365" /><testcase classname="backend.tests.test_iteration137_book_factory.TestBookFactoryPDFRendering" name="test_render_pdf_no_chapters" time="1.655"><skipped type="pytest.skip" message="Failed to create test project: Internal Server Error">/app/backend/tests/test_iteration137_book_factory.py:1023: Failed to create test project: Internal Server Error</skipped></testcase><testcase classname="backend.tests.test_iteration137_book_factory.TestBookFactoryPDFRendering" name="test_preflight_no_pdf" time="5.981" /></testsuite></testsuites>