<?xml version="1.0" encoding="utf-8"?><testsuites name="pytest tests"><testsuite name="pytest" errors="0" failures="0" skipped="0" tests="20" time="121.791" timestamp="2026-03-13T02:32:44.328387+00:00" hostname="agent-env-a301c09a-8b7e-4c74-83ed-b962badcd1af"><testcase classname="backend.tests.test_iteration17_campaigns_marketing.TestCampaignsCRUD" name="test_health_check" time="0.689" /><testcase classname="backend.tests.test_iteration17_campaigns_marketing.TestCampaignsCRUD" name="test_list_campaigns" time="0.890" /><testcase classname="backend.tests.test_iteration17_campaigns_marketing.TestCampaignsCRUD" name="test_create_campaign" time="0.957" /><testcase classname="backend.tests.test_iteration17_campaigns_marketing.TestCampaignsCRUD" name="test_get_campaign_by_id" time="1.402" /><testcase classname="backend.tests.test_iteration17_campaigns_marketing.TestCampaignsCRUD" name="test_activate_campaign" time="1.826" /><testcase classname="backend.tests.test_iteration17_campaigns_marketing.TestCampaignsCRUD" name="test_pause_campaign" time="2.187" /><testcase classname="backend.tests.test_iteration17_campaigns_marketing.TestCampaignsCRUD" name="test_delete_campaign" time="1.828" /><testcase classname="backend.tests.test_iteration17_campaigns_marketing.TestCampaignTemplates" name="test_list_templates" time="0.643" /><testcase classname="backend.tests.test_iteration17_campaigns_marketing.TestCreatives" name="test_list_creatives" time="0.871" /><testcase classname="backend.tests.test_iteration17_campaigns_marketing.TestCreatives" name="test_save_creative" time="0.849" /><testcase classname="backend.tests.test_iteration17_campaigns_marketing.TestCreatives" name="test_delete_creative" time="1.276" /><testcase classname="backend.tests.test_iteration17_campaigns_marketing.TestAIStudio" name="test_check_user_plan" time="1.317" /><testcase classname="backend.tests.test_iteration17_campaigns_marketing.TestAIStudio" name="test_studio_generate_copywriter" time="12.547" /><testcase classname="backend.tests.test_iteration17_campaigns_marketing.TestAIStudio" name="test_studio_generate_designer" time="18.189" /><testcase classname="backend.tests.test_iteration17_campaigns_marketing.TestAIStudio" name="test_studio_generate_reviewer" time="25.548" /><testcase classname="backend.tests.test_iteration17_campaigns_marketing.TestAIStudio" name="test_studio_generate_publisher" time="42.448" /><testcase classname="backend.tests.test_iteration17_campaigns_marketing.TestAIStudio" name="test_studio_invalid_agent" time="2.170" /><testcase classname="backend.tests.test_iteration17_campaigns_marketing.TestSeedData" name="test_seed_test_data" time="0.961" /><testcase classname="backend.tests.test_iteration17_campaigns_marketing.TestCleanup" name="test_cleanup_test_campaigns" time="3.588" /><testcase classname="backend.tests.test_iteration17_campaigns_marketing.TestCleanup" name="test_cleanup_test_creatives" time="1.511" /></testsuite></testsuites>