<?xml version="1.0" encoding="utf-8"?><testsuites name="pytest tests"><testsuite name="pytest" errors="0" failures="0" skipped="0" tests="14" time="22.137" timestamp="2026-03-17T06:17:28.980905+00:00" hostname="agent-env-a301c09a-8b7e-4c74-83ed-b962badcd1af"><testcase classname="backend.tests.test_iteration64_avatar_improvements.TestBackendStartup" name="test_backend_running" time="0.140" /><testcase classname="backend.tests.test_iteration64_avatar_improvements.TestAuthentication" name="test_login_returns_access_token" time="0.530" /><testcase classname="backend.tests.test_iteration64_avatar_improvements.TestAvatarGenerationEndpoints" name="test_generate_avatar_with_accuracy_accepts_logo_url" time="0.690" /><testcase classname="backend.tests.test_iteration64_avatar_improvements.TestAvatarGenerationEndpoints" name="test_generate_avatar_with_accuracy_status" time="0.432" /><testcase classname="backend.tests.test_iteration64_avatar_improvements.TestAvatarGenerationEndpoints" name="test_generate_avatar_variant_accepts_logo_url" time="19.089" /><testcase classname="backend.tests.test_iteration64_avatar_improvements.TestAvatarGenerationEndpoints" name="test_generate_avatar_360_accepts_logo_url" time="0.339" /><testcase classname="backend.tests.test_iteration64_avatar_improvements.TestCompaniesAndAvatarsData" name="test_get_companies" time="0.415" /><testcase classname="backend.tests.test_iteration64_avatar_improvements.TestCompaniesAndAvatarsData" name="test_get_avatars" time="0.434" /><testcase classname="backend.tests.test_iteration64_avatar_improvements.TestCodeVerification" name="test_pass_threshold_is_7" time="0.001" /><testcase classname="backend.tests.test_iteration64_avatar_improvements.TestCodeVerification" name="test_composite_logo_function_exists" time="0.001" /><testcase classname="backend.tests.test_iteration64_avatar_improvements.TestCodeVerification" name="test_gemini_edit_multi_ref_exists" time="0.000" /><testcase classname="backend.tests.test_iteration64_avatar_improvements.TestCodeVerification" name="test_avatar_accuracy_request_has_logo_url" time="0.001" /><testcase classname="backend.tests.test_iteration64_avatar_improvements.TestCodeVerification" name="test_json_parsing_uses_regex_first" time="0.000" /><testcase classname="backend.tests.test_iteration64_avatar_improvements.TestFrontendResolveImageUrl" name="test_resolve_image_url_file_exists" time="0.000" /></testsuite></testsuites>