<?xml version="1.0" encoding="utf-8"?><testsuites name="pytest tests"><testsuite name="pytest" errors="0" failures="0" skipped="0" tests="11" time="7.151" timestamp="2026-03-15T02:03:06.289615+00:00" hostname="agent-env-a301c09a-8b7e-4c74-83ed-b962badcd1af"><testcase classname="backend.tests.test_iteration31_pipeline_review.TestPipelineLabelsEndpoint" name="test_labels_endpoint_with_valid_pipeline_id" time="1.642" /><testcase classname="backend.tests.test_iteration31_pipeline_review.TestPipelineLabelsEndpoint" name="test_labels_include_rafael_review_video" time="0.769" /><testcase classname="backend.tests.test_iteration31_pipeline_review.TestMusicLibraryEndpoint" name="test_music_library_returns_25_tracks" time="0.120" /><testcase classname="backend.tests.test_iteration31_pipeline_review.TestMusicLibraryEndpoint" name="test_music_library_track_structure" time="0.106" /><testcase classname="backend.tests.test_iteration31_pipeline_review.TestMusicLibraryEndpoint" name="test_music_library_has_multiple_categories" time="0.364" /><testcase classname="backend.tests.test_iteration31_pipeline_review.TestPipelineConfiguration" name="test_platform_aspect_ratios_configured" time="0.622" /><testcase classname="backend.tests.test_iteration31_pipeline_review.TestPipelineConfiguration" name="test_step_models_configured_via_endpoint" time="0.746" /><testcase classname="backend.tests.test_iteration31_pipeline_review.TestAuthenticationFlow" name="test_login_with_test_credentials" time="0.478" /><testcase classname="backend.tests.test_iteration31_pipeline_review.TestDashboardStats" name="test_dashboard_stats_accessible" time="0.920" /><testcase classname="backend.tests.test_iteration31_pipeline_review.TestCampaignsEndpoint" name="test_campaigns_list" time="0.693" /><testcase classname="backend.tests.test_iteration31_pipeline_review.TestPipelineList" name="test_pipeline_list" time="0.621" /></testsuite></testsuites>