<?xml version="1.0" encoding="utf-8"?><testsuites name="pytest tests"><testsuite name="pytest" errors="0" failures="0" skipped="0" tests="13" time="26.305" timestamp="2026-03-24T19:03:07.180750+00:00" hostname="agent-env-a301c09a-8b7e-4c74-83ed-b962badcd1af"><testcase classname="tests.test_iteration99_studio_pipeline_v5.TestHealthAndAuth" name="test_health_endpoint" time="0.179" /><testcase classname="tests.test_iteration99_studio_pipeline_v5.TestHealthAndAuth" name="test_login_valid_credentials" time="1.287" /><testcase classname="tests.test_iteration99_studio_pipeline_v5.TestHealthAndAuth" name="test_login_invalid_credentials" time="0.914" /><testcase classname="tests.test_iteration99_studio_pipeline_v5.TestStudioProjectsAPI" name="test_get_studio_projects" time="1.864" /><testcase classname="tests.test_iteration99_studio_pipeline_v5.TestStudioProjectsAPI" name="test_create_studio_project" time="3.298" /><testcase classname="tests.test_iteration99_studio_pipeline_v5.TestStudioProjectsAPI" name="test_studio_chat_endpoint" time="5.005" /><testcase classname="tests.test_iteration99_studio_pipeline_v5.TestStudioProjectsAPI" name="test_get_project_status" time="8.838" /><testcase classname="tests.test_iteration99_studio_pipeline_v5.TestHelperFunctionsImportability" name="test_analyze_avatars_with_vision_importable" time="2.052" /><testcase classname="tests.test_iteration99_studio_pipeline_v5.TestHelperFunctionsImportability" name="test_build_production_design_importable" time="0.000" /><testcase classname="tests.test_iteration99_studio_pipeline_v5.TestHelperFunctionsImportability" name="test_create_composite_avatar_importable" time="0.000" /><testcase classname="tests.test_iteration99_studio_pipeline_v5.TestHelperFunctionsImportability" name="test_direct_sora2_client_importable" time="0.000" /><testcase classname="tests.test_iteration99_studio_pipeline_v5.TestStudioVoicesAndMusic" name="test_get_voices" time="1.552" /><testcase classname="tests.test_iteration99_studio_pipeline_v5.TestStudioVoicesAndMusic" name="test_get_music_library" time="1.245" /></testsuite></testsuites>