<?xml version="1.0" encoding="utf-8"?><testsuites name="pytest tests"><testsuite name="pytest" errors="0" failures="0" skipped="0" tests="18" time="20.246" timestamp="2026-03-17T04:59:27.453560+00:00" hostname="agent-env-a301c09a-8b7e-4c74-83ed-b962badcd1af"><testcase classname="backend.tests.test_iteration61_supabase_data_crud.TestCompaniesSupabaseCRUD" name="test_get_companies_returns_array_from_supabase" time="1.036" /><testcase classname="backend.tests.test_iteration61_supabase_data_crud.TestCompaniesSupabaseCRUD" name="test_get_companies_contains_agentzz" time="0.790" /><testcase classname="backend.tests.test_iteration61_supabase_data_crud.TestCompaniesSupabaseCRUD" name="test_create_company_generates_id" time="1.258" /><testcase classname="backend.tests.test_iteration61_supabase_data_crud.TestCompaniesSupabaseCRUD" name="test_create_company_with_custom_id" time="0.885" /><testcase classname="backend.tests.test_iteration61_supabase_data_crud.TestCompaniesSupabaseCRUD" name="test_create_company_as_primary_unsets_others" time="1.651" /><testcase classname="backend.tests.test_iteration61_supabase_data_crud.TestCompaniesSupabaseCRUD" name="test_update_company_preserves_created_at" time="1.423" /><testcase classname="backend.tests.test_iteration61_supabase_data_crud.TestCompaniesSupabaseCRUD" name="test_set_primary_company_endpoint" time="1.738" /><testcase classname="backend.tests.test_iteration61_supabase_data_crud.TestCompaniesSupabaseCRUD" name="test_delete_company_removes_from_jsonb" time="1.729" /><testcase classname="backend.tests.test_iteration61_supabase_data_crud.TestAvatarsSupabaseCRUD" name="test_get_avatars_returns_array" time="0.775" /><testcase classname="backend.tests.test_iteration61_supabase_data_crud.TestAvatarsSupabaseCRUD" name="test_create_avatar_full_fields" time="1.252" /><testcase classname="backend.tests.test_iteration61_supabase_data_crud.TestAvatarsSupabaseCRUD" name="test_update_avatar_by_id" time="1.342" /><testcase classname="backend.tests.test_iteration61_supabase_data_crud.TestAvatarsSupabaseCRUD" name="test_delete_single_avatar" time="1.646" /><testcase classname="backend.tests.test_iteration61_supabase_data_crud.TestAvatarsSupabaseCRUD" name="test_delete_all_avatars_returns_count" time="1.992" /><testcase classname="backend.tests.test_iteration61_supabase_data_crud.TestAuthRequired" name="test_companies_get_requires_auth" time="0.161" /><testcase classname="backend.tests.test_iteration61_supabase_data_crud.TestAuthRequired" name="test_companies_post_requires_auth" time="0.123" /><testcase classname="backend.tests.test_iteration61_supabase_data_crud.TestAuthRequired" name="test_avatars_get_requires_auth" time="0.121" /><testcase classname="backend.tests.test_iteration61_supabase_data_crud.TestAuthRequired" name="test_avatars_post_requires_auth" time="0.128" /><testcase classname="backend.tests.test_iteration61_supabase_data_crud.TestDataPersistenceAcrossSessions" name="test_data_persists_across_sessions" time="2.115" /></testsuite></testsuites>