<?xml version="1.0" encoding="utf-8"?><testsuites name="pytest tests"><testsuite name="pytest" errors="0" failures="0" skipped="0" tests="17" time="3.360" timestamp="2026-03-26T03:06:04.549824+00:00" hostname="agent-env-a301c09a-8b7e-4c74-83ed-b962badcd1af"><testcase classname="backend.tests.test_iteration110_storyboard_refactor.TestBackendCodeStructure" name="test_storyboard_py_has_generate_single_frame" time="0.000" /><testcase classname="backend.tests.test_iteration110_storyboard_refactor.TestBackendCodeStructure" name="test_storyboard_py_has_generate_all_frames_for_scene" time="0.000" /><testcase classname="backend.tests.test_iteration110_storyboard_refactor.TestBackendCodeStructure" name="test_storyboard_py_no_split_grid_into_frames" time="0.000" /><testcase classname="backend.tests.test_iteration110_storyboard_refactor.TestBackendCodeStructure" name="test_frame_types_has_6_entries" time="0.000" /><testcase classname="backend.tests.test_iteration110_storyboard_refactor.TestBackendCodeStructure" name="test_generate_all_panels_calls_generate_all_frames_for_scene" time="0.000" /><testcase classname="backend.tests.test_iteration110_storyboard_refactor.TestBackendCodeStructure" name="test_regenerate_panel_uses_generate_all_frames_for_scene" time="0.001" /><testcase classname="backend.tests.test_iteration110_storyboard_refactor.TestStartupCleanup" name="test_cleanup_stale_storyboards_exists" time="0.000" /><testcase classname="backend.tests.test_iteration110_storyboard_refactor.TestStartupCleanup" name="test_cleanup_called_on_startup" time="0.000" /><testcase classname="backend.tests.test_iteration110_storyboard_refactor.TestStartupCleanup" name="test_cleanup_resets_stale_statuses" time="0.000" /><testcase classname="backend.tests.test_iteration110_storyboard_refactor.TestStoryboardAPI" name="test_login_works" time="1.007" /><testcase classname="backend.tests.test_iteration110_storyboard_refactor.TestStoryboardAPI" name="test_get_storyboard_returns_panels" time="0.903" /><testcase classname="backend.tests.test_iteration110_storyboard_refactor.TestStoryboardAPI" name="test_panel_has_frames_data" time="0.730" /><testcase classname="backend.tests.test_iteration110_storyboard_refactor.TestStoryboardAPI" name="test_storyboard_status_structure" time="0.638" /><testcase classname="backend.tests.test_iteration110_storyboard_refactor.TestFrontendCodeStructure" name="test_toolbar_outside_image_overlay" time="0.000" /><testcase classname="backend.tests.test_iteration110_storyboard_refactor.TestFrontendCodeStructure" name="test_no_hover_overlay_for_editing" time="0.000" /><testcase classname="backend.tests.test_iteration110_storyboard_refactor.TestFrontendCodeStructure" name="test_voice_input_in_inpainting_section" time="0.000" /><testcase classname="backend.tests.test_iteration110_storyboard_refactor.TestFrontendCodeStructure" name="test_voice_input_has_proper_size" time="0.001" /></testsuite></testsuites>