<?xml version="1.0" encoding="utf-8"?><testsuites name="pytest tests"><testsuite name="pytest" errors="0" failures="0" skipped="0" tests="12" time="10.385" timestamp="2026-03-17T01:16:29.938174+00:00" hostname="agent-env-a301c09a-8b7e-4c74-83ed-b962badcd1af"><testcase classname="backend.tests.test_iteration58_accuracy_agent.TestAuthentication" name="test_login_returns_access_token" time="0.541" /><testcase classname="backend.tests.test_iteration58_accuracy_agent.TestAvatarAccuracyGeneration" name="test_accuracy_endpoint_exists" time="0.771" /><testcase classname="backend.tests.test_iteration58_accuracy_agent.TestAvatarAccuracyGeneration" name="test_accuracy_endpoint_returns_job_id" time="0.267" /><testcase classname="backend.tests.test_iteration58_accuracy_agent.TestAvatarAccuracyGeneration" name="test_accuracy_polling_endpoint" time="2.522" /><testcase classname="backend.tests.test_iteration58_accuracy_agent.TestAvatarAccuracyGeneration" name="test_accuracy_polling_returns_valid_response" time="3.601" /><testcase classname="backend.tests.test_iteration58_accuracy_agent.TestAvatarAccuracyGeneration" name="test_accuracy_polling_invalid_job" time="0.296" /><testcase classname="backend.tests.test_iteration58_accuracy_agent.TestAvatarVideoPreview" name="test_video_preview_endpoint_exists" time="0.767" /><testcase classname="backend.tests.test_iteration58_accuracy_agent.TestAvatarVideoPreview" name="test_video_preview_polling" time="1.542" /><testcase classname="backend.tests.test_iteration58_accuracy_agent.TestTranslationKeys" name="test_new_keys_in_pt_json" time="0.001" /><testcase classname="backend.tests.test_iteration58_accuracy_agent.TestTranslationKeys" name="test_new_keys_in_en_json" time="0.000" /><testcase classname="backend.tests.test_iteration58_accuracy_agent.TestTranslationKeys" name="test_new_keys_in_es_json" time="0.000" /><testcase classname="backend.tests.test_iteration58_accuracy_agent.TestPreviewTextsShortened" name="test_preview_texts_are_short" time="0.001" /></testsuite></testsuites>