<?xml version="1.0" encoding="utf-8"?><testsuites name="pytest tests"><testsuite name="pytest" errors="0" failures="0" skipped="0" tests="13" time="24.954" timestamp="2026-03-24T01:38:34.354171+00:00" hostname="agent-env-a301c09a-8b7e-4c74-83ed-b962badcd1af"><testcase classname="backend.tests.test_iteration96_analytics.TestAnalyticsEndpoint" name="test_analytics_endpoint_returns_valid_json" time="2.137" /><testcase classname="backend.tests.test_iteration96_analytics.TestAnalyticsEndpoint" name="test_analytics_summary_structure" time="1.738" /><testcase classname="backend.tests.test_iteration96_analytics.TestAnalyticsEndpoint" name="test_analytics_timing_structure" time="2.211" /><testcase classname="backend.tests.test_iteration96_analytics.TestAnalyticsEndpoint" name="test_analytics_pipeline_versions_structure" time="1.763" /><testcase classname="backend.tests.test_iteration96_analytics.TestAnalyticsEndpoint" name="test_analytics_cost_estimate_structure" time="2.480" /><testcase classname="backend.tests.test_iteration96_analytics.TestAnalyticsEndpoint" name="test_analytics_productions_is_list" time="2.175" /><testcase classname="backend.tests.test_iteration96_analytics.TestAnalyticsEndpoint" name="test_analytics_recommendations_is_list" time="2.502" /><testcase classname="backend.tests.test_iteration96_analytics.TestAnalyticsEndpoint" name="test_analytics_data_values" time="2.075" /><testcase classname="backend.tests.test_iteration96_analytics.TestExistingStudioEndpoints" name="test_get_projects_still_works" time="3.479" /><testcase classname="backend.tests.test_iteration96_analytics.TestExistingStudioEndpoints" name="test_start_production_validates_project" time="1.726" /><testcase classname="backend.tests.test_iteration96_analytics.TestExistingStudioEndpoints" name="test_delete_project_works" time="2.577" /><testcase classname="backend.tests.test_iteration96_analytics.TestClaudeRetryLogicCodeReview" name="test_call_claude_sync_has_5_retries" time="0.000" /><testcase classname="backend.tests.test_iteration96_analytics.TestClaudeRetryLogicCodeReview" name="test_call_claude_async_has_3_retries" time="0.000" /></testsuite></testsuites>