<?xml version="1.0" encoding="utf-8"?><testsuites name="pytest tests"><testsuite name="pytest" errors="0" failures="0" skipped="0" tests="16" time="11.444" timestamp="2026-03-12T04:59:00.715444+00:00" hostname="agent-env-c1c4cedd-360c-45c0-9ff0-fb366e33797e"><testcase classname="backend.tests.test_phase1_messaging.TestConversations" name="test_create_conversation" time="1.239" /><testcase classname="backend.tests.test_phase1_messaging.TestConversations" name="test_list_conversations" time="0.345" /><testcase classname="backend.tests.test_phase1_messaging.TestConversations" name="test_list_conversations_with_channel_filter" time="0.336" /><testcase classname="backend.tests.test_phase1_messaging.TestConversations" name="test_get_conversation_detail" time="0.686" /><testcase classname="backend.tests.test_phase1_messaging.TestMessages" name="test_send_message_to_conversation" time="1.050" /><testcase classname="backend.tests.test_phase1_messaging.TestMessages" name="test_get_messages_from_conversation" time="2.927" /><testcase classname="backend.tests.test_phase1_messaging.TestChannels" name="test_create_whatsapp_channel" time="0.515" /><testcase classname="backend.tests.test_phase1_messaging.TestChannels" name="test_list_channels" time="0.337" /><testcase classname="backend.tests.test_phase1_messaging.TestLeads" name="test_create_lead" time="0.347" /><testcase classname="backend.tests.test_phase1_messaging.TestLeads" name="test_list_leads" time="0.341" /><testcase classname="backend.tests.test_phase1_messaging.TestLeads" name="test_list_leads_with_stage_filter" time="0.685" /><testcase classname="backend.tests.test_phase1_messaging.TestLeads" name="test_update_lead_stage" time="0.704" /><testcase classname="backend.tests.test_phase1_messaging.TestLeads" name="test_get_lead_detail" time="0.703" /><testcase classname="backend.tests.test_phase1_messaging.TestWebhook" name="test_whatsapp_webhook_get_verify" time="0.100" /><testcase classname="backend.tests.test_phase1_messaging.TestWebhook" name="test_whatsapp_webhook_post_receives_message" time="0.677" /><testcase classname="backend.tests.test_phase1_messaging.TestDashboardStats" name="test_dashboard_stats_returns_real_data" time="0.366" /></testsuite></testsuites>