<?xml version="1.0" encoding="utf-8"?><testsuites name="pytest tests"><testsuite name="pytest" errors="0" failures="1" skipped="0" tests="7" time="25.053" timestamp="2026-03-16T01:12:09.722524+00:00" hostname="agent-env-a301c09a-8b7e-4c74-83ed-b962badcd1af"><testcase classname="backend.tests.test_avatar_video_mode.TestAvatarGeneration" name="test_generate_avatar_success" time="20.372" /><testcase classname="backend.tests.test_avatar_video_mode.TestAvatarGeneration" name="test_generate_avatar_requires_auth" time="0.168" /><testcase classname="backend.tests.test_avatar_video_mode.TestPresenterVideoEndpoint" name="test_generate_presenter_video_returns_503_without_fal_key" time="0.393" /><testcase classname="backend.tests.test_avatar_video_mode.TestPresenterVideoEndpoint" name="test_generate_presenter_video_requires_auth" time="0.155" /><testcase classname="backend.tests.test_avatar_video_mode.TestPipelineVideoModeFields" name="test_pipeline_accepts_video_mode_narration" time="0.565" /><testcase classname="backend.tests.test_avatar_video_mode.TestPipelineVideoModeFields" name="test_pipeline_accepts_video_mode_presenter" time="0.677" /><testcase classname="backend.tests.test_avatar_video_mode.TestPipelineVideoModeFields" name="test_pipeline_accepts_video_mode_none" time="2.649"><failure message="AssertionError: Pipeline creation failed: Internal Server Error&#10;assert 500 == 200&#10; +  where 500 = &lt;Response [500]&gt;.status_code">backend/tests/test_avatar_video_mode.py:159: in test_pipeline_accepts_video_mode_none
    assert response.status_code == 200, f"Pipeline creation failed: {response.text}"
E   AssertionError: Pipeline creation failed: Internal Server Error
E   assert 500 == 200
E    +  where 500 = &lt;Response [500]&gt;.status_code</failure></testcase></testsuite></testsuites>