<?xml version="1.0" encoding="utf-8"?><testsuites name="pytest tests"><testsuite name="pytest" errors="0" failures="0" skipped="0" tests="20" time="5.233" timestamp="2026-03-26T04:13:57.145886+00:00" hostname="agent-env-a301c09a-8b7e-4c74-83ed-b962badcd1af"><testcase classname="backend.tests.test_iteration111_whisper_storybook.TestFrameTypesStructure" name="test_frame_types_has_6_entries" time="0.000" /><testcase classname="backend.tests.test_iteration111_whisper_storybook.TestFrameTypesStructure" name="test_frame_types_has_order_field" time="0.000" /><testcase classname="backend.tests.test_iteration111_whisper_storybook.TestFrameTypesStructure" name="test_frame_types_has_narrative_prompts" time="0.000" /><testcase classname="backend.tests.test_iteration111_whisper_storybook.TestFrameTypesStructure" name="test_frame_types_no_camera_angles" time="0.000" /><testcase classname="backend.tests.test_iteration111_whisper_storybook.TestGenerateSingleFramePrompt" name="test_prompt_says_storybook_illustration" time="0.000" /><testcase classname="backend.tests.test_iteration111_whisper_storybook.TestGenerateSingleFramePrompt" name="test_prompt_says_standalone_page" time="0.000" /><testcase classname="backend.tests.test_iteration111_whisper_storybook.TestWhisperEmergentIntegration" name="test_llm_py_imports_emergentintegrations" time="0.000" /><testcase classname="backend.tests.test_iteration111_whisper_storybook.TestWhisperEmergentIntegration" name="test_speech_to_text_uses_emergent_llm_key" time="0.000" /><testcase classname="backend.tests.test_iteration111_whisper_storybook.TestWhisperEmergentIntegration" name="test_speech_to_text_not_direct_openai" time="0.000" /><testcase classname="backend.tests.test_iteration111_whisper_storybook.TestFrontendNoExpandButton" name="test_no_maximize2_import" time="0.000" /><testcase classname="backend.tests.test_iteration111_whisper_storybook.TestFrontendNoExpandButton" name="test_no_expanded_panel_state" time="0.000" /><testcase classname="backend.tests.test_iteration111_whisper_storybook.TestFrontendNoExpandButton" name="test_no_is_expanded_variable" time="0.000" /><testcase classname="backend.tests.test_iteration111_whisper_storybook.TestFrontendToolbarAndFilmstrip" name="test_toolbar_has_inpaint_button" time="0.000" /><testcase classname="backend.tests.test_iteration111_whisper_storybook.TestFrontendToolbarAndFilmstrip" name="test_toolbar_has_regen_button" time="0.000" /><testcase classname="backend.tests.test_iteration111_whisper_storybook.TestFrontendToolbarAndFilmstrip" name="test_toolbar_shows_pag_format" time="0.000" /><testcase classname="backend.tests.test_iteration111_whisper_storybook.TestFrontendToolbarAndFilmstrip" name="test_filmstrip_shows_page_numbers" time="0.000" /><testcase classname="backend.tests.test_iteration111_whisper_storybook.TestTranscribeAPIEndpoint" name="test_transcribe_endpoint_exists" time="4.015" /><testcase classname="backend.tests.test_iteration111_whisper_storybook.TestTranscribeAPIEndpoint" name="test_transcribe_uses_emergent_integration" time="0.000" /><testcase classname="backend.tests.test_iteration111_whisper_storybook.TestLoginAndBasicAPI" name="test_health_endpoint" time="0.140" /><testcase classname="backend.tests.test_iteration111_whisper_storybook.TestLoginAndBasicAPI" name="test_login_works" time="1.005" /></testsuite></testsuites>