<?xml version="1.0" encoding="utf-8"?><testsuites name="pytest tests"><testsuite name="pytest" errors="0" failures="1" skipped="0" tests="13" time="28.783" timestamp="2026-04-23T03:41:55.794554+00:00" hostname="agent-env-08c6580b-df6e-48ea-9bb8-881e4b4c7595"><testcase classname="backend.tests.test_p0p1_features.TestRegression" name="test_login_works" time="1.740" /><testcase classname="backend.tests.test_p0p1_features.TestRegression" name="test_projects_list_loads" time="3.019" /><testcase classname="backend.tests.test_p0p1_features.TestRegression" name="test_agents_page_endpoints" time="1.248" /><testcase classname="backend.tests.test_p0p1_features.TestContinuityAutoFix" name="test_auto_fix_with_existing_report_returns_processing" time="10.423" /><testcase classname="backend.tests.test_p0p1_features.TestContinuityAutoFix" name="test_auto_fix_without_report_returns_400" time="6.380" /><testcase classname="backend.tests.test_p0p1_features.TestTokenTracking" name="test_agent_metrics_has_token_fields" time="0.739"><failure message="AssertionError: Metrics failed: Internal Server Error&#10;assert 500 == 200&#10; +  where 500 = &lt;Response [500]&gt;.status_code">backend/tests/test_p0p1_features.py:170: in test_agent_metrics_has_token_fields
    assert response.status_code == 200, f"Metrics failed: {response.text[:200]}"
E   AssertionError: Metrics failed: Internal Server Error
E   assert 500 == 200
E    +  where 500 = &lt;Response [500]&gt;.status_code</failure></testcase><testcase classname="backend.tests.test_p0p1_features.TestProgressTracking" name="test_project_status_has_progress_fields" time="2.895" /><testcase classname="backend.tests.test_p0p1_features.TestCinemaQuality" name="test_project_has_production_quality_field" time="1.140" /><testcase classname="backend.tests.test_p0p1_features.TestLoudnessNormalization" name="test_loudnorm_filter_in_code" time="0.003" /><testcase classname="backend.tests.test_p0p1_features.TestCharacterBibleEnforcement" name="test_character_bible_in_screenwriter_code" time="0.005" /><testcase classname="backend.tests.test_p0p1_features.TestSceneRegenerate" name="test_do_regenerate_scene_function_exists" time="0.003" /><testcase classname="backend.tests.test_p0p1_features.TestLLMContext" name="test_llm_context_used_in_screenwriter" time="0.003" /><testcase classname="backend.tests.test_p0p1_features.TestContinuityAuditReport" name="test_get_continuity_report" time="1.097" /></testsuite></testsuites>