<?xml version="1.0" encoding="utf-8"?><testsuites name="pytest tests"><testsuite name="pytest" errors="0" failures="0" skipped="0" tests="10" time="15.930" timestamp="2026-03-19T04:05:05.256005+00:00" hostname="agent-env-a301c09a-8b7e-4c74-83ed-b962badcd1af"><testcase classname="tests.test_iteration70_elevenlabs.TestElevenLabsIntegration" name="test_health_check" time="0.903" /><testcase classname="tests.test_iteration70_elevenlabs.TestElevenLabsIntegration" name="test_login" time="0.477" /><testcase classname="tests.test_iteration70_elevenlabs.TestElevenLabsIntegration" name="test_get_elevenlabs_voices" time="0.250" /><testcase classname="tests.test_iteration70_elevenlabs.TestElevenLabsIntegration" name="test_voice_preview_elevenlabs" time="1.965" /><testcase classname="tests.test_iteration70_elevenlabs.TestElevenLabsIntegration" name="test_voice_preview_elevenlabs_liam" time="1.522" /><testcase classname="tests.test_iteration70_elevenlabs.TestElevenLabsIntegration" name="test_voice_preview_openai_regression" time="3.733" /><testcase classname="tests.test_iteration70_elevenlabs.TestElevenLabsIntegration" name="test_voice_preview_openai_onyx" time="2.859" /><testcase classname="tests.test_iteration70_elevenlabs.TestElevenLabsIntegration" name="test_voice_preview_default_type" time="3.184" /><testcase classname="tests.test_iteration70_elevenlabs.TestElevenLabsVoicesList" name="test_voices_have_correct_ids" time="0.701" /><testcase classname="tests.test_iteration70_elevenlabs.TestElevenLabsVoicesList" name="test_voices_have_gender" time="0.270" /></testsuite></testsuites>