<?xml version="1.0" encoding="utf-8"?><testsuites name="pytest tests"><testsuite name="pytest" errors="0" failures="0" skipped="0" tests="13" time="19.715" timestamp="2026-03-12T08:42:37.641322+00:00" hostname="agent-env-dafd721b-8df2-4c55-b961-dad5d3342365"><testcase classname="backend.tests.test_iteration10_crm_leads.TestCRMLeadsAPI" name="test_health_check" time="0.202" /><testcase classname="backend.tests.test_iteration10_crm_leads.TestCRMLeadsAPI" name="test_login_returns_token" time="0.571" /><testcase classname="backend.tests.test_iteration10_crm_leads.TestCRMLeadsAPI" name="test_list_leads" time="0.867" /><testcase classname="backend.tests.test_iteration10_crm_leads.TestCRMLeadsAPI" name="test_create_lead" time="0.425" /><testcase classname="backend.tests.test_iteration10_crm_leads.TestCRMLeadsAPI" name="test_get_lead_by_id" time="1.293" /><testcase classname="backend.tests.test_iteration10_crm_leads.TestCRMLeadsAPI" name="test_update_lead_stage" time="1.826" /><testcase classname="backend.tests.test_iteration10_crm_leads.TestCRMLeadsAPI" name="test_update_lead_multiple_fields" time="1.293" /><testcase classname="backend.tests.test_iteration10_crm_leads.TestCRMLeadsAPI" name="test_delete_lead" time="1.262" /><testcase classname="backend.tests.test_iteration10_crm_leads.TestCRMLeadsAPI" name="test_ai_score_lead" time="6.427" /><testcase classname="backend.tests.test_iteration10_crm_leads.TestCRMLeadsAPI" name="test_list_leads_with_stage_filter" time="0.417" /><testcase classname="backend.tests.test_iteration10_crm_leads.TestCRMLeadsAPI" name="test_get_nonexistent_lead" time="0.418" /><testcase classname="backend.tests.test_iteration10_crm_leads.TestCRMLeadsAPI" name="test_stage_transitions" time="1.674" /><testcase classname="backend.tests.test_iteration10_crm_leads.TestLeadsCleanup" name="test_cleanup_test_leads" time="2.959" /></testsuite></testsuites>