<?xml version="1.0" encoding="utf-8"?><testsuites name="pytest tests"><testsuite name="pytest" errors="0" failures="0" skipped="0" tests="13" time="7.349" timestamp="2026-03-16T22:59:42.557635+00:00" hostname="agent-env-a301c09a-8b7e-4c74-83ed-b962badcd1af"><testcase classname="backend.tests.test_iteration54_voice_video_preview.TestUploadVoiceRecording" name="test_upload_voice_recording_requires_auth" time="0.238" /><testcase classname="backend.tests.test_iteration54_voice_video_preview.TestUploadVoiceRecording" name="test_upload_voice_recording_rejects_non_audio" time="0.918" /><testcase classname="backend.tests.test_iteration54_voice_video_preview.TestUploadVoiceRecording" name="test_upload_voice_recording_success" time="1.274" /><testcase classname="backend.tests.test_iteration54_voice_video_preview.TestMasterVoice" name="test_master_voice_requires_auth" time="0.131" /><testcase classname="backend.tests.test_iteration54_voice_video_preview.TestMasterVoice" name="test_master_voice_with_invalid_url" time="0.324" /><testcase classname="backend.tests.test_iteration54_voice_video_preview.TestMasterVoice" name="test_master_voice_with_valid_audio" time="3.230" /><testcase classname="backend.tests.test_iteration54_voice_video_preview.TestAvatarVideoPreview" name="test_avatar_video_preview_post_requires_auth" time="0.153" /><testcase classname="backend.tests.test_iteration54_voice_video_preview.TestAvatarVideoPreview" name="test_avatar_video_preview_get_requires_auth" time="0.141" /><testcase classname="backend.tests.test_iteration54_voice_video_preview.TestAvatarVideoPreview" name="test_avatar_video_preview_get_invalid_job" time="0.372" /><testcase classname="backend.tests.test_iteration54_voice_video_preview.TestAvatarVideoPreview" name="test_avatar_video_preview_start_job" time="0.228" /><testcase classname="backend.tests.test_iteration54_voice_video_preview.TestAvatarVideoPreview" name="test_avatar_video_preview_poll_job" time="0.247" /><testcase classname="backend.tests.test_iteration54_voice_video_preview.TestTranslationKeys" name="test_voice_mastering_translations_exist" time="0.001" /><testcase classname="backend.tests.test_iteration54_voice_video_preview.TestTranslationKeys" name="test_video_preview_translations_exist" time="0.001" /></testsuite></testsuites>