<?xml version="1.0" encoding="utf-8"?><testsuites name="pytest tests"><testsuite name="pytest" errors="0" failures="0" skipped="0" tests="8" time="23.866" timestamp="2026-04-12T15:33:06.191242+00:00" hostname="agent-env-08c6580b-df6e-48ea-9bb8-881e4b4c7595"><testcase classname="backend.tests.test_iteration134_frame_edit.TestFrameEditing" name="test_get_storyboards_returns_frames" time="2.214" /><testcase classname="backend.tests.test_iteration134_frame_edit.TestFrameEditing" name="test_patch_update_frame_dialogue_text" time="4.370" /><testcase classname="backend.tests.test_iteration134_frame_edit.TestFrameEditing" name="test_patch_update_frame_image_prompt" time="4.022" /><testcase classname="backend.tests.test_iteration134_frame_edit.TestFrameEditing" name="test_patch_update_frame_kling_prompt" time="3.842" /><testcase classname="backend.tests.test_iteration134_frame_edit.TestFrameEditing" name="test_patch_update_multiple_fields" time="4.082" /><testcase classname="backend.tests.test_iteration134_frame_edit.TestFrameEditing" name="test_patch_missing_frame_number_returns_400" time="1.695" /><testcase classname="backend.tests.test_iteration134_frame_edit.TestFrameEditing" name="test_patch_no_editable_fields_returns_400" time="1.818" /><testcase classname="backend.tests.test_iteration134_frame_edit.TestFrameEditing" name="test_patch_nonexistent_frame_returns_404" time="1.753" /></testsuite></testsuites>