<?xml version="1.0" encoding="utf-8"?><testsuites name="pytest tests"><testsuite name="pytest" errors="0" failures="0" skipped="0" tests="6" time="3.777" timestamp="2026-03-14T17:40:27.978489+00:00" hostname="agent-env-a301c09a-8b7e-4c74-83ed-b962badcd1af"><testcase classname="backend.tests.test_music_library_iteration28.TestMusicLibraryAPI" name="test_music_library_returns_5_tracks" time="0.169" /><testcase classname="backend.tests.test_music_library_iteration28.TestMusicLibraryAPI" name="test_music_library_track_details" time="0.154" /><testcase classname="backend.tests.test_music_library_iteration28.TestMusicPreviewAPI" name="test_music_preview_upbeat_streams_audio" time="0.214" /><testcase classname="backend.tests.test_music_library_iteration28.TestMusicPreviewAPI" name="test_music_preview_all_tracks_stream" time="1.018" /><testcase classname="backend.tests.test_music_library_iteration28.TestMusicPreviewAPI" name="test_music_preview_invalid_track_returns_404" time="0.108" /><testcase classname="backend.tests.test_music_library_iteration28.TestPipelineSelectedMusic" name="test_pipeline_accepts_selected_music_field" time="2.049" /></testsuite></testsuites>