<?xml version="1.0" encoding="utf-8"?><testsuites name="pytest tests"><testsuite name="pytest" errors="0" failures="0" skipped="0" tests="9" time="37.923" timestamp="2026-03-16T23:19:59.620752+00:00" hostname="agent-env-a301c09a-8b7e-4c74-83ed-b962badcd1af"><testcase classname="backend.tests.test_iteration55_avatar_fixes.TestAvatarGenerationFix" name="test_generate_avatar_requires_auth" time="0.181" /><testcase classname="backend.tests.test_iteration55_avatar_fixes.TestAvatarGenerationFix" name="test_generate_avatar_without_source_image" time="18.810" /><testcase classname="backend.tests.test_iteration55_avatar_fixes.TestAvatarGenerationFix" name="test_generate_avatar_variant_requires_auth" time="0.148" /><testcase classname="backend.tests.test_iteration55_avatar_fixes.TestAvatarGenerationFix" name="test_generate_avatar_variant_no_images_error" time="17.961" /><testcase classname="backend.tests.test_iteration55_avatar_fixes.TestMasterVoiceStillWorks" name="test_master_voice_requires_auth" time="0.233" /><testcase classname="backend.tests.test_iteration55_avatar_fixes.TestMasterVoiceStillWorks" name="test_master_voice_invalid_url" time="0.527" /><testcase classname="backend.tests.test_iteration55_avatar_fixes.TestTranslationKeys" name="test_video_spec_keys_exist_in_pt" time="0.001" /><testcase classname="backend.tests.test_iteration55_avatar_fixes.TestTranslationKeys" name="test_video_spec_keys_exist_in_en" time="0.000" /><testcase classname="backend.tests.test_iteration55_avatar_fixes.TestTranslationKeys" name="test_video_spec_keys_exist_in_es" time="0.000" /></testsuite></testsuites>