<?xml version="1.0" encoding="utf-8"?><testsuites name="pytest tests"><testsuite name="pytest" errors="0" failures="0" skipped="0" tests="8" time="6.219" timestamp="2026-03-13T00:39:56.052710+00:00" hostname="agent-env-96cb78fa-76c4-49ba-8a9f-c0d2e0d0e369"><testcase classname="backend.tests.test_iteration16_agent_integrations.TestGoogleStatus" name="test_google_status_returns_valid_response" time="1.000" /><testcase classname="backend.tests.test_iteration16_agent_integrations.TestGoogleListEndpoints" name="test_calendar_list_requires_connection" time="0.379" /><testcase classname="backend.tests.test_iteration16_agent_integrations.TestGoogleListEndpoints" name="test_sheets_list_requires_connection" time="0.345" /><testcase classname="backend.tests.test_iteration16_agent_integrations.TestAgentIntegrationsConfig" name="test_save_integrations_config" time="1.797" /><testcase classname="backend.tests.test_iteration16_agent_integrations.TestAgentIntegrationsConfig" name="test_verify_integrations_config_persisted" time="0.524" /><testcase classname="backend.tests.test_iteration16_agent_integrations.TestAgentIntegrationsConfig" name="test_update_google_drive_toggle" time="1.048" /><testcase classname="backend.tests.test_iteration16_agent_integrations.TestAgentConfigPage" name="test_agent_has_all_config_sections" time="0.530" /><testcase classname="backend.tests.test_iteration16_agent_integrations.TestAgentConfigPage" name="test_agent_basic_fields" time="0.530" /></testsuite></testsuites>