<?xml version="1.0" encoding="utf-8"?><testsuites name="pytest tests"><testsuite name="pytest" errors="0" failures="0" skipped="0" tests="20" time="2.790" timestamp="2026-03-15T00:34:32.246696+00:00" hostname="agent-env-a301c09a-8b7e-4c74-83ed-b962badcd1af"><testcase classname="backend.tests.test_iteration30_revision_loop.TestParseReviewDecision" name="test_explicit_approved" time="1.966" /><testcase classname="backend.tests.test_iteration30_revision_loop.TestParseReviewDecision" name="test_explicit_revision_needed" time="0.000" /><testcase classname="backend.tests.test_iteration30_revision_loop.TestParseReviewDecision" name="test_explicit_rejected" time="0.000" /><testcase classname="backend.tests.test_iteration30_revision_loop.TestParseReviewDecision" name="test_implicit_problema_critico" time="0.000" /><testcase classname="backend.tests.test_iteration30_revision_loop.TestParseReviewDecision" name="test_implicit_critical_problem" time="0.000" /><testcase classname="backend.tests.test_iteration30_revision_loop.TestParseReviewDecision" name="test_implicit_wrong_language" time="0.000" /><testcase classname="backend.tests.test_iteration30_revision_loop.TestParseReviewDecision" name="test_implicit_low_score_3_10" time="0.001" /><testcase classname="backend.tests.test_iteration30_revision_loop.TestParseReviewDecision" name="test_implicit_low_score_4_10" time="0.000" /><testcase classname="backend.tests.test_iteration30_revision_loop.TestParseReviewDecision" name="test_approved_with_high_score" time="0.000" /><testcase classname="backend.tests.test_iteration30_revision_loop.TestParseReviewDecision" name="test_implicit_idioma_incorrecto_spanish" time="0.000" /><testcase classname="backend.tests.test_iteration30_revision_loop.TestParseReviewDecision" name="test_implicit_language_mismatch" time="0.000" /><testcase classname="backend.tests.test_iteration30_revision_loop.TestExtractRevisionFeedback" name="test_explicit_revision_feedback" time="0.000" /><testcase classname="backend.tests.test_iteration30_revision_loop.TestExtractRevisionFeedback" name="test_extract_from_problema_critico" time="0.001" /><testcase classname="backend.tests.test_iteration30_revision_loop.TestExtractRevisionFeedback" name="test_extract_from_critical_problem" time="0.000" /><testcase classname="backend.tests.test_iteration30_revision_loop.TestExtractRevisionFeedback" name="test_fallback_default_message" time="0.000" /><testcase classname="backend.tests.test_iteration30_revision_loop.TestMusicLibraryAPI" name="test_music_library_returns_25_tracks" time="0.226" /><testcase classname="backend.tests.test_iteration30_revision_loop.TestMusicLibraryAPI" name="test_each_track_has_category_field" time="0.167" /><testcase classname="backend.tests.test_iteration30_revision_loop.TestMusicLibraryAPI" name="test_categories_match_expected_values" time="0.107" /><testcase classname="backend.tests.test_iteration30_revision_loop.TestMusicLibraryAPI" name="test_track_structure" time="0.139" /><testcase classname="backend.tests.test_iteration30_revision_loop.TestMusicLibraryAPI" name="test_category_distribution" time="0.110" /></testsuite></testsuites>