<?xml version="1.0" encoding="utf-8"?><testsuites name="pytest tests"><testsuite name="pytest" errors="0" failures="0" skipped="0" tests="11" time="19.124" timestamp="2026-03-21T08:48:11.072777+00:00" hostname="agent-env-a301c09a-8b7e-4c74-83ed-b962badcd1af"><testcase classname="backend.tests.test_iteration84_smart_text_detection.TestAuthAndHealth" name="test_backend_health" time="0.177" /><testcase classname="backend.tests.test_iteration84_smart_text_detection.TestAuthAndHealth" name="test_login_success" time="0.453" /><testcase classname="backend.tests.test_iteration84_smart_text_detection.TestDetectImageTextEndpoint" name="test_detect_image_text_endpoint_exists" time="0.704" /><testcase classname="backend.tests.test_iteration84_smart_text_detection.TestDetectImageTextEndpoint" name="test_detect_image_text_response_structure" time="3.975" /><testcase classname="backend.tests.test_iteration84_smart_text_detection.TestDetectImageTextEndpoint" name="test_detect_image_text_missing_url_validation" time="0.989" /><testcase classname="backend.tests.test_iteration84_smart_text_detection.TestDetectImageTextEndpoint" name="test_detect_image_text_handles_invalid_url_gracefully" time="3.515" /><testcase classname="backend.tests.test_iteration84_smart_text_detection.TestEditImageTextEndpoint" name="test_edit_image_text_endpoint_exists" time="1.001" /><testcase classname="backend.tests.test_iteration84_smart_text_detection.TestEditImageTextEndpoint" name="test_edit_image_text_accepts_original_text_param" time="0.979" /><testcase classname="backend.tests.test_iteration84_smart_text_detection.TestCampaignImagesIntegration" name="test_campaigns_have_images" time="1.056" /><testcase classname="backend.tests.test_iteration84_smart_text_detection.TestCampaignImagesIntegration" name="test_pipeline_has_images_for_editing" time="1.350" /><testcase classname="backend.tests.test_iteration84_smart_text_detection.TestDetectImageTextRequestModel" name="test_detect_request_accepts_pipeline_id" time="4.857" /></testsuite></testsuites>