<?xml version="1.0" encoding="utf-8"?><testsuites name="pytest tests"><testsuite name="pytest" errors="0" failures="0" skipped="0" tests="12" time="35.558" timestamp="2026-03-24T01:20:23.341676+00:00" hostname="agent-env-a301c09a-8b7e-4c74-83ed-b962badcd1af"><testcase classname="backend.tests.test_iteration95_studio_v3_pipeline.TestStudioV3Pipeline" name="test_01_login_success" time="1.870" /><testcase classname="backend.tests.test_iteration95_studio_v3_pipeline.TestStudioV3Pipeline" name="test_02_get_projects_list" time="2.369" /><testcase classname="backend.tests.test_iteration95_studio_v3_pipeline.TestStudioV3Pipeline" name="test_03_get_project_status_with_new_scene_states" time="1.560" /><testcase classname="backend.tests.test_iteration95_studio_v3_pipeline.TestStudioV3Pipeline" name="test_04_get_voices_returns_24" time="1.352" /><testcase classname="backend.tests.test_iteration95_studio_v3_pipeline.TestStudioV3Pipeline" name="test_05_delete_project_works" time="5.484" /><testcase classname="backend.tests.test_iteration95_studio_v3_pipeline.TestStudioV3Pipeline" name="test_06_start_production_accepts_request" time="4.537" /><testcase classname="backend.tests.test_iteration95_studio_v3_pipeline.TestStudioV3Pipeline" name="test_07_start_production_nonexistent_project" time="2.432" /><testcase classname="backend.tests.test_iteration95_studio_v3_pipeline.TestStudioV3Pipeline" name="test_08_generate_narration_starts" time="5.603" /><testcase classname="backend.tests.test_iteration95_studio_v3_pipeline.TestStudioV3Pipeline" name="test_09_get_narrations_returns_data" time="2.056" /><testcase classname="backend.tests.test_iteration95_studio_v3_pipeline.TestStudioV3Pipeline" name="test_10_completed_project_has_outputs" time="2.489" /><testcase classname="backend.tests.test_iteration95_studio_v3_pipeline.TestStudioV3Pipeline" name="test_11_music_library_endpoint" time="1.640" /><testcase classname="backend.tests.test_iteration95_studio_v3_pipeline.TestStudioV3Pipeline" name="test_12_create_project_returns_correct_structure" time="4.092" /></testsuite></testsuites>