<?xml version="1.0" encoding="utf-8"?><testsuites name="pytest tests"><testsuite name="pytest" errors="0" failures="0" skipped="0" tests="14" time="11.886" timestamp="2026-03-12T17:02:37.433949+00:00" hostname="agent-env-625959d4-99a9-4ef0-a822-04a4fd77cb87"><testcase classname="tests.test_dashboard_stats.TestDashboardStats" name="test_dashboard_stats_endpoint_returns_200" time="1.590" /><testcase classname="tests.test_dashboard_stats.TestDashboardStats" name="test_dashboard_stats_has_messages_today" time="1.006" /><testcase classname="tests.test_dashboard_stats.TestDashboardStats" name="test_dashboard_stats_has_resolution_rate" time="0.945" /><testcase classname="tests.test_dashboard_stats.TestDashboardStats" name="test_dashboard_stats_has_active_leads" time="1.024" /><testcase classname="tests.test_dashboard_stats.TestDashboardStats" name="test_dashboard_stats_has_revenue" time="0.979" /><testcase classname="tests.test_dashboard_stats.TestDashboardStats" name="test_dashboard_stats_has_plan_info" time="1.042" /><testcase classname="tests.test_dashboard_stats.TestDashboardStats" name="test_dashboard_stats_has_messages_by_day" time="1.125" /><testcase classname="tests.test_dashboard_stats.TestDashboardStats" name="test_dashboard_stats_has_recent_conversations" time="0.954" /><testcase classname="tests.test_dashboard_stats.TestDashboardStats" name="test_dashboard_stats_has_agents" time="0.952" /><testcase classname="tests.test_dashboard_stats.TestDashboardStats" name="test_dashboard_stats_has_crm_pipeline" time="0.915" /><testcase classname="tests.test_dashboard_stats.TestDashboardStats" name="test_dashboard_stats_has_channel_stats" time="0.853" /><testcase classname="tests.test_dashboard_stats.TestDashboardStats" name="test_dashboard_stats_requires_auth" time="0.197" /><testcase classname="tests.test_dashboard_stats.TestHealthEndpoint" name="test_health_returns_200" time="0.121" /><testcase classname="tests.test_dashboard_stats.TestHealthEndpoint" name="test_health_returns_ok_status" time="0.116" /></testsuite></testsuites>