<?xml version="1.0" encoding="utf-8"?><testsuites name="pytest tests"><testsuite name="pytest" errors="0" failures="0" skipped="0" tests="17" time="11.403" timestamp="2026-03-12T04:37:03.403486+00:00" hostname="agent-env-c1c4cedd-360c-45c0-9ff0-fb366e33797e"><testcase classname="backend.tests.test_agentflow_supabase_api.TestHealthEndpoint" name="test_health_check_returns_supabase" time="0.264" /><testcase classname="backend.tests.test_agentflow_supabase_api.TestAuthEndpoints" name="test_signup_creates_user_in_supabase" time="0.737" /><testcase classname="backend.tests.test_agentflow_supabase_api.TestAuthEndpoints" name="test_signup_duplicate_email_rejected" time="0.280" /><testcase classname="backend.tests.test_agentflow_supabase_api.TestAuthEndpoints" name="test_login_returns_jwt_token" time="0.459" /><testcase classname="backend.tests.test_agentflow_supabase_api.TestAuthEndpoints" name="test_login_invalid_credentials" time="0.230" /><testcase classname="backend.tests.test_agentflow_supabase_api.TestAuthEndpoints" name="test_get_me_returns_user_profile" time="0.690" /><testcase classname="backend.tests.test_agentflow_supabase_api.TestAuthEndpoints" name="test_get_me_without_token_fails" time="0.119" /><testcase classname="backend.tests.test_agentflow_supabase_api.TestAuthEndpoints" name="test_profile_update" time="0.680" /><testcase classname="backend.tests.test_agentflow_supabase_api.TestTenantsEndpoints" name="test_create_tenant" time="0.946" /><testcase classname="backend.tests.test_agentflow_supabase_api.TestTenantsEndpoints" name="test_get_tenant_returns_tenant" time="0.682" /><testcase classname="backend.tests.test_agentflow_supabase_api.TestMarketplaceAgents" name="test_marketplace_returns_22_agents" time="0.123" /><testcase classname="backend.tests.test_agentflow_supabase_api.TestUserAgents" name="test_get_agents_returns_user_agents" time="0.819" /><testcase classname="backend.tests.test_agentflow_supabase_api.TestUserAgents" name="test_get_agents_without_auth_fails" time="0.115" /><testcase classname="backend.tests.test_agentflow_supabase_api.TestUserAgents" name="test_create_agent_with_tenant" time="1.584" /><testcase classname="backend.tests.test_agentflow_supabase_api.TestUserAgents" name="test_create_agent_without_tenant_fails" time="0.828" /><testcase classname="backend.tests.test_agentflow_supabase_api.TestUserAgents" name="test_free_plan_agent_limit_enforced" time="1.963" /><testcase classname="backend.tests.test_agentflow_supabase_api.TestDashboardStats" name="test_get_dashboard_stats" time="0.794" /></testsuite></testsuites>