<?xml version="1.0" encoding="utf-8"?><testsuites name="pytest tests"><testsuite name="pytest" errors="0" failures="0" skipped="0" tests="11" time="64.475" timestamp="2026-03-16T23:48:11.700559+00:00" hostname="agent-env-a301c09a-8b7e-4c74-83ed-b962badcd1af"><testcase classname="backend.tests.test_iteration56_avatar_360_gemini.TestGenerateAvatarEndpoint" name="test_generate_avatar_without_source_returns_200" time="21.650" /><testcase classname="backend.tests.test_iteration56_avatar_360_gemini.TestGenerateAvatarEndpoint" name="test_generate_avatar_requires_auth" time="0.192" /><testcase classname="backend.tests.test_iteration56_avatar_360_gemini.TestGenerateAvatarVariantEndpoint" name="test_generate_avatar_variant_without_source" time="19.261" /><testcase classname="backend.tests.test_iteration56_avatar_360_gemini.TestGenerateAvatarVariantEndpoint" name="test_generate_avatar_variant_requires_auth" time="0.184" /><testcase classname="backend.tests.test_iteration56_avatar_360_gemini.TestGenerateAvatar360Endpoints" name="test_generate_avatar_360_starts_job" time="0.325" /><testcase classname="backend.tests.test_iteration56_avatar_360_gemini.TestGenerateAvatar360Endpoints" name="test_get_avatar_360_status" time="0.556" /><testcase classname="backend.tests.test_iteration56_avatar_360_gemini.TestGenerateAvatar360Endpoints" name="test_get_avatar_360_status_invalid_job_id" time="0.274" /><testcase classname="backend.tests.test_iteration56_avatar_360_gemini.TestGenerateAvatar360Endpoints" name="test_generate_avatar_360_requires_auth" time="0.196" /><testcase classname="backend.tests.test_iteration56_avatar_360_gemini.TestGenerateAvatar360Endpoints" name="test_get_avatar_360_status_requires_auth" time="0.136" /><testcase classname="backend.tests.test_iteration56_avatar_360_gemini.TestGeminiEditImageFunction" name="test_gemini_edit_image_sends_combined_message" time="21.622" /><testcase classname="backend.tests.test_iteration56_avatar_360_gemini.TestTranslationKeys" name="test_translation_keys_exist_in_files" time="0.000" /></testsuite></testsuites>