<?xml version="1.0" encoding="utf-8"?><testsuites name="pytest tests"><testsuite name="pytest" errors="0" failures="0" skipped="0" tests="13" time="39.926" timestamp="2026-04-18T07:58:35.353423+00:00" hostname="agent-env-08c6580b-df6e-48ea-9bb8-881e4b4c7595"><testcase classname="backend.tests.test_iteration136_production_quality.TestHealthAndAuth" name="test_health_endpoint" time="0.194" /><testcase classname="backend.tests.test_iteration136_production_quality.TestHealthAndAuth" name="test_auth_login" time="1.340" /><testcase classname="backend.tests.test_iteration136_production_quality.TestProductionQualityCreate" name="test_create_project_with_cinema_quality" time="3.828" /><testcase classname="backend.tests.test_iteration136_production_quality.TestProductionQualityCreate" name="test_create_project_default_quality" time="2.127" /><testcase classname="backend.tests.test_iteration136_production_quality.TestProductionQualityGet" name="test_get_project_returns_production_quality" time="4.853" /><testcase classname="backend.tests.test_iteration136_production_quality.TestProductionQualityGet" name="test_get_project_status_returns_production_quality" time="3.071" /><testcase classname="backend.tests.test_iteration136_production_quality.TestProductionQualityPatch" name="test_patch_settings_updates_production_quality" time="5.411" /><testcase classname="backend.tests.test_iteration136_production_quality.TestSoraCharactersEndpoints" name="test_auto_register_sora_characters_empty_project" time="4.843" /><testcase classname="backend.tests.test_iteration136_production_quality.TestSoraCharactersEndpoints" name="test_list_sora_characters_empty" time="3.354" /><testcase classname="backend.tests.test_iteration136_production_quality.TestSoraCharactersEndpoints" name="test_delete_sora_character_nonexistent" time="4.405" /><testcase classname="backend.tests.test_iteration136_production_quality.TestPythonImports" name="test_import_sora_characters" time="2.646" /><testcase classname="backend.tests.test_iteration136_production_quality.TestPythonImports" name="test_import_production" time="0.000" /><testcase classname="backend.tests.test_iteration136_production_quality.TestExistingProjectProductionQuality" name="test_existing_sora_project_quality" time="3.780" /></testsuite></testsuites>