<?xml version="1.0" encoding="utf-8"?><testsuites name="pytest tests"><testsuite name="pytest" errors="0" failures="0" skipped="0" tests="15" time="158.613" timestamp="2026-03-23T13:18:12.927273+00:00" hostname="agent-env-a301c09a-8b7e-4c74-83ed-b962badcd1af"><testcase classname="backend.tests.test_iteration92_directed_studio_v2.TestAuth" name="test_login_success" time="0.937" /><testcase classname="backend.tests.test_iteration92_directed_studio_v2.TestStudioVoices" name="test_voices_returns_array" time="0.823" /><testcase classname="backend.tests.test_iteration92_directed_studio_v2.TestStudioMusicLibrary" name="test_music_library_returns_array" time="0.213" /><testcase classname="backend.tests.test_iteration92_directed_studio_v2.TestStudioProjects" name="test_list_projects" time="0.444" /><testcase classname="backend.tests.test_iteration92_directed_studio_v2.TestStudioProjects" name="test_create_project" time="0.664" /><testcase classname="backend.tests.test_iteration92_directed_studio_v2.TestStudioProjectStatus" name="test_get_project_status" time="0.987" /><testcase classname="backend.tests.test_iteration92_directed_studio_v2.TestStudioProjectStatus" name="test_get_nonexistent_project_status" time="0.443" /><testcase classname="backend.tests.test_iteration92_directed_studio_v2.TestStudioDeleteProject" name="test_delete_project" time="2.060" /><testcase classname="backend.tests.test_iteration92_directed_studio_v2.TestStudioStartProduction" name="test_start_production_no_scenes_returns_400" time="1.558" /><testcase classname="backend.tests.test_iteration92_directed_studio_v2.TestStudioStartProduction" name="test_start_production_nonexistent_project_returns_404" time="0.595" /><testcase classname="backend.tests.test_iteration92_directed_studio_v2.TestStudioChat" name="test_chat_creates_new_project" time="16.816" /><testcase classname="backend.tests.test_iteration92_directed_studio_v2.TestStudioChat" name="test_chat_with_existing_project" time="96.902" /><testcase classname="backend.tests.test_iteration92_directed_studio_v2.TestStudioChat" name="test_chat_with_nonexistent_project_returns_404" time="0.601" /><testcase classname="backend.tests.test_iteration92_directed_studio_v2.TestStudioChatSceneGeneration" name="test_chat_generates_scenes_and_characters" time="21.382" /><testcase classname="backend.tests.test_iteration92_directed_studio_v2.TestEndToEndFlow" name="test_full_flow_chat_to_production_validation" time="14.090" /></testsuite></testsuites>