<?xml version="1.0" encoding="utf-8"?><testsuites name="pytest tests"><testsuite name="pytest" errors="0" failures="0" skipped="0" tests="17" time="6.852" timestamp="2026-03-12T03:24:46.461237+00:00" hostname="agent-env-3f2735ac-59a8-43bb-a7f9-4f9cdb4d2ce1"><testcase classname="backend.tests.test_agentflow_api.TestHealthEndpoint" name="test_health_check" time="0.179" /><testcase classname="backend.tests.test_agentflow_api.TestAuthEndpoints" name="test_signup_success" time="0.412" /><testcase classname="backend.tests.test_agentflow_api.TestAuthEndpoints" name="test_signup_duplicate_email" time="0.481" /><testcase classname="backend.tests.test_agentflow_api.TestAuthEndpoints" name="test_login_success" time="0.348" /><testcase classname="backend.tests.test_agentflow_api.TestAuthEndpoints" name="test_login_invalid_credentials" time="0.180" /><testcase classname="backend.tests.test_agentflow_api.TestAuthEndpoints" name="test_get_me_with_valid_token" time="0.421" /><testcase classname="backend.tests.test_agentflow_api.TestAuthEndpoints" name="test_get_me_without_token" time="0.103" /><testcase classname="backend.tests.test_agentflow_api.TestAuthEndpoints" name="test_profile_update" time="0.486" /><testcase classname="backend.tests.test_agentflow_api.TestAgentsEndpoints" name="test_get_marketplace_agents" time="0.109" /><testcase classname="backend.tests.test_agentflow_api.TestAgentsEndpoints" name="test_get_agents_authenticated" time="0.445" /><testcase classname="backend.tests.test_agentflow_api.TestAgentsEndpoints" name="test_get_agents_without_auth" time="0.107" /><testcase classname="backend.tests.test_agentflow_api.TestTenantsEndpoints" name="test_create_tenant" time="0.487" /><testcase classname="backend.tests.test_agentflow_api.TestTenantsEndpoints" name="test_create_tenant_returns_existing" time="0.603" /><testcase classname="backend.tests.test_agentflow_api.TestAgentCreationAndLimits" name="test_create_agent_requires_tenant" time="0.469" /><testcase classname="backend.tests.test_agentflow_api.TestAgentCreationAndLimits" name="test_create_agent_success" time="0.632" /><testcase classname="backend.tests.test_agentflow_api.TestAgentCreationAndLimits" name="test_free_plan_agent_limit" time="0.675" /><testcase classname="backend.tests.test_agentflow_api.TestDashboardStats" name="test_get_dashboard_stats" time="0.446" /></testsuite></testsuites>