<?xml version="1.0" encoding="utf-8"?><testsuites name="pytest tests"><testsuite name="pytest" errors="0" failures="0" skipped="0" tests="25" time="0.797" timestamp="2026-03-21T03:43:02.857988+00:00" hostname="agent-env-a301c09a-8b7e-4c74-83ed-b962badcd1af"><testcase classname="backend.tests.test_iteration78_360_avatar_style_bugfixes.TestBackendAvatarStyleEndpoints" name="test_generate_avatar_variant_endpoint_exists" time="0.201" /><testcase classname="backend.tests.test_iteration78_360_avatar_style_bugfixes.TestBackendAvatarStyleEndpoints" name="test_generate_avatar_360_endpoint_exists" time="0.149" /><testcase classname="backend.tests.test_iteration78_360_avatar_style_bugfixes.TestBackendConfigModels" name="test_avatar_variant_request_has_avatar_style" time="0.001" /><testcase classname="backend.tests.test_iteration78_360_avatar_style_bugfixes.TestBackendConfigModels" name="test_avatar_batch360_request_has_avatar_style" time="0.000" /><testcase classname="backend.tests.test_iteration78_360_avatar_style_bugfixes.TestBackendAvatarRoutesLogic" name="test_generate_avatar_variant_uses_avatar_style" time="0.000" /><testcase classname="backend.tests.test_iteration78_360_avatar_style_bugfixes.TestBackendAvatarRoutesLogic" name="test_run_batch_360_accepts_avatar_style" time="0.000" /><testcase classname="backend.tests.test_iteration78_360_avatar_style_bugfixes.TestBackendAvatarRoutesLogic" name="test_3d_prompts_avoid_photorealistic" time="0.096" /><testcase classname="backend.tests.test_iteration78_360_avatar_style_bugfixes.TestBackendAvatarRoutesLogic" name="test_generate_avatar_360_passes_avatar_style" time="0.073" /><testcase classname="backend.tests.test_iteration78_360_avatar_style_bugfixes.TestFrontendApplyClothingLogic" name="test_apply_clothing_has_is3d_check" time="0.002" /><testcase classname="backend.tests.test_iteration78_360_avatar_style_bugfixes.TestFrontendApplyClothingLogic" name="test_apply_clothing_uses_temp_avatar_url_for_3d" time="0.001" /><testcase classname="backend.tests.test_iteration78_360_avatar_style_bugfixes.TestFrontendApplyClothingLogic" name="test_apply_clothing_sends_avatar_style_to_api" time="0.002" /><testcase classname="backend.tests.test_iteration78_360_avatar_style_bugfixes.TestFrontendGenerateAngleLogic" name="test_generate_angle_has_is3d_check" time="0.001" /><testcase classname="backend.tests.test_iteration78_360_avatar_style_bugfixes.TestFrontendGenerateAngleLogic" name="test_generate_angle_uses_temp_avatar_url_for_3d" time="0.002" /><testcase classname="backend.tests.test_iteration78_360_avatar_style_bugfixes.TestFrontendGenerateAngleLogic" name="test_generate_angle_sends_avatar_style_to_api" time="0.001" /><testcase classname="backend.tests.test_iteration78_360_avatar_style_bugfixes.TestFrontendStartAuto360Logic" name="test_start_auto360_accepts_style_param" time="0.001" /><testcase classname="backend.tests.test_iteration78_360_avatar_style_bugfixes.TestFrontendStartAuto360Logic" name="test_start_auto360_sends_avatar_style_to_api" time="0.009" /><testcase classname="backend.tests.test_iteration78_360_avatar_style_bugfixes.TestFrontendDownloadButton" name="test_download_button_uses_fetch_blob" time="0.001" /><testcase classname="backend.tests.test_iteration78_360_avatar_style_bugfixes.TestFrontendDownloadButton" name="test_download_button_not_using_target_blank" time="0.001" /><testcase classname="backend.tests.test_iteration78_360_avatar_style_bugfixes.TestFrontendAvatarStylePersistence" name="test_save_avatar_and_close_persists_avatar_style" time="0.001" /><testcase classname="backend.tests.test_iteration78_360_avatar_style_bugfixes.TestFrontendAvatarStylePersistence" name="test_save_avatar_as_new_persists_avatar_style" time="0.001" /><testcase classname="backend.tests.test_iteration78_360_avatar_style_bugfixes.TestFrontendAvatarStylePersistence" name="test_open_avatar_for_edit_restores_avatar_style" time="0.001" /><testcase classname="backend.tests.test_iteration78_360_avatar_style_bugfixes.TestLandingV2Route" name="test_landing_v2_route_exists" time="0.166" /><testcase classname="backend.tests.test_iteration78_360_avatar_style_bugfixes.TestLandingV2Route" name="test_app_js_routes_to_landing_v2" time="0.001" /><testcase classname="backend.tests.test_iteration78_360_avatar_style_bugfixes.TestTempAvatarStoresAvatarStyle" name="test_temp_avatar_stores_avatar_style_from_prompt" time="0.001" /><testcase classname="backend.tests.test_iteration78_360_avatar_style_bugfixes.TestTempAvatarStoresAvatarStyle" name="test_temp_avatar_stores_avatar_style_from_photo" time="0.001" /></testsuite></testsuites>