<?xml version="1.0" encoding="utf-8"?><testsuites name="pytest tests"><testsuite name="pytest" errors="0" failures="0" skipped="0" tests="13" time="50.651" timestamp="2026-03-27T13:39:05.187292+00:00" hostname="agent-env-a301c09a-8b7e-4c74-83ed-b962badcd1af"><testcase classname="backend.tests.test_iteration120_dialogues.TestHealthAndAuth" name="test_health_endpoint" time="0.132" /><testcase classname="backend.tests.test_iteration120_dialogues.TestHealthAndAuth" name="test_login_success" time="1.065" /><testcase classname="backend.tests.test_iteration120_dialogues.TestDialogueEndpoints" name="test_get_dialogues_endpoint" time="1.670" /><testcase classname="backend.tests.test_iteration120_dialogues.TestDialogueEndpoints" name="test_get_dialogues_returns_characters" time="1.217" /><testcase classname="backend.tests.test_iteration120_dialogues.TestDialogueEndpoints" name="test_dialogues_generate_dubbed_mode" time="12.718" /><testcase classname="backend.tests.test_iteration120_dialogues.TestDialogueEndpoints" name="test_dialogues_generate_narrated_mode" time="7.826" /><testcase classname="backend.tests.test_iteration120_dialogues.TestDialogueEndpoints" name="test_dialogues_generate_book_mode" time="16.170" /><testcase classname="backend.tests.test_iteration120_dialogues.TestDialogueEndpoints" name="test_dialogues_save_endpoint" time="1.871" /><testcase classname="backend.tests.test_iteration120_dialogues.TestDialogueEndpoints" name="test_dialogues_invalid_project" time="1.334" /><testcase classname="backend.tests.test_iteration120_dialogues.TestStudioProjectStatus" name="test_project_status_endpoint" time="1.316" /><testcase classname="backend.tests.test_iteration120_dialogues.TestStudioProjectStatus" name="test_storyboard_panels_have_frames" time="1.859" /><testcase classname="backend.tests.test_iteration120_dialogues.TestStudioProjects" name="test_list_projects" time="1.490" /><testcase classname="backend.tests.test_iteration120_dialogues.TestDashboard" name="test_dashboard_stats" time="1.900" /></testsuite></testsuites>