<?xml version="1.0" encoding="utf-8"?><testsuites name="pytest tests"><testsuite name="pytest" errors="0" failures="0" skipped="0" tests="6" time="46.534" timestamp="2026-03-16T04:49:12.289968+00:00" hostname="agent-env-a301c09a-8b7e-4c74-83ed-b962badcd1af"><testcase classname="backend.tests.test_iteration43_video_variants_clone.TestVideoVariants" name="test_pipeline_en_has_video_variants" time="1.145" /><testcase classname="backend.tests.test_iteration43_video_variants_clone.TestVideoVariants" name="test_pipeline_italian_clone_has_video_variants" time="0.457" /><testcase classname="backend.tests.test_iteration43_video_variants_clone.TestVideoVariants" name="test_regenerate_video_variants_endpoint" time="42.434" /><testcase classname="backend.tests.test_iteration43_video_variants_clone.TestCloneEndpoint" name="test_clone_preserves_video_fields" time="1.405" /><testcase classname="backend.tests.test_iteration43_video_variants_clone.TestFFProbeHelpers" name="test_video_url_exists" time="0.931" /><testcase classname="backend.tests.test_iteration43_video_variants_clone.TestHealthCheck" name="test_api_health" time="0.106" /></testsuite></testsuites>