<?xml version="1.0" encoding="utf-8"?><testsuites name="pytest tests"><testsuite name="pytest" errors="0" failures="0" skipped="0" tests="8" time="30.392" timestamp="2026-03-12T05:18:53.944401+00:00" hostname="agent-env-c1c4cedd-360c-45c0-9ff0-fb366e33797e"><testcase classname="backend.tests.test_ai_sandbox_and_reply.TestAISandbox" name="test_sandbox_chat_basic" time="5.307" /><testcase classname="backend.tests.test_ai_sandbox_and_reply.TestAISandbox" name="test_sandbox_chat_multi_turn" time="9.370" /><testcase classname="backend.tests.test_ai_sandbox_and_reply.TestAISandbox" name="test_sandbox_chat_portuguese" time="4.577" /><testcase classname="backend.tests.test_ai_sandbox_and_reply.TestAISandbox" name="test_sandbox_delete_session" time="4.196" /><testcase classname="backend.tests.test_ai_sandbox_and_reply.TestAIConversationReply" name="test_ai_reply_for_existing_conversation" time="4.723" /><testcase classname="backend.tests.test_ai_sandbox_and_reply.TestAIConversationReply" name="test_ai_reply_404_for_invalid_conversation" time="0.726" /><testcase classname="backend.tests.test_ai_sandbox_and_reply.TestDashboardAndStats" name="test_dashboard_stats" time="0.724" /><testcase classname="backend.tests.test_ai_sandbox_and_reply.TestLeadsForCRM" name="test_get_leads_for_kanban" time="0.700" /></testsuite></testsuites>