<?xml version="1.0" encoding="utf-8"?><testsuites name="pytest tests"><testsuite name="pytest" errors="0" failures="0" skipped="0" tests="7" time="3.747" timestamp="2026-03-12T07:38:36.141951+00:00" hostname="agent-env-e29511b5-747f-4993-9849-a02364c1dbb0"><testcase classname="backend.tests.test_iteration8_marketplace_routing.TestMarketplaceAgents" name="test_marketplace_returns_22_agents" time="1.720" /><testcase classname="backend.tests.test_iteration8_marketplace_routing.TestMarketplaceAgents" name="test_all_agents_have_detailed_prompts" time="0.134" /><testcase classname="backend.tests.test_iteration8_marketplace_routing.TestMarketplaceAgents" name="test_agents_have_required_fields" time="0.129" /><testcase classname="backend.tests.test_iteration8_marketplace_routing.TestRouteAgentEndpoint" name="test_route_agent_requires_auth" time="0.127" /><testcase classname="backend.tests.test_iteration8_marketplace_routing.TestRouteAgentEndpoint" name="test_route_agent_invalid_conversation" time="0.970" /><testcase classname="backend.tests.test_iteration8_marketplace_routing.TestHealthAndBasicEndpoints" name="test_health_endpoint" time="0.114" /><testcase classname="backend.tests.test_iteration8_marketplace_routing.TestHealthAndBasicEndpoints" name="test_login_works" time="0.444" /></testsuite></testsuites>