<?xml version="1.0" encoding="utf-8"?><testsuites name="pytest tests"><testsuite name="pytest" errors="0" failures="0" skipped="0" tests="4" time="8.169" timestamp="2026-04-09T06:18:38.747370+00:00" hostname="agent-env-dca04b80-52f9-43a7-97e9-393a526f167f"><testcase classname="backend.tests.test_iteration132_kling_storyboards.TestKlingStoryboards" name="test_get_kling_storyboards_returns_correct_frame_count" time="2.400" /><testcase classname="backend.tests.test_iteration132_kling_storyboards.TestKlingStoryboards" name="test_get_kling_storyboards_structure" time="1.795" /><testcase classname="backend.tests.test_iteration132_kling_storyboards.TestKlingStoryboards" name="test_get_kling_storyboards_nonexistent_project" time="1.946" /><testcase classname="backend.tests.test_iteration132_kling_storyboards.TestKlingStoryboardGeneration" name="test_generate_endpoint_exists" time="1.966" /></testsuite></testsuites>