<?xml version="1.0" encoding="utf-8"?><testsuites name="pytest tests"><testsuite name="pytest" errors="0" failures="0" skipped="0" tests="12" time="10.455" timestamp="2026-03-23T07:05:49.403875+00:00" hostname="agent-env-a301c09a-8b7e-4c74-83ed-b962badcd1af"><testcase classname="backend.tests.test_iteration91_directed_studio.TestAuth" name="test_login_success" time="0.758" /><testcase classname="backend.tests.test_iteration91_directed_studio.TestStudioVoices" name="test_voices_returns_array" time="0.806" /><testcase classname="backend.tests.test_iteration91_directed_studio.TestStudioVoices" name="test_voices_has_24_plus_entries" time="0.784" /><testcase classname="backend.tests.test_iteration91_directed_studio.TestStudioVoices" name="test_voices_structure" time="0.780" /><testcase classname="backend.tests.test_iteration91_directed_studio.TestStudioVoices" name="test_voices_filter_by_gender" time="0.796" /><testcase classname="backend.tests.test_iteration91_directed_studio.TestStudioMusicLibrary" name="test_music_library_returns_array" time="0.801" /><testcase classname="backend.tests.test_iteration91_directed_studio.TestStudioMusicLibrary" name="test_music_library_has_tracks" time="0.779" /><testcase classname="backend.tests.test_iteration91_directed_studio.TestStudioMusicLibrary" name="test_music_track_structure" time="0.799" /><testcase classname="backend.tests.test_iteration91_directed_studio.TestStudioProjects" name="test_create_project" time="0.802" /><testcase classname="backend.tests.test_iteration91_directed_studio.TestStudioProjects" name="test_list_projects" time="0.759" /><testcase classname="backend.tests.test_iteration91_directed_studio.TestStudioProjects" name="test_create_and_verify_project" time="1.101" /><testcase classname="backend.tests.test_iteration91_directed_studio.TestDashboardAccess" name="test_dashboard_stats_after_login" time="1.418" /></testsuite></testsuites>