<?xml version="1.0" encoding="utf-8"?><testsuites name="pytest tests"><testsuite name="pytest" errors="0" failures="0" skipped="0" tests="21" time="6.662" timestamp="2026-03-19T21:44:09.959645+00:00" hostname="agent-env-a301c09a-8b7e-4c74-83ed-b962badcd1af"><testcase classname="tests.test_iteration73_dylan_sound_director.TestDylanSoundDirectorBackend" name="test_step_order_includes_dylan_sound" time="2.023" /><testcase classname="tests.test_iteration73_dylan_sound_director.TestDylanSoundDirectorBackend" name="test_step_labels_contains_dylan_sound" time="0.000" /><testcase classname="tests.test_iteration73_dylan_sound_director.TestDylanSoundDirectorBackend" name="test_step_systems_contains_dylan_sound_prompt" time="0.000" /><testcase classname="tests.test_iteration73_dylan_sound_director.TestDylanSoundDirectorBackend" name="test_parse_dylan_audio_function_exists" time="0.000" /><testcase classname="tests.test_iteration73_dylan_sound_director.TestDylanSoundDirectorBackend" name="test_parse_dylan_audio_voice_id" time="0.001" /><testcase classname="tests.test_iteration73_dylan_sound_director.TestDylanSoundDirectorBackend" name="test_parse_dylan_audio_voice_settings" time="0.000" /><testcase classname="tests.test_iteration73_dylan_sound_director.TestDylanSoundDirectorBackend" name="test_parse_dylan_audio_music_selection" time="0.000" /><testcase classname="tests.test_iteration73_dylan_sound_director.TestDylanSoundDirectorBackend" name="test_parse_dylan_audio_emotional_arc" time="0.000" /><testcase classname="tests.test_iteration73_dylan_sound_director.TestDylanSoundDirectorBackend" name="test_step_models_includes_dylan_sound" time="0.000" /><testcase classname="tests.test_iteration73_dylan_sound_director.TestDylanSoundDirectorBackend" name="test_build_prompt_for_dylan_sound_step" time="0.000" /><testcase classname="tests.test_iteration73_dylan_sound_director.TestDylanSoundDirectorBackend" name="test_build_prompt_for_marcos_video_injects_dylan_output" time="0.000" /><testcase classname="tests.test_iteration73_dylan_sound_director.TestDylanSoundDirectorAPI" name="test_health_endpoint" time="0.257" /><testcase classname="tests.test_iteration73_dylan_sound_director.TestDylanSoundDirectorAPI" name="test_campaigns_endpoint_requires_auth" time="0.143" /><testcase classname="tests.test_iteration73_dylan_sound_director.TestDylanSoundDirectorAPI" name="test_campaigns_endpoint_with_auth" time="1.515" /><testcase classname="tests.test_iteration73_dylan_sound_director.TestDylanSoundDirectorAPI" name="test_pipeline_list_endpoint" time="1.345" /><testcase classname="tests.test_iteration73_dylan_sound_director.TestDylanSoundDirectorAPI" name="test_music_library_endpoint" time="0.549" /><testcase classname="tests.test_iteration73_dylan_sound_director.TestDylanSoundDirectorAPI" name="test_elevenlabs_voices_endpoint" time="0.699" /><testcase classname="tests.test_iteration73_dylan_sound_director.TestDylanSoundDirectorIntegration" name="test_music_library_config_exists" time="0.000" /><testcase classname="tests.test_iteration73_dylan_sound_director.TestDylanSoundDirectorIntegration" name="test_elevenlabs_voices_config_exists" time="0.000" /><testcase classname="tests.test_iteration73_dylan_sound_director.TestDylanSoundDirectorIntegration" name="test_generate_narration_respects_voice_config" time="0.000" /><testcase classname="tests.test_iteration73_dylan_sound_director.TestDylanSoundDirectorIntegration" name="test_pipeline_step_order_count" time="0.000" /></testsuite></testsuites>