<?xml version="1.0" encoding="utf-8"?><testsuites name="pytest tests"><testsuite name="pytest" errors="0" failures="0" skipped="0" tests="3" time="0.451" timestamp="2026-03-15T13:41:15.099257+00:00" hostname="agent-env-a301c09a-8b7e-4c74-83ed-b962badcd1af"><testcase classname="backend.tests.test_iteration35_agent_generator.TestAgentGeneratorEndpoints" name="test_health_check" time="0.145" /><testcase classname="backend.tests.test_iteration35_agent_generator.TestAgentGeneratorEndpoints" name="test_generate_preview_requires_auth" time="0.144" /><testcase classname="backend.tests.test_iteration35_agent_generator.TestAgentGeneratorEndpoints" name="test_deploy_generated_requires_auth" time="0.110" /></testsuite></testsuites>