<?xml version="1.0" encoding="utf-8"?><testsuites name="pytest tests"><testsuite name="pytest" errors="0" failures="0" skipped="0" tests="20" time="17.406" timestamp="2026-03-26T04:35:36.025293+00:00" hostname="agent-env-a301c09a-8b7e-4c74-83ed-b962badcd1af"><testcase classname="tests.test_iteration112_book_export.TestAuthentication" name="test_health_endpoint" time="0.204" /><testcase classname="tests.test_iteration112_book_export.TestAuthentication" name="test_login_success" time="0.997" /><testcase classname="tests.test_iteration112_book_export.TestBookEndpoints" name="test_interactive_data_endpoint_exists" time="1.321" /><testcase classname="tests.test_iteration112_book_export.TestBookEndpoints" name="test_pdf_endpoint_exists" time="12.538" /><testcase classname="tests.test_iteration112_book_export.TestBookEndpoints" name="test_generate_cover_endpoint_exists" time="1.133" /><testcase classname="tests.test_iteration112_book_export.TestBookEndpoints" name="test_tts_page_endpoint_exists" time="1.136" /><testcase classname="tests.test_iteration112_book_export.TestCodeStructure" name="test_interactive_book_jsx_exists" time="0.000" /><testcase classname="tests.test_iteration112_book_export.TestCodeStructure" name="test_interactive_book_has_navigation_buttons" time="0.000" /><testcase classname="tests.test_iteration112_book_export.TestCodeStructure" name="test_interactive_book_has_toggle_narration" time="0.000" /><testcase classname="tests.test_iteration112_book_export.TestCodeStructure" name="test_interactive_book_has_touch_support" time="0.000" /><testcase classname="tests.test_iteration112_book_export.TestCodeStructure" name="test_interactive_book_has_keyboard_navigation" time="0.000" /><testcase classname="tests.test_iteration112_book_export.TestCodeStructure" name="test_storyboard_editor_has_book_export_buttons" time="0.000" /><testcase classname="tests.test_iteration112_book_export.TestCodeStructure" name="test_storyboard_editor_inpainting_h8_sizing" time="0.000" /><testcase classname="tests.test_iteration112_book_export.TestCodeStructure" name="test_storyboard_editor_uses_agentzz_token" time="0.000" /><testcase classname="tests.test_iteration112_book_export.TestCodeStructure" name="test_app_js_has_book_route" time="0.000" /><testcase classname="tests.test_iteration112_book_export.TestCodeStructure" name="test_interactive_book_uses_agentzz_token" time="0.000" /><testcase classname="tests.test_iteration112_book_export.TestBookGeneratorModule" name="test_book_generator_exists" time="0.000" /><testcase classname="tests.test_iteration112_book_export.TestBookGeneratorModule" name="test_book_generator_has_required_functions" time="0.000" /><testcase classname="tests.test_iteration112_book_export.TestBookGeneratorModule" name="test_book_generator_uses_emergent_llm_key" time="0.000" /><testcase classname="tests.test_iteration112_book_export.TestStudioRouterBookEndpoints" name="test_studio_has_book_endpoints" time="0.000" /></testsuite></testsuites>