<?xml version="1.0" encoding="utf-8"?><testsuites name="pytest tests"><testsuite name="pytest" errors="0" failures="0" skipped="0" tests="11" time="11.563" timestamp="2026-03-28T23:10:49.964198+00:00" hostname="agent-env-a301c09a-8b7e-4c74-83ed-b962badcd1af"><testcase classname="tests.test_iteration126_continuity_dnd.TestContinuityDirectorStatus" name="test_continuity_status_endpoint_exists" time="3.296" /><testcase classname="tests.test_iteration126_continuity_dnd.TestContinuityDirectorStatus" name="test_continuity_status_has_required_fields" time="0.556" /><testcase classname="tests.test_iteration126_continuity_dnd.TestContinuityDirectorStatus" name="test_continuity_status_phase_is_done" time="0.563" /><testcase classname="tests.test_iteration126_continuity_dnd.TestContinuityDirectorStatus" name="test_continuity_report_structure" time="0.564" /><testcase classname="tests.test_iteration126_continuity_dnd.TestDragAndDropBackend" name="test_project_status_endpoint" time="0.647" /><testcase classname="tests.test_iteration126_continuity_dnd.TestDragAndDropBackend" name="test_reorder_scenes_endpoint_exists" time="1.643" /><testcase classname="tests.test_iteration126_continuity_dnd.TestDragAndDropBackend" name="test_project_has_screenplay_approved_field" time="0.533" /><testcase classname="tests.test_iteration126_continuity_dnd.TestSceneCardData" name="test_scene_has_display_fields" time="0.586" /><testcase classname="tests.test_iteration126_continuity_dnd.TestSceneCardData" name="test_scene_has_characters_in_scene" time="0.523" /><testcase classname="tests.test_iteration126_continuity_dnd.TestDeleteAndInsertSceneEndpoints" name="test_add_scene_endpoint_exists" time="1.882" /><testcase classname="tests.test_iteration126_continuity_dnd.TestDeleteAndInsertSceneEndpoints" name="test_delete_scene_endpoint_exists" time="0.691" /></testsuite></testsuites>