<?xml version="1.0" encoding="utf-8"?><testsuites name="pytest tests"><testsuite name="pytest" errors="0" failures="0" skipped="0" tests="7" time="6.425" timestamp="2026-03-15T02:38:13.500874+00:00" hostname="agent-env-a301c09a-8b7e-4c74-83ed-b962badcd1af"><testcase classname="backend.tests.test_iteration32_agent_names.TestAgentNamesConfiguration" name="test_pipeline_labels_endpoint" time="0.726" /><testcase classname="backend.tests.test_iteration32_agent_names.TestAgentNamesConfiguration" name="test_pipeline_list_endpoint" time="1.565" /><testcase classname="backend.tests.test_iteration32_agent_names.TestCampaignStatusAfterPublish" name="test_campaigns_list_has_created_status" time="0.936" /><testcase classname="backend.tests.test_iteration32_agent_names.TestPipelineRetryGeneratingImages" name="test_retry_endpoint_exists" time="0.920" /><testcase classname="backend.tests.test_iteration32_agent_names.TestAuthAndBasicEndpoints" name="test_login_with_valid_credentials" time="0.706" /><testcase classname="backend.tests.test_iteration32_agent_names.TestAuthAndBasicEndpoints" name="test_dashboard_stats" time="1.402" /><testcase classname="backend.tests.test_iteration32_agent_names.TestMusicLibrary" name="test_music_library_endpoint" time="0.109" /></testsuite></testsuites>