<?xml version="1.0" encoding="utf-8"?><testsuites name="pytest tests"><testsuite name="pytest" errors="0" failures="1" skipped="0" tests="16" time="43.095" timestamp="2026-03-24T15:49:15.539257+00:00" hostname="agent-env-a301c09a-8b7e-4c74-83ed-b962badcd1af"><testcase classname="tests.test_iteration98_direct_api_migration.TestHealthAndBasics" name="test_health_endpoint" time="0.676" /><testcase classname="tests.test_iteration98_direct_api_migration.TestHealthAndBasics" name="test_backend_running" time="0.117" /><testcase classname="tests.test_iteration98_direct_api_migration.TestAuthentication" name="test_login_success" time="0.868" /><testcase classname="tests.test_iteration98_direct_api_migration.TestAuthentication" name="test_login_invalid_credentials" time="0.664" /><testcase classname="tests.test_iteration98_direct_api_migration.TestDirectAPIMigration" name="test_sandbox_chat_direct_claude" time="4.869" /><testcase classname="tests.test_iteration98_direct_api_migration.TestDirectAPIMigration" name="test_agents_list" time="1.633" /><testcase classname="tests.test_iteration98_direct_api_migration.TestDirectAPIMigration" name="test_agent_generate_preview_gemini" time="1.081" /><testcase classname="tests.test_iteration98_direct_api_migration.TestDirectAPIMigration" name="test_agent_generate_status" time="21.665" /><testcase classname="tests.test_iteration98_direct_api_migration.TestNoEmergentImports" name="test_no_emergent_in_routers" time="0.005" /><testcase classname="tests.test_iteration98_direct_api_migration.TestDashboardAndData" name="test_leads_list" time="1.747" /><testcase classname="tests.test_iteration98_direct_api_migration.TestDashboardAndData" name="test_conversations_list" time="1.374" /><testcase classname="tests.test_iteration98_direct_api_migration.TestDashboardAndData" name="test_campaigns_list" time="2.626" /><testcase classname="tests.test_iteration98_direct_api_migration.TestStudioEndpoints" name="test_studio_projects_list" time="1.684" /><testcase classname="tests.test_iteration98_direct_api_migration.TestStudioEndpoints" name="test_studio_voices" time="0.994" /><testcase classname="tests.test_iteration98_direct_api_migration.TestStudioEndpoints" name="test_studio_music_library" time="1.555" /><testcase classname="tests.test_iteration98_direct_api_migration.TestCoreLLMModule" name="test_llm_module_exists" time="1.405"><failure message="AssertionError: ANTHROPIC_API_KEY not set&#10;assert ''">tests/test_iteration98_direct_api_migration.py:320: in test_llm_module_exists
    assert ANTHROPIC_API_KEY, "ANTHROPIC_API_KEY not set"
E   AssertionError: ANTHROPIC_API_KEY not set
E   assert ''</failure></testcase></testsuite></testsuites>