<?xml version="1.0" encoding="utf-8"?><testsuites name="pytest tests"><testsuite name="pytest" errors="0" failures="0" skipped="0" tests="5" time="3.186" timestamp="2026-03-16T20:27:13.041024+00:00" hostname="agent-env-a301c09a-8b7e-4c74-83ed-b962badcd1af"><testcase classname="backend.tests.test_avatar_video_extract.TestExtractFromVideoEndpoint" name="test_extract_from_video_requires_auth" time="0.249" /><testcase classname="backend.tests.test_avatar_video_extract.TestExtractFromVideoEndpoint" name="test_extract_from_video_rejects_non_video" time="0.958" /><testcase classname="backend.tests.test_avatar_video_extract.TestExtractFromVideoEndpoint" name="test_extract_from_video_rejects_image_file" time="0.258" /><testcase classname="backend.tests.test_avatar_video_extract.TestExtractFromVideoEndpoint" name="test_extract_from_video_success" time="1.144" /><testcase classname="backend.tests.test_avatar_video_extract.TestPipelineWithExtractedVoice" name="test_pipeline_accepts_avatar_voice_from_extraction" time="0.493" /></testsuite></testsuites>