<?xml version="1.0" encoding="utf-8"?><testsuites name="pytest tests"><testsuite name="pytest" errors="0" failures="0" skipped="0" tests="6" time="6.976" timestamp="2026-03-14T06:06:07.060959+00:00" hostname="agent-env-a301c09a-8b7e-4c74-83ed-b962badcd1af"><testcase classname="tests.test_iteration25_marcos_video.TestAuth" name="test_login_success" time="0.742" /><testcase classname="tests.test_iteration25_marcos_video.TestPipelineStructure" name="test_pipeline_list_endpoint" time="1.238" /><testcase classname="tests.test_iteration25_marcos_video.TestPipelineStructure" name="test_pipeline_step_labels_has_marcos" time="1.376" /><testcase classname="tests.test_iteration25_marcos_video.TestPipelineStructure" name="test_pipeline_step_order_correct" time="1.278" /><testcase classname="tests.test_iteration25_marcos_video.TestPipelineStructure" name="test_existing_pipeline_has_marcos_step" time="1.056" /><testcase classname="tests.test_iteration25_marcos_video.TestStepLabelsAll" name="test_all_agent_labels_complete" time="1.230" /></testsuite></testsuites>