<?xml version="1.0" encoding="utf-8"?><testsuites name="pytest tests"><testsuite name="pytest" errors="0" failures="0" skipped="0" tests="32" time="13.964" timestamp="2026-03-26T21:12:32.174572+00:00" hostname="agent-env-a301c09a-8b7e-4c74-83ed-b962badcd1af"><testcase classname="backend.tests.test_iteration115_cache_system.TestHealthAndAuth" name="test_health_endpoint" time="2.794" /><testcase classname="backend.tests.test_iteration115_cache_system.TestHealthAndAuth" name="test_login_success" time="0.856" /><testcase classname="backend.tests.test_iteration115_cache_system.TestCacheStatsEndpoint" name="test_cache_stats_no_auth_required" time="0.148" /><testcase classname="backend.tests.test_iteration115_cache_system.TestCacheStatsEndpoint" name="test_cache_stats_has_image_cache" time="0.124" /><testcase classname="backend.tests.test_iteration115_cache_system.TestCacheStatsEndpoint" name="test_cache_stats_has_project_cache" time="0.137" /><testcase classname="backend.tests.test_iteration115_cache_system.TestCacheStatsEndpoint" name="test_cache_stats_has_llm_cache" time="0.125" /><testcase classname="backend.tests.test_iteration115_cache_system.TestCacheFlushEndpoint" name="test_cache_flush_no_auth_required" time="0.138" /><testcase classname="backend.tests.test_iteration115_cache_system.TestCacheFlushEndpoint" name="test_cache_flush_cleans_expired" time="0.306" /><testcase classname="backend.tests.test_iteration115_cache_system.TestProjectCacheReadThrough" name="test_project_status_first_call" time="1.753" /><testcase classname="backend.tests.test_iteration115_cache_system.TestProjectCacheReadThrough" name="test_project_status_second_call_faster" time="1.886" /><testcase classname="backend.tests.test_iteration115_cache_system.TestProjectCacheReadThrough" name="test_project_cache_populated_after_read" time="1.436" /><testcase classname="backend.tests.test_iteration115_cache_system.TestExistingEndpointsStillWork" name="test_list_projects_works" time="1.438" /><testcase classname="backend.tests.test_iteration115_cache_system.TestExistingEndpointsStillWork" name="test_get_storyboard_works" time="1.429" /><testcase classname="backend.tests.test_iteration115_cache_system.TestExistingEndpointsStillWork" name="test_continuity_status_works" time="1.285" /><testcase classname="backend.tests.test_iteration115_cache_system.TestCacheCodeStructure" name="test_cache_module_exists" time="0.000" /><testcase classname="backend.tests.test_iteration115_cache_system.TestCacheCodeStructure" name="test_cache_module_has_image_cache_class" time="0.000" /><testcase classname="backend.tests.test_iteration115_cache_system.TestCacheCodeStructure" name="test_cache_module_has_project_cache_class" time="0.000" /><testcase classname="backend.tests.test_iteration115_cache_system.TestCacheCodeStructure" name="test_cache_module_has_llm_cache_class" time="0.000" /><testcase classname="backend.tests.test_iteration115_cache_system.TestCacheCodeStructure" name="test_cache_singletons_exported" time="0.000" /><testcase classname="backend.tests.test_iteration115_cache_system.TestCacheIntegrationInModules" name="test_continuity_director_uses_image_cache" time="0.000" /><testcase classname="backend.tests.test_iteration115_cache_system.TestCacheIntegrationInModules" name="test_continuity_director_uses_llm_cache" time="0.000" /><testcase classname="backend.tests.test_iteration115_cache_system.TestCacheIntegrationInModules" name="test_smart_editor_uses_image_cache" time="0.000" /><testcase classname="backend.tests.test_iteration115_cache_system.TestCacheIntegrationInModules" name="test_storyboard_inpaint_uses_image_cache" time="0.000" /><testcase classname="backend.tests.test_iteration115_cache_system.TestCacheIntegrationInModules" name="test_studio_router_uses_project_cache" time="0.000" /><testcase classname="backend.tests.test_iteration115_cache_system.TestCacheIntegrationInModules" name="test_server_flushes_cache_on_shutdown" time="0.000" /><testcase classname="backend.tests.test_iteration115_cache_system.TestFrontendCacheHook" name="test_frontend_cache_hook_exists" time="0.000" /><testcase classname="backend.tests.test_iteration115_cache_system.TestFrontendCacheHook" name="test_frontend_cache_has_swr_fetch" time="0.000" /><testcase classname="backend.tests.test_iteration115_cache_system.TestFrontendCacheHook" name="test_frontend_cache_has_image_preloader" time="0.000" /><testcase classname="backend.tests.test_iteration115_cache_system.TestFrontendCacheHook" name="test_frontend_cache_has_invalidate" time="0.000" /><testcase classname="backend.tests.test_iteration115_cache_system.TestFrontendCacheHook" name="test_frontend_cache_has_optimistic_update" time="0.000" /><testcase classname="backend.tests.test_iteration115_cache_system.TestCacheDirectories" name="test_image_cache_dir_configured" time="0.000" /><testcase classname="backend.tests.test_iteration115_cache_system.TestCacheDirectories" name="test_llm_cache_dir_configured" time="0.000" /></testsuite></testsuites>