<?xml version="1.0" encoding="utf-8"?><testsuites name="pytest tests"><testsuite name="pytest" errors="0" failures="0" skipped="0" tests="9" time="9.803" timestamp="2026-03-13T15:52:41.743798+00:00" hostname="agent-env-a301c09a-8b7e-4c74-83ed-b962badcd1af"><testcase classname="tests.test_iteration18_pipeline_v2.TestPipelineUpload" name="test_upload_logo_image" time="0.989" /><testcase classname="tests.test_iteration18_pipeline_v2.TestPipelineUpload" name="test_upload_reference_image" time="0.243" /><testcase classname="tests.test_iteration18_pipeline_v2.TestPipelineUpload" name="test_upload_rejects_non_image" time="0.267" /><testcase classname="tests.test_iteration18_pipeline_v2.TestPipelineWithContactAndAssets" name="test_create_pipeline_with_contact_info" time="1.545" /><testcase classname="tests.test_iteration18_pipeline_v2.TestPipelineWithContactAndAssets" name="test_create_pipeline_with_uploaded_assets" time="0.889" /><testcase classname="tests.test_iteration18_pipeline_v2.TestPipelineWithContactAndAssets" name="test_create_pipeline_with_both_contact_and_assets" time="0.939" /><testcase classname="tests.test_iteration18_pipeline_v2.TestPipelineHistoryMetadata" name="test_pipeline_list_has_metadata_for_cards" time="0.924" /><testcase classname="tests.test_iteration18_pipeline_v2.TestCompletedPipelineSummaryData" name="test_completed_pipeline_has_summary_data" time="0.913" /><testcase classname="tests.test_iteration18_pipeline_v2.TestPipelineRetry" name="test_retry_endpoint_exists" time="3.027" /></testsuite></testsuites>