<?xml version="1.0" encoding="utf-8"?><testsuites name="pytest tests"><testsuite name="pytest" errors="0" failures="0" skipped="0" tests="8" time="60.522" timestamp="2026-03-16T05:56:25.822055+00:00" hostname="agent-env-a301c09a-8b7e-4c74-83ed-b962badcd1af"><testcase classname="tests.test_iteration44_avatar_studio.TestAvatarStudioBackend" name="test_login_successful" time="0.863" /><testcase classname="tests.test_iteration44_avatar_studio.TestAvatarStudioBackend" name="test_generate_avatar_endpoint_exists" time="21.096" /><testcase classname="tests.test_iteration44_avatar_studio.TestAvatarStudioBackend" name="test_generate_avatar_endpoint_accepts_request_format" time="18.852" /><testcase classname="tests.test_iteration44_avatar_studio.TestAvatarStudioBackend" name="test_upload_endpoint_exists" time="0.660" /><testcase classname="tests.test_iteration44_avatar_studio.TestAvatarStudioBackend" name="test_generate_avatar_with_text_only" time="16.425" /><testcase classname="tests.test_iteration44_avatar_studio.TestAvatarStudioBackend" name="test_pipeline_list_endpoint" time="1.267" /><testcase classname="tests.test_iteration44_avatar_studio.TestAvatarStudioBackend" name="test_dashboard_stats_for_plan" time="1.308" /><testcase classname="tests.test_iteration44_avatar_studio.TestAvatarGenerateRequestModel" name="test_model_fields" time="0.000" /></testsuite></testsuites>