<?xml version="1.0" encoding="utf-8"?><testsuites name="pytest tests"><testsuite name="pytest" errors="0" failures="0" skipped="0" tests="11" time="208.423" timestamp="2026-03-16T12:50:48.741297+00:00" hostname="agent-env-a301c09a-8b7e-4c74-83ed-b962badcd1af"><testcase classname="tests.test_iteration48_avatar_studio_advanced.TestVoicePreviewEndpoint" name="test_voice_preview_valid_voice_alloy" time="2.871" /><testcase classname="tests.test_iteration48_avatar_studio_advanced.TestVoicePreviewEndpoint" name="test_voice_preview_valid_voice_echo" time="2.484" /><testcase classname="tests.test_iteration48_avatar_studio_advanced.TestVoicePreviewEndpoint" name="test_voice_preview_all_valid_voices" time="14.808" /><testcase classname="tests.test_iteration48_avatar_studio_advanced.TestVoicePreviewEndpoint" name="test_voice_preview_invalid_voice_rejected" time="0.994" /><testcase classname="tests.test_iteration48_avatar_studio_advanced.TestUploadVoiceRecording" name="test_upload_voice_recording_accepts_audio_file" time="0.461" /><testcase classname="tests.test_iteration48_avatar_studio_advanced.TestGenerateAvatarVariant" name="test_generate_avatar_variant_clothing_casual" time="23.257" /><testcase classname="tests.test_iteration48_avatar_studio_advanced.TestGenerateAvatarVariant" name="test_generate_avatar_variant_valid_clothing_options" time="85.027" /><testcase classname="tests.test_iteration48_avatar_studio_advanced.TestGenerateAvatarVariant" name="test_generate_avatar_variant_valid_angle_options" time="77.963" /><testcase classname="tests.test_iteration48_avatar_studio_advanced.TestEndpointAuthentication" name="test_voice_preview_requires_auth" time="0.196" /><testcase classname="tests.test_iteration48_avatar_studio_advanced.TestEndpointAuthentication" name="test_upload_voice_recording_requires_auth" time="0.118" /><testcase classname="tests.test_iteration48_avatar_studio_advanced.TestEndpointAuthentication" name="test_generate_avatar_variant_requires_auth" time="0.171" /></testsuite></testsuites>