<?xml version="1.0" encoding="utf-8"?><testsuites name="pytest tests"><testsuite name="pytest" errors="0" failures="0" skipped="0" tests="5" time="11.279" timestamp="2026-03-28T13:24:31.502608+00:00" hostname="agent-env-a301c09a-8b7e-4c74-83ed-b962badcd1af"><testcase classname="backend.tests.test_iteration124_characters_in_scene.TestCharactersInScene" name="test_get_project_status_has_scenes" time="1.956" /><testcase classname="backend.tests.test_iteration124_characters_in_scene.TestCharactersInScene" name="test_update_scene_with_characters_in_scene" time="2.321" /><testcase classname="backend.tests.test_iteration124_characters_in_scene.TestCharactersInScene" name="test_update_scene_remove_characters" time="3.198" /><testcase classname="backend.tests.test_iteration124_characters_in_scene.TestCharactersInScene" name="test_update_scene_with_all_fields" time="2.563" /><testcase classname="backend.tests.test_iteration124_characters_in_scene.TestCharactersInScene" name="test_scene_1_has_characters_from_curl_test" time="1.189" /></testsuite></testsuites>