<?xml version="1.0" encoding="utf-8"?><testsuites name="pytest tests"><testsuite name="pytest" errors="0" failures="0" skipped="0" tests="11" time="39.368" timestamp="2026-04-21T14:23:01.585352+00:00" hostname="agent-env-08c6580b-df6e-48ea-9bb8-881e4b4c7595"><testcase classname="backend.tests.test_active_agent.TestActiveAgentBackend" name="test_get_active_agent_endpoint_exists" time="2.369" /><testcase classname="backend.tests.test_active_agent.TestActiveAgentBackend" name="test_get_active_agent_returns_null_when_idle" time="0.205" /><testcase classname="backend.tests.test_active_agent.TestActiveAgentBackend" name="test_get_active_agent_404_for_invalid_project" time="0.182" /><testcase classname="backend.tests.test_active_agent.TestActiveAgentBackend" name="test_get_active_agent_timeline_capped_at_10" time="0.203" /><testcase classname="backend.tests.test_active_agent.TestActiveAgentBackend" name="test_continuity_audit_sets_active_agent" time="18.740" /><testcase classname="backend.tests.test_active_agent.TestActiveAgentBackend" name="test_continuity_audit_adds_to_timeline" time="0.167" /><testcase classname="backend.tests.test_active_agent.TestActiveAgentBackend" name="test_book_visual_audit_endpoint_exists" time="16.724" /><testcase classname="backend.tests.test_active_agent.TestActiveAgentBackend" name="test_agent_metadata_enrichment" time="0.281" /><testcase classname="backend.tests.test_active_agent.TestActiveAgentBackend" name="test_timeline_no_consecutive_duplicates" time="0.183" /><testcase classname="backend.tests.test_active_agent.TestActiveAgentAuth" name="test_active_agent_requires_auth" time="0.121" /><testcase classname="backend.tests.test_active_agent.TestActiveAgentAuth" name="test_continuity_audit_requires_auth" time="0.129" /></testsuite></testsuites>