<?xml version="1.0" encoding="utf-8"?><testsuites name="pytest tests"><testsuite name="pytest" errors="0" failures="0" skipped="0" tests="18" time="0.628" timestamp="2026-03-21T03:20:38.886690+00:00" hostname="agent-env-a301c09a-8b7e-4c74-83ed-b962badcd1af"><testcase classname="backend.tests.test_iteration77_avatar_style_fix.TestAvatarStyleBackend" name="test_avatar_variant_request_has_avatar_style_field" time="0.001" /><testcase classname="backend.tests.test_iteration77_avatar_style_fix.TestAvatarStyleBackend" name="test_avatar_batch360_request_has_avatar_style_field" time="0.001" /><testcase classname="backend.tests.test_iteration77_avatar_style_fix.TestAvatarStyleBackend" name="test_generate_avatar_variant_uses_avatar_style" time="0.000" /><testcase classname="backend.tests.test_iteration77_avatar_style_fix.TestAvatarStyleBackend" name="test_run_batch_360_uses_avatar_style" time="0.000" /><testcase classname="backend.tests.test_iteration77_avatar_style_fix.TestAvatarStyleBackend" name="test_generate_avatar_360_passes_avatar_style_to_thread" time="0.000" /><testcase classname="backend.tests.test_iteration77_avatar_style_fix.TestAvatarStyleBackend" name="test_3d_style_prompts_no_photorealistic" time="0.001" /><testcase classname="backend.tests.test_iteration77_avatar_style_fix.TestAvatarStyleBackend" name="test_batch_360_3d_prompts_preserve_style" time="0.001" /><testcase classname="backend.tests.test_iteration77_avatar_style_fix.TestAvatarStyleFrontend" name="test_start_auto360_accepts_style_parameter" time="0.001" /><testcase classname="backend.tests.test_iteration77_avatar_style_fix.TestAvatarStyleFrontend" name="test_start_auto360_sends_avatar_style_to_api" time="0.001" /><testcase classname="backend.tests.test_iteration77_avatar_style_fix.TestAvatarStyleFrontend" name="test_generate_angle_sends_avatar_style" time="0.001" /><testcase classname="backend.tests.test_iteration77_avatar_style_fix.TestAvatarStyleFrontend" name="test_temp_avatar_stores_avatar_style" time="0.001" /><testcase classname="backend.tests.test_iteration77_avatar_style_fix.TestAvatarStyleFrontend" name="test_start_auto360_called_with_style_after_prompt_generation" time="0.001" /><testcase classname="backend.tests.test_iteration77_avatar_style_fix.TestLandingPageV2" name="test_app_js_routes_to_landing_v2" time="0.000" /><testcase classname="backend.tests.test_iteration77_avatar_style_fix.TestLandingPageV2" name="test_landing_v2_page_loads" time="0.147" /><testcase classname="backend.tests.test_iteration77_avatar_style_fix.TestAudioPreApprovalEndpoint" name="test_approve_audio_endpoint_returns_404_for_nonexistent" time="0.126" /><testcase classname="backend.tests.test_iteration77_avatar_style_fix.TestAudioPreApprovalEndpoint" name="test_approve_audio_endpoint_defined_in_routes" time="0.000" /><testcase classname="backend.tests.test_iteration77_avatar_style_fix.TestAPIEndpointAvailability" name="test_generate_avatar_360_endpoint_exists" time="0.148" /><testcase classname="backend.tests.test_iteration77_avatar_style_fix.TestAPIEndpointAvailability" name="test_generate_avatar_variant_endpoint_exists" time="0.127" /></testsuite></testsuites>