<?xml version="1.0" encoding="utf-8"?><testsuites name="pytest tests"><testsuite name="pytest" errors="0" failures="0" skipped="0" tests="9" time="25.727" timestamp="2026-03-29T01:54:23.119509+00:00" hostname="agent-env-a301c09a-8b7e-4c74-83ed-b962badcd1af"><testcase classname="backend.tests.test_iteration129_dialogues.TestDialoguesEndpoint" name="test_dialogues_endpoint_returns_200" time="2.073" /><testcase classname="backend.tests.test_iteration129_dialogues.TestDialoguesEndpoint" name="test_dialogues_has_voice_map_field" time="1.434" /><testcase classname="backend.tests.test_iteration129_dialogues.TestDialoguesEndpoint" name="test_dialogues_has_scenes_needing_dubbed" time="1.244" /><testcase classname="backend.tests.test_iteration129_dialogues.TestDialoguesEndpoint" name="test_character_voices_uses_voice_map" time="1.256" /><testcase classname="backend.tests.test_iteration129_dialogues.TestDialoguesEndpoint" name="test_character_voices_structure" time="1.271" /><testcase classname="backend.tests.test_iteration129_dialogues.TestDialoguesEndpoint" name="test_scenes_data_structure" time="1.243" /><testcase classname="backend.tests.test_iteration129_dialogues.TestDialogueGeneration" name="test_generate_dubbed_dialogue_for_single_scene" time="14.431" /><testcase classname="backend.tests.test_iteration129_dialogues.TestVoiceMapIntegration" name="test_voice_map_endpoint_exists" time="1.516" /><testcase classname="backend.tests.test_iteration129_dialogues.TestVoiceMapIntegration" name="test_voice_map_has_ai_assigned_voices" time="1.187" /></testsuite></testsuites>