<?xml version="1.0" encoding="utf-8"?><testsuites name="pytest tests"><testsuite name="pytest" errors="0" failures="3" skipped="0" tests="13" time="110.447" timestamp="2026-03-29T01:32:21.960090+00:00" hostname="agent-env-a301c09a-8b7e-4c74-83ed-b962badcd1af"><testcase classname="backend.tests.test_iteration128_sound_design_agent.TestVoiceMapEndpoints" name="test_get_voice_map_endpoint_exists" time="1.628" /><testcase classname="backend.tests.test_iteration128_sound_design_agent.TestVoiceMapEndpoints" name="test_get_voice_map_has_required_fields" time="0.457" /><testcase classname="backend.tests.test_iteration128_sound_design_agent.TestVoiceMapEndpoints" name="test_auto_assign_voices_endpoint_exists" time="6.295" /><testcase classname="backend.tests.test_iteration128_sound_design_agent.TestVoiceMapEndpoints" name="test_auto_assign_returns_voice_map" time="12.726" /><testcase classname="backend.tests.test_iteration128_sound_design_agent.TestVoiceMapEndpoints" name="test_update_voice_map_endpoint_exists" time="0.889" /><testcase classname="backend.tests.test_iteration128_sound_design_agent.TestSoundDesignAgentSingleCharacter" name="test_design_character_voice_endpoint_exists" time="15.459" /><testcase classname="backend.tests.test_iteration128_sound_design_agent.TestSoundDesignAgentSingleCharacter" name="test_design_character_voice_response_structure" time="16.594" /><testcase classname="backend.tests.test_iteration128_sound_design_agent.TestSoundDesignAgentSingleCharacter" name="test_design_character_voice_previews_structure" time="22.813" /><testcase classname="backend.tests.test_iteration128_sound_design_agent.TestSoundDesignAgentSingleCharacter" name="test_design_character_voice_invalid_character" time="0.914" /><testcase classname="backend.tests.test_iteration128_sound_design_agent.TestSelectDesignedVoice" name="test_select_designed_voice_requires_valid_preview" time="30.031"><failure message="requests.exceptions.ReadTimeout: HTTPSConnectionPool(host='agent-campaign-hub.preview.emergentagent.com', port=443): Read timed out. (read timeout=30)">/root/.venv/lib/python3.11/site-packages/urllib3/connectionpool.py:534: in _make_request
    response = conn.getresponse()
               ^^^^^^^^^^^^^^^^^^
/root/.venv/lib/python3.11/site-packages/urllib3/connection.py:571: in getresponse
    httplib_response = super().getresponse()
                       ^^^^^^^^^^^^^^^^^^^^^
/usr/local/lib/python3.11/http/client.py:1415: in getresponse
    response.begin()
/usr/local/lib/python3.11/http/client.py:330: in begin
    version, status, reason = self._read_status()
                              ^^^^^^^^^^^^^^^^^^^
/usr/local/lib/python3.11/http/client.py:291: in _read_status
    line = str(self.fp.readline(_MAXLINE + 1), "iso-8859-1")
               ^^^^^^^^^^^^^^^^^^^^^^^^^^^^^^
/usr/local/lib/python3.11/socket.py:718: in readinto
    return self._sock.recv_into(b)
           ^^^^^^^^^^^^^^^^^^^^^^^
/usr/local/lib/python3.11/ssl.py:1314: in recv_into
    return self.read(nbytes, buffer)
           ^^^^^^^^^^^^^^^^^^^^^^^^^
/usr/local/lib/python3.11/ssl.py:1166: in read
    return self._sslobj.read(len, buffer)
           ^^^^^^^^^^^^^^^^^^^^^^^^^^^^^^
E   TimeoutError: The read operation timed out

The above exception was the direct cause of the following exception:
/root/.venv/lib/python3.11/site-packages/requests/adapters.py:644: in send
    resp = conn.urlopen(
/root/.venv/lib/python3.11/site-packages/urllib3/connectionpool.py:841: in urlopen
    retries = retries.increment(
/root/.venv/lib/python3.11/site-packages/urllib3/util/retry.py:490: in increment
    raise reraise(type(error), error, _stacktrace)
          ^^^^^^^^^^^^^^^^^^^^^^^^^^^^^^^^^^^^^^^^
/root/.venv/lib/python3.11/site-packages/urllib3/util/util.py:39: in reraise
    raise value
/root/.venv/lib/python3.11/site-packages/urllib3/connectionpool.py:787: in urlopen
    response = self._make_request(
/root/.venv/lib/python3.11/site-packages/urllib3/connectionpool.py:536: in _make_request
    self._raise_timeout(err=e, url=url, timeout_value=read_timeout)
/root/.venv/lib/python3.11/site-packages/urllib3/connectionpool.py:367: in _raise_timeout
    raise ReadTimeoutError(
E   urllib3.exceptions.ReadTimeoutError: HTTPSConnectionPool(host='agent-campaign-hub.preview.emergentagent.com', port=443): Read timed out. (read timeout=30)

During handling of the above exception, another exception occurred:
backend/tests/test_iteration128_sound_design_agent.py:183: in test_select_designed_voice_requires_valid_preview
    response = api_client.post(
/root/.venv/lib/python3.11/site-packages/requests/sessions.py:637: in post
    return self.request("POST", url, data=data, json=json, **kwargs)
           ^^^^^^^^^^^^^^^^^^^^^^^^^^^^^^^^^^^^^^^^^^^^^^^^^^^^^^^^^
/root/.venv/lib/python3.11/site-packages/requests/sessions.py:589: in request
    resp = self.send(prep, **send_kwargs)
           ^^^^^^^^^^^^^^^^^^^^^^^^^^^^^^
/root/.venv/lib/python3.11/site-packages/requests/sessions.py:703: in send
    r = adapter.send(request, **kwargs)
        ^^^^^^^^^^^^^^^^^^^^^^^^^^^^^^^
/root/.venv/lib/python3.11/site-packages/requests/adapters.py:690: in send
    raise ReadTimeout(e, request=request)
E   requests.exceptions.ReadTimeout: HTTPSConnectionPool(host='agent-campaign-hub.preview.emergentagent.com', port=443): Read timed out. (read timeout=30)</failure></testcase><testcase classname="backend.tests.test_iteration128_sound_design_agent.TestVoicesEndpoint" name="test_get_voices_catalog" time="2.339" /><testcase classname="backend.tests.test_iteration128_sound_design_agent.TestProjectExists" name="test_project_exists" time="0.054"><failure message="AssertionError: Test project not found: 405&#10;assert 405 == 200&#10; +  where 405 = &lt;Response [405]&gt;.status_code">backend/tests/test_iteration128_sound_design_agent.py:224: in test_project_exists
    assert response.status_code == 200, f"Test project not found: {response.status_code}"
E   AssertionError: Test project not found: 405
E   assert 405 == 200
E    +  where 405 = &lt;Response [405]&gt;.status_code</failure></testcase><testcase classname="backend.tests.test_iteration128_sound_design_agent.TestProjectExists" name="test_project_has_characters" time="0.047"><failure message="assert 405 == 200&#10; +  where 405 = &lt;Response [405]&gt;.status_code">backend/tests/test_iteration128_sound_design_agent.py:232: in test_project_has_characters
    assert response.status_code == 200
E   assert 405 == 200
E    +  where 405 = &lt;Response [405]&gt;.status_code</failure></testcase></testsuite></testsuites>