<?xml version="1.0" encoding="utf-8"?><testsuites name="pytest tests"><testsuite name="pytest" errors="0" failures="0" skipped="0" tests="15" time="10.577" timestamp="2026-03-27T15:53:05.029671+00:00" hostname="agent-env-a301c09a-8b7e-4c74-83ed-b962badcd1af"><testcase classname="backend.tests.test_iteration121_studio_split.TestStudioPackageSplit" name="test_health_endpoint" time="0.150" /><testcase classname="backend.tests.test_iteration121_studio_split.TestStudioPackageSplit" name="test_login_success" time="1.052" /><testcase classname="backend.tests.test_iteration121_studio_split.TestStudioPackageSplit" name="test_studio_projects_endpoint" time="1.728" /><testcase classname="backend.tests.test_iteration121_studio_split.TestStudioPackageSplit" name="test_studio_voices_endpoint" time="0.236" /><testcase classname="backend.tests.test_iteration121_studio_split.TestStudioPackageSplit" name="test_studio_music_library_endpoint" time="0.234" /><testcase classname="backend.tests.test_iteration121_studio_split.TestStudioPackageSplit" name="test_studio_cache_stats_endpoint" time="0.497" /><testcase classname="backend.tests.test_iteration121_studio_split.TestStudioPackageSplit" name="test_studio_analytics_performance_endpoint" time="0.483" /><testcase classname="backend.tests.test_iteration121_studio_split.TestStudioPackageSplit" name="test_voice_preview_endpoint_requires_auth" time="0.122" /><testcase classname="backend.tests.test_iteration121_studio_split.TestStudioPackageSplit" name="test_voice_preview_endpoint_missing_voice_id" time="0.235" /><testcase classname="backend.tests.test_iteration121_studio_split.TestStudioPackageSplit" name="test_voice_preview_endpoint_empty_voice_id" time="0.232" /><testcase classname="backend.tests.test_iteration121_studio_split.TestStudioPackageSplit" name="test_voice_preview_endpoint_returns_audio" time="1.225" /><testcase classname="backend.tests.test_iteration121_studio_split.TestStudioPackageSplit" name="test_get_project_dialogues" time="1.535" /><testcase classname="backend.tests.test_iteration121_studio_split.TestStudioPackageSplit" name="test_get_project_storyboard" time="1.690" /><testcase classname="backend.tests.test_iteration121_studio_split.TestStudioPackageSplit" name="test_get_project_dialogues_invalid_id" time="0.541" /><testcase classname="backend.tests.test_iteration121_studio_split.TestStudioPackageSplit" name="test_get_project_storyboard_invalid_id" time="0.547" /></testsuite></testsuites>