<?xml version="1.0" encoding="utf-8"?><testsuites name="pytest tests"><testsuite name="pytest" errors="0" failures="0" skipped="0" tests="27" time="13.000" timestamp="2026-04-21T06:29:43.238464+00:00" hostname="agent-env-08c6580b-df6e-48ea-9bb8-881e4b4c7595"><testcase classname="backend.tests.test_agents_registry.TestHealthAndBasics" name="test_health_check" time="0.168" /><testcase classname="backend.tests.test_agents_registry.TestHealthAndBasics" name="test_auth_login" time="1.418" /><testcase classname="backend.tests.test_agents_registry.TestAgentsRegistryList" name="test_list_agents_returns_17_agents" time="1.503" /><testcase classname="backend.tests.test_agents_registry.TestAgentsRegistryList" name="test_agents_have_correct_categories" time="0.152" /><testcase classname="backend.tests.test_agents_registry.TestAgentsRegistryList" name="test_agents_have_master_reference" time="0.178" /><testcase classname="backend.tests.test_agents_registry.TestAgentsRegistryList" name="test_agents_have_required_fields" time="0.154" /><testcase classname="backend.tests.test_agents_registry.TestAgentDetail" name="test_get_screenwriter_agent" time="0.158" /><testcase classname="backend.tests.test_agents_registry.TestAgentDetail" name="test_get_book_agent" time="0.156" /><testcase classname="backend.tests.test_agents_registry.TestAgentDetail" name="test_get_audio_agent" time="0.166" /><testcase classname="backend.tests.test_agents_registry.TestAgentDetail" name="test_get_nonexistent_agent_returns_404" time="0.168" /><testcase classname="backend.tests.test_agents_registry.TestAgentUpdate" name="test_update_agent_appends_to_history" time="0.645" /><testcase classname="backend.tests.test_agents_registry.TestAgentUpdate" name="test_update_preserves_agent_id" time="0.369" /><testcase classname="backend.tests.test_agents_registry.TestAgentRollback" name="test_rollback_to_history_index" time="0.352" /><testcase classname="backend.tests.test_agents_registry.TestAgentRollback" name="test_rollback_invalid_index_returns_400" time="0.151" /><testcase classname="backend.tests.test_agents_registry.TestMindsets" name="test_list_mindsets_returns_3_categories" time="0.156" /><testcase classname="backend.tests.test_agents_registry.TestMindsets" name="test_get_video_mindset" time="0.150" /><testcase classname="backend.tests.test_agents_registry.TestMindsets" name="test_update_mindset_appends_history" time="0.664" /><testcase classname="backend.tests.test_agents_registry.TestMindsets" name="test_get_nonexistent_mindset_returns_404" time="0.156" /><testcase classname="backend.tests.test_agents_registry.TestResolveAgentPrompt" name="test_inactive_agent_uses_fallback" time="0.156" /><testcase classname="backend.tests.test_agents_registry.TestResolveAgentPrompt" name="test_all_agents_seeded_inactive" time="0.157" /><testcase classname="backend.tests.test_agents_registry.TestResolveAgentPrompt" name="test_all_mindsets_seeded_inactive" time="0.150" /><testcase classname="backend.tests.test_agents_registry.TestPlayground" name="test_playground_requires_user_input" time="0.170" /><testcase classname="backend.tests.test_agents_registry.TestPlayground" name="test_playground_executes_llm_call" time="1.897" /><testcase classname="backend.tests.test_agents_registry.TestPipelineRegression" name="test_projects_list_works" time="1.924" /><testcase classname="backend.tests.test_agents_registry.TestPipelineRegression" name="test_dashboard_stats_works" time="1.281" /><testcase classname="backend.tests.test_agents_registry.TestCleanup" name="test_reset_agents_to_inactive" time="0.154" /><testcase classname="backend.tests.test_agents_registry.TestCleanup" name="test_reset_mindsets_to_inactive" time="0.151" /></testsuite></testsuites>