<?xml version="1.0" encoding="utf-8"?><testsuites name="pytest tests"><testsuite name="pytest" errors="0" failures="0" skipped="0" tests="13" time="8.286" timestamp="2026-03-26T02:26:49.168539+00:00" hostname="agent-env-a301c09a-8b7e-4c74-83ed-b962badcd1af"><testcase classname="tests.test_iteration108_6frames.TestStoryboardFramesAPI" name="test_get_storyboard_returns_panels" time="1.972" /><testcase classname="tests.test_iteration108_6frames.TestStoryboardFramesAPI" name="test_panel_1_has_6_frames" time="1.677" /><testcase classname="tests.test_iteration108_6frames.TestStoryboardFramesAPI" name="test_frame_structure" time="0.878" /><testcase classname="tests.test_iteration108_6frames.TestStoryboardFramesAPI" name="test_other_panels_have_zero_frames" time="0.859" /><testcase classname="tests.test_iteration108_6frames.TestStoryboardFramesAPI" name="test_panel_has_image_url_fallback" time="0.803" /><testcase classname="tests.test_iteration108_6frames.TestSplitGridFunction" name="test_split_function_exists" time="0.001" /><testcase classname="tests.test_iteration108_6frames.TestSplitGridFunction" name="test_split_function_signature" time="0.000" /><testcase classname="tests.test_iteration108_6frames.TestSplitGridFunction" name="test_split_function_with_mock_image" time="0.516" /><testcase classname="tests.test_iteration108_6frames.TestSplitGridFunction" name="test_split_function_fallback_on_error" time="0.121" /><testcase classname="tests.test_iteration108_6frames.TestRegeneratePanelEndpoint" name="test_regenerate_panel_endpoint_exists" time="0.869" /><testcase classname="tests.test_iteration108_6frames.TestRegeneratePanelEndpoint" name="test_regenerate_panel_requires_panel_number" time="0.522" /><testcase classname="tests.test_iteration108_6frames.TestStoryboardPrompt" name="test_prompt_mentions_2x3_grid" time="0.003" /><testcase classname="tests.test_iteration108_6frames.TestStoryboardPrompt" name="test_frame_labels_in_code" time="0.002" /></testsuite></testsuites>