<?xml version="1.0" encoding="utf-8"?><testsuites name="pytest tests"><testsuite name="pytest" errors="0" failures="0" skipped="0" tests="9" time="10.394" timestamp="2026-04-03T18:40:02.518272+00:00" hostname="agent-env-dca04b80-52f9-43a7-97e9-393a526f167f"><testcase classname="backend.tests.test_iteration131_scene_regen_audio.TestSceneRegenerationAudio" name="test_01_login_success" time="0.908" /><testcase classname="backend.tests.test_iteration131_scene_regen_audio.TestSceneRegenerationAudio" name="test_02_get_project_details" time="1.385" /><testcase classname="backend.tests.test_iteration131_scene_regen_audio.TestSceneRegenerationAudio" name="test_03_regenerate_scene_endpoint_exists" time="1.372" /><testcase classname="backend.tests.test_iteration131_scene_regen_audio.TestSceneRegenerationAudio" name="test_04_verify_subprocess_tempfile_imports" time="2.296" /><testcase classname="backend.tests.test_iteration131_scene_regen_audio.TestSceneRegenerationAudio" name="test_05_verify_production_uses_global_imports" time="0.001" /><testcase classname="backend.tests.test_iteration131_scene_regen_audio.TestSceneRegenerationAudio" name="test_06_check_scene_status_endpoint" time="1.789" /><testcase classname="backend.tests.test_iteration131_scene_regen_audio.TestSceneRegenerationAudio" name="test_07_verify_audio_generation_code_path" time="0.001" /><testcase classname="backend.tests.test_iteration131_scene_regen_audio.TestProjectVoiceConfiguration" name="test_01_get_voice_map" time="1.653" /><testcase classname="backend.tests.test_iteration131_scene_regen_audio.TestProjectVoiceConfiguration" name="test_02_get_available_voices" time="0.931" /></testsuite></testsuites>