<?xml version="1.0" encoding="utf-8"?><testsuites name="pytest tests"><testsuite name="pytest" errors="0" failures="0" skipped="2" tests="17" time="62.525" timestamp="2026-03-21T02:03:28.777231+00:00" hostname="agent-env-a301c09a-8b7e-4c74-83ed-b962badcd1af"><testcase classname="tests.test_iteration75_features.TestCleanNarrationForTTS" name="test_removes_antes_depois_tags" time="2.105" /><testcase classname="tests.test_iteration75_features.TestCleanNarrationForTTS" name="test_removes_hook_build_climax_tags" time="0.000" /><testcase classname="tests.test_iteration75_features.TestCleanNarrationForTTS" name="test_removes_direction_tags" time="0.000" /><testcase classname="tests.test_iteration75_features.TestCleanNarrationForTTS" name="test_removes_triple_angle_brackets" time="0.000" /><testcase classname="tests.test_iteration75_features.TestCleanNarrationForTTS" name="test_removes_timing_marks" time="0.000" /><testcase classname="tests.test_iteration75_features.TestCleanNarrationForTTS" name="test_removes_emotion_pace_volume_tags" time="0.000" /><testcase classname="tests.test_iteration75_features.TestCleanNarrationForTTS" name="test_comprehensive_cleaning" time="0.000" /><testcase classname="tests.test_iteration75_features.TestBuildMusicPromptFromDylan" name="test_extracts_elevenlabs_music_prompt" time="0.000" /><testcase classname="tests.test_iteration75_features.TestBuildMusicPromptFromDylan" name="test_fallback_to_music_selection" time="0.000" /><testcase classname="tests.test_iteration75_features.TestBuildMusicPromptFromDylan" name="test_mood_based_fallback" time="0.000" /><testcase classname="tests.test_iteration75_features.TestDylanPromptContainsElevenLabsSection" name="test_dylan_prompt_has_elevenlabs_section" time="0.000" /><testcase classname="tests.test_iteration75_features.TestAvatarFromPromptRequest" name="test_model_accepts_reference_photo_url" time="0.000" /><testcase classname="tests.test_iteration75_features.TestAvatarFromPromptRequest" name="test_model_reference_photo_url_optional" time="0.000" /><testcase classname="tests.test_iteration75_features.TestGenerateAvatarFromPromptEndpoint" name="test_endpoint_accepts_reference_photo_url" time="60.333"><skipped type="pytest.skip" message="Authentication failed - skipping authenticated tests">/app/backend/tests/test_iteration75_features.py:306: Authentication failed - skipping authenticated tests</skipped></testcase><testcase classname="tests.test_iteration75_features.TestCampaignAutoUpdate" name="test_find_campaign_for_pipeline_function" time="0.000" /><testcase classname="tests.test_iteration75_features.TestRegenerateVideoEndpoint" name="test_regenerate_video_returns_200_or_expected_error" time="0.000"><skipped type="pytest.skip" message="Authentication failed - skipping authenticated tests">/app/backend/tests/test_iteration75_features.py:381: Authentication failed - skipping authenticated tests</skipped></testcase><testcase classname="tests.test_iteration75_features.TestElevenLabsMusicGenerationFunction" name="test_function_exists" time="0.000" /></testsuite></testsuites>