<?xml version="1.0" encoding="utf-8"?><testsuites name="pytest tests"><testsuite name="pytest" errors="0" failures="0" skipped="0" tests="6" time="4.628" timestamp="2026-03-13T22:18:46.786461+00:00" hostname="agent-env-a301c09a-8b7e-4c74-83ed-b962badcd1af"><testcase classname="backend.tests.test_iteration22_publish_campaign.TestAuth" name="test_login_success" time="0.588" /><testcase classname="backend.tests.test_iteration22_publish_campaign.TestCampaigns" name="test_get_campaigns_list" time="0.929" /><testcase classname="backend.tests.test_iteration22_publish_campaign.TestCampaigns" name="test_campaigns_count" time="0.463" /><testcase classname="backend.tests.test_iteration22_publish_campaign.TestPipelinePublish" name="test_publish_already_published_pipeline" time="1.164" /><testcase classname="backend.tests.test_iteration22_publish_campaign.TestPipelinePublish" name="test_get_pipeline_details" time="0.478" /><testcase classname="backend.tests.test_iteration22_publish_campaign.TestPipelineList" name="test_list_pipelines" time="0.946" /></testsuite></testsuites>