<?xml version="1.0" encoding="utf-8"?><testsuites name="pytest tests"><testsuite name="pytest" errors="0" failures="0" skipped="0" tests="11" time="19.065" timestamp="2026-03-22T16:51:28.707899+00:00" hostname="agent-env-a301c09a-8b7e-4c74-83ed-b962badcd1af"><testcase classname="backend.tests.test_iteration85_avatar_edit_history.TestAvatarEditHistoryPersistence" name="test_01_create_avatar_with_edit_history" time="1.952" /><testcase classname="backend.tests.test_iteration85_avatar_edit_history.TestAvatarEditHistoryPersistence" name="test_02_get_avatars_returns_edit_history" time="1.664" /><testcase classname="backend.tests.test_iteration85_avatar_edit_history.TestAvatarEditHistoryPersistence" name="test_03_delete_history_entry_success" time="1.744" /><testcase classname="backend.tests.test_iteration85_avatar_edit_history.TestAvatarEditHistoryPersistence" name="test_04_delete_history_entry_invalid_index_returns_400" time="1.697" /><testcase classname="backend.tests.test_iteration85_avatar_edit_history.TestAvatarEditHistoryPersistence" name="test_05_delete_history_entry_negative_index_returns_400" time="1.822" /><testcase classname="backend.tests.test_iteration85_avatar_edit_history.TestAvatarEditHistoryPersistence" name="test_06_delete_history_entry_invalid_avatar_id_returns_404" time="0.766" /><testcase classname="backend.tests.test_iteration85_avatar_edit_history.TestAvatarEditHistoryPersistence" name="test_07_update_avatar_preserves_edit_history" time="2.154" /><testcase classname="backend.tests.test_iteration85_avatar_edit_history.TestAvatarEditHistoryPersistence" name="test_08_create_avatar_without_edit_history" time="1.370" /><testcase classname="backend.tests.test_iteration85_avatar_edit_history.TestAvatarEditHistoryPersistence" name="test_09_delete_history_entry_empty_history_returns_400" time="1.684" /><testcase classname="backend.tests.test_iteration85_avatar_edit_history.TestAvatarEditHistoryDataIntegrity" name="test_10_edit_history_preserves_all_fields" time="1.354" /><testcase classname="backend.tests.test_iteration85_avatar_edit_history.TestAvatarEditHistoryDataIntegrity" name="test_11_multiple_sequential_deletes" time="2.770" /></testsuite></testsuites>