<?xml version="1.0" encoding="utf-8"?><testsuites name="pytest tests"><testsuite name="pytest" errors="0" failures="0" skipped="0" tests="11" time="12.261" timestamp="2026-03-21T07:57:09.676840+00:00" hostname="agent-env-a301c09a-8b7e-4c74-83ed-b962badcd1af"><testcase classname="backend.tests.test_iteration83_art_gallery_complete_fix.TestAuthAndHealth" name="test_backend_health" time="0.151" /><testcase classname="backend.tests.test_iteration83_art_gallery_complete_fix.TestAuthAndHealth" name="test_login_success" time="0.460" /><testcase classname="backend.tests.test_iteration83_art_gallery_complete_fix.TestHerculesCampaignImages" name="test_get_campaigns_list" time="1.046" /><testcase classname="backend.tests.test_iteration83_art_gallery_complete_fix.TestHerculesCampaignImages" name="test_hercules_campaign_has_12_images" time="1.023" /><testcase classname="backend.tests.test_iteration83_art_gallery_complete_fix.TestHerculesCampaignImages" name="test_original_images_preserved" time="1.154" /><testcase classname="backend.tests.test_iteration83_art_gallery_complete_fix.TestPipelineImagesField" name="test_pipeline_list_returns_images" time="1.250" /><testcase classname="backend.tests.test_iteration83_art_gallery_complete_fix.TestBiblizooCampaign" name="test_biblizoo_campaign_images" time="0.939" /><testcase classname="backend.tests.test_iteration83_art_gallery_complete_fix.TestMigrateImagesEndpoint" name="test_migrate_images_endpoint_exists" time="1.240" /><testcase classname="backend.tests.test_iteration83_art_gallery_complete_fix.TestRegenerateSingleImageMerge" name="test_regenerate_single_image_endpoint_exists" time="0.585" /><testcase classname="backend.tests.test_iteration83_art_gallery_complete_fix.TestEditImageTextMerge" name="test_edit_image_text_endpoint_exists" time="0.889" /><testcase classname="backend.tests.test_iteration83_art_gallery_complete_fix.TestCampaignImageDataIntegrity" name="test_all_campaigns_have_valid_images" time="3.454" /></testsuite></testsuites>