<?xml version="1.0" encoding="utf-8"?><testsuites name="pytest tests"><testsuite name="pytest" errors="0" failures="0" skipped="0" tests="22" time="3.498" timestamp="2026-03-21T04:41:37.321169+00:00" hostname="agent-env-a301c09a-8b7e-4c74-83ed-b962badcd1af"><testcase classname="tests.test_iteration80_video_quality.TestFFmpegCRFValues" name="test_no_crf_23_in_media_py" time="0.002" /><testcase classname="tests.test_iteration80_video_quality.TestFFmpegCRFValues" name="test_crf_16_in_main_pipeline" time="0.001" /><testcase classname="tests.test_iteration80_video_quality.TestFFmpegPresetValues" name="test_preset_slow_in_main_pipeline" time="0.001" /><testcase classname="tests.test_iteration80_video_quality.TestFFmpegPresetValues" name="test_preset_slow_in_combine_commercial_video" time="0.000" /><testcase classname="tests.test_iteration80_video_quality.TestNormalizationScaleCrop" name="test_normalization_uses_scale_crop" time="0.000" /><testcase classname="tests.test_iteration80_video_quality.TestNormalizationScaleCrop" name="test_normalization_filter_format" time="0.000" /><testcase classname="tests.test_iteration80_video_quality.TestTargetSizeParameter" name="test_combine_commercial_video_accepts_target_size" time="0.000" /><testcase classname="tests.test_iteration80_video_quality.TestTargetSizeParameter" name="test_generate_commercial_video_passes_target_size" time="0.001" /><testcase classname="tests.test_iteration80_video_quality.TestAudioPreApproval" name="test_marcos_video_sets_waiting_audio_approval" time="0.000" /><testcase classname="tests.test_iteration80_video_quality.TestAudioPreApproval" name="test_marcos_video_returns_before_video_generation" time="0.000" /><testcase classname="tests.test_iteration80_video_quality.TestVideoPlatformFormats" name="test_video_platform_formats_has_required_platforms" time="0.001" /><testcase classname="tests.test_iteration80_video_quality.TestVideoPlatformFormats" name="test_video_platform_formats_structure" time="2.126" /><testcase classname="tests.test_iteration80_video_quality.TestBackendHealth" name="test_backend_health_check" time="0.239" /><testcase classname="tests.test_iteration80_video_quality.TestAudioBitrate" name="test_audio_bitrate_not_192k" time="0.000" /><testcase classname="tests.test_iteration80_video_quality.TestAudioBitrate" name="test_audio_bitrate_values" time="0.000" /><testcase classname="tests.test_iteration80_video_quality.TestApproveAudioEndpoint" name="test_approve_audio_endpoint_exists" time="0.000" /><testcase classname="tests.test_iteration80_video_quality.TestApproveAudioEndpoint" name="test_approve_audio_returns_404_for_nonexistent" time="1.040" /><testcase classname="tests.test_iteration80_video_quality.TestApproveAudioEndpoint" name="test_approve_audio_validates_status" time="0.001" /><testcase classname="tests.test_iteration80_video_quality.TestContinueVideoAfterApproval" name="test_continue_video_function_exists" time="0.000" /><testcase classname="tests.test_iteration80_video_quality.TestContinueVideoAfterApproval" name="test_continue_video_uses_saved_script" time="0.000" /><testcase classname="tests.test_iteration80_video_quality.TestCreateVideoVariants" name="test_create_video_variants_uses_slow_preset" time="0.000" /><testcase classname="tests.test_iteration80_video_quality.TestCreateVideoVariants" name="test_create_video_variants_uses_crf_18" time="0.000" /></testsuite></testsuites>