<?xml version="1.0" encoding="utf-8"?><testsuites name="pytest tests"><testsuite name="pytest" errors="0" failures="0" skipped="0" tests="19" time="10.011" timestamp="2026-03-26T22:03:22.116723+00:00" hostname="agent-env-a301c09a-8b7e-4c74-83ed-b962badcd1af"><testcase classname="backend.tests.test_iteration116_studio_redesign.TestHealthAndAuth" name="test_health_endpoint" time="0.287" /><testcase classname="backend.tests.test_iteration116_studio_redesign.TestHealthAndAuth" name="test_login_success" time="0.975" /><testcase classname="backend.tests.test_iteration116_studio_redesign.TestStudioEndpoints" name="test_list_projects" time="1.610" /><testcase classname="backend.tests.test_iteration116_studio_redesign.TestStudioEndpoints" name="test_project_status" time="1.390" /><testcase classname="backend.tests.test_iteration116_studio_redesign.TestStudioEndpoints" name="test_project_has_scenes" time="1.263" /><testcase classname="backend.tests.test_iteration116_studio_redesign.TestStudioEndpoints" name="test_project_has_outputs" time="1.332" /><testcase classname="backend.tests.test_iteration116_studio_redesign.TestStudioEndpoints" name="test_cache_stats_endpoint" time="0.141" /><testcase classname="backend.tests.test_iteration116_studio_redesign.TestStoryboardEndpoints" name="test_get_storyboard" time="1.413" /><testcase classname="backend.tests.test_iteration116_studio_redesign.TestStoryboardEndpoints" name="test_continuity_status" time="1.524" /><testcase classname="backend.tests.test_iteration116_studio_redesign.TestFrontendAssets" name="test_tailwind_config_has_fonts" time="0.000" /><testcase classname="backend.tests.test_iteration116_studio_redesign.TestFrontendAssets" name="test_index_css_has_google_fonts" time="0.000" /><testcase classname="backend.tests.test_iteration116_studio_redesign.TestDirectedStudioComponent" name="test_step_navigation_testids" time="0.000" /><testcase classname="backend.tests.test_iteration116_studio_redesign.TestDirectedStudioComponent" name="test_step5_results_testid" time="0.000" /><testcase classname="backend.tests.test_iteration116_studio_redesign.TestDirectedStudioComponent" name="test_deliverables_grid_testid" time="0.000" /><testcase classname="backend.tests.test_iteration116_studio_redesign.TestDirectedStudioComponent" name="test_deliverable_cards_testids" time="0.000" /><testcase classname="backend.tests.test_iteration116_studio_redesign.TestDirectedStudioComponent" name="test_deliverables_cenas_testid" time="0.000" /><testcase classname="backend.tests.test_iteration116_studio_redesign.TestDirectedStudioComponent" name="test_close_post_production_testid" time="0.000" /><testcase classname="backend.tests.test_iteration116_studio_redesign.TestDirectedStudioComponent" name="test_hero_section_testid" time="0.000" /><testcase classname="backend.tests.test_iteration116_studio_redesign.TestDirectedStudioComponent" name="test_download_button_testid" time="0.000" /></testsuite></testsuites>