<?xml version="1.0" encoding="utf-8"?><testsuites name="pytest tests"><testsuite name="pytest" errors="0" failures="0" skipped="0" tests="9" time="6.329" timestamp="2026-03-15T18:10:40.444052+00:00" hostname="agent-env-a301c09a-8b7e-4c74-83ed-b962badcd1af"><testcase classname="backend.tests.test_iteration38_marketing_channels.TestAuth" name="test_login_success" time="0.623" /><testcase classname="backend.tests.test_iteration38_marketing_channels.TestAuth" name="test_login_returns_access_token_not_token" time="0.479" /><testcase classname="backend.tests.test_iteration38_marketing_channels.TestCampaigns" name="test_campaigns_list_requires_auth" time="0.155" /><testcase classname="backend.tests.test_iteration38_marketing_channels.TestCampaigns" name="test_campaigns_list_with_auth" time="1.218" /><testcase classname="backend.tests.test_iteration38_marketing_channels.TestCampaigns" name="test_campaign_has_required_fields" time="1.195" /><testcase classname="backend.tests.test_iteration38_marketing_channels.TestRemixAudioAPI" name="test_remix_audio_endpoint_exists" time="0.974" /><testcase classname="backend.tests.test_iteration38_marketing_channels.TestRemixAudioAPI" name="test_remix_audio_returns_status_remixing" time="0.997" /><testcase classname="backend.tests.test_iteration38_marketing_channels.TestPlatformFormats" name="test_platform_aspect_ratios_defined" time="0.000" /><testcase classname="backend.tests.test_iteration38_marketing_channels.TestMusicLibrary" name="test_music_library_endpoint" time="0.623" /></testsuite></testsuites>