<?xml version="1.0" encoding="utf-8"?><testsuites name="pytest tests"><testsuite name="pytest" errors="0" failures="0" skipped="0" tests="14" time="7.547" timestamp="2026-03-12T17:55:46.383862+00:00" hostname="agent-env-625959d4-99a9-4ef0-a822-04a4fd77cb87"><testcase classname="tests.test_iteration14_personal_agents.TestPersonalAgentsFeature" name="test_marketplace_endpoint_returns_25_agents" time="2.162" /><testcase classname="tests.test_iteration14_personal_agents.TestPersonalAgentsFeature" name="test_marketplace_returns_plan_info" time="0.373" /><testcase classname="tests.test_iteration14_personal_agents.TestPersonalAgentsFeature" name="test_personal_agents_have_locked_flag" time="0.382" /><testcase classname="tests.test_iteration14_personal_agents.TestPersonalAgentsFeature" name="test_personal_agents_names" time="0.335" /><testcase classname="tests.test_iteration14_personal_agents.TestPersonalAgentsFeature" name="test_personal_agents_have_is_personal_flag" time="0.441" /><testcase classname="tests.test_iteration14_personal_agents.TestPersonalAgentsFeature" name="test_personal_agents_require_pro_plan" time="0.349" /><testcase classname="tests.test_iteration14_personal_agents.TestPersonalAgentsFeature" name="test_deploy_personal_agent_free_plan_returns_403" time="0.495" /><testcase classname="tests.test_iteration14_personal_agents.TestPersonalAgentsFeature" name="test_deploy_personal_agent_luna_free_plan_returns_403" time="0.467" /><testcase classname="tests.test_iteration14_personal_agents.TestPersonalAgentsFeature" name="test_deploy_personal_agent_max_free_plan_returns_403" time="0.478" /><testcase classname="tests.test_iteration14_personal_agents.TestPersonalAgentsFeature" name="test_business_agents_not_locked" time="0.351" /><testcase classname="tests.test_iteration14_personal_agents.TestPersonalAgentsFeature" name="test_personal_agent_description_format" time="0.347" /><testcase classname="tests.test_iteration14_personal_agents.TestPersonalAgentsFeature" name="test_marketplace_unauthenticated_returns_401" time="0.120" /><testcase classname="tests.test_iteration14_personal_agents.TestPersonalAgentsFeature" name="test_agent_type_descriptions_includes_personal" time="0.345" /><testcase classname="tests.test_iteration14_personal_agents.TestBusinessAgentsDeployment" name="test_business_agent_carol_accessible" time="0.852" /></testsuite></testsuites>