<?xml version="1.0" encoding="utf-8"?><testsuites name="pytest tests"><testsuite name="pytest" errors="0" failures="0" skipped="1" tests="8" time="25.031" timestamp="2026-04-15T20:23:31.741125+00:00" hostname="agent-env-08c6580b-df6e-48ea-9bb8-881e4b4c7595"><testcase classname="backend.tests.test_iteration135_sora2_production.TestHealthAndAuth" name="test_health_endpoint" time="0.163" /><testcase classname="backend.tests.test_iteration135_sora2_production.TestHealthAndAuth" name="test_login_with_test_credentials" time="1.285" /><testcase classname="backend.tests.test_iteration135_sora2_production.TestProjectList" name="test_get_projects_list" time="3.122" /><testcase classname="backend.tests.test_iteration135_sora2_production.TestFullProductionValidation" name="test_sora2_project_full_production_no_storyboards_required" time="5.834" /><testcase classname="backend.tests.test_iteration135_sora2_production.TestFullProductionValidation" name="test_kling_project_requires_storyboards" time="0.733"><skipped type="pytest.skip" message="Authentication failed">/app/backend/tests/test_iteration135_sora2_production.py:146: Authentication failed</skipped></testcase><testcase classname="backend.tests.test_iteration135_sora2_production.TestStartProduction" name="test_start_production_sora2" time="2.838" /><testcase classname="backend.tests.test_iteration135_sora2_production.TestProjectEngineValidation" name="test_get_specific_sora_project" time="2.645" /><testcase classname="backend.tests.test_iteration135_sora2_production.TestBackendLangBugFix" name="test_full_production_no_lang_error" time="8.349" /></testsuite></testsuites>