<?xml version="1.0" encoding="utf-8"?><testsuites name="pytest tests"><testsuite name="pytest" errors="0" failures="0" skipped="0" tests="7" time="9.405" timestamp="2026-03-12T07:26:50.400162+00:00" hostname="agent-env-e29511b5-747f-4993-9849-a02364c1dbb0"><testcase classname="tests.test_multimodal_ai.TestHealthAndAuth" name="test_health_check" time="1.845" /><testcase classname="tests.test_multimodal_ai.TestHealthAndAuth" name="test_login_success" time="0.670" /><testcase classname="tests.test_multimodal_ai.TestHealthAndAuth" name="test_login_invalid_credentials" time="0.233" /><testcase classname="tests.test_multimodal_ai.TestImageAnalysis" name="test_analyze_image_accepts_form_data" time="4.538" /><testcase classname="tests.test_multimodal_ai.TestImageAnalysis" name="test_analyze_image_requires_auth" time="0.141" /><testcase classname="tests.test_multimodal_ai.TestAudioTranscription" name="test_transcribe_accepts_form_data" time="1.810" /><testcase classname="tests.test_multimodal_ai.TestAudioTranscription" name="test_transcribe_requires_auth" time="0.110" /></testsuite></testsuites>