<?xml version="1.0" encoding="utf-8"?><testsuites name="pytest tests"><testsuite name="pytest" errors="0" failures="0" skipped="0" tests="11" time="31.003" timestamp="2026-03-17T05:54:13.461793+00:00" hostname="agent-env-a301c09a-8b7e-4c74-83ed-b962badcd1af"><testcase classname="backend.tests.test_iteration63_avatar_logo.TestAuthentication" name="test_backend_health" time="0.549" /><testcase classname="backend.tests.test_iteration63_avatar_logo.TestAuthentication" name="test_login_success" time="0.530" /><testcase classname="backend.tests.test_iteration63_avatar_logo.TestCompaniesEndpoint" name="test_get_companies_returns_list" time="0.862" /><testcase classname="backend.tests.test_iteration63_avatar_logo.TestAvatarsEndpoint" name="test_get_avatars_returns_list" time="0.380" /><testcase classname="backend.tests.test_iteration63_avatar_logo.TestGenerateAvatarWithAccuracy" name="test_endpoint_accepts_logo_url_parameter" time="0.160" /><testcase classname="backend.tests.test_iteration63_avatar_logo.TestGenerateAvatarWithAccuracy" name="test_status_endpoint_works" time="2.048" /><testcase classname="backend.tests.test_iteration63_avatar_logo.TestGenerateAvatarVariant" name="test_endpoint_accepts_logo_url_parameter" time="21.286" /><testcase classname="backend.tests.test_iteration63_avatar_logo.TestGenerateAvatar360" name="test_endpoint_accepts_logo_url_parameter" time="3.074" /><testcase classname="backend.tests.test_iteration63_avatar_logo.TestGenerateAvatar360" name="test_360_status_endpoint_works" time="2.044" /><testcase classname="backend.tests.test_iteration63_avatar_logo.TestAccuracyCompareThreshold" name="test_threshold_is_7_in_code" time="0.001" /><testcase classname="backend.tests.test_iteration63_avatar_logo.TestLogoCompositeFunction" name="test_composite_function_exists" time="0.002" /></testsuite></testsuites>