<?xml version="1.0" encoding="utf-8"?><testsuites name="pytest tests"><testsuite name="pytest" errors="0" failures="0" skipped="0" tests="6" time="4.075" timestamp="2026-03-14T01:52:39.526500+00:00" hostname="agent-env-a301c09a-8b7e-4c74-83ed-b962badcd1af"><testcase classname="backend.tests.test_iteration23_rafael_features.TestAuth" name="test_login_success" time="0.741" /><testcase classname="backend.tests.test_iteration23_rafael_features.TestPipelineLabels" name="test_get_labels_unauthenticated" time="0.108" /><testcase classname="backend.tests.test_iteration23_rafael_features.TestPipelineLabels" name="test_labels_endpoint_rafael" time="1.382" /><testcase classname="backend.tests.test_iteration23_rafael_features.TestSavedHistory" name="test_saved_history_endpoint" time="0.496" /><testcase classname="backend.tests.test_iteration23_rafael_features.TestPipelineList" name="test_list_pipelines" time="0.567" /><testcase classname="backend.tests.test_iteration23_rafael_features.TestStepOrderInCode" name="test_step_order_matches_expectation" time="0.713" /></testsuite></testsuites>