<?xml version="1.0" encoding="utf-8"?><testsuites name="pytest tests"><testsuite name="pytest" errors="0" failures="0" skipped="0" tests="12" time="20.243" timestamp="2026-03-25T13:11:57.444195+00:00" hostname="agent-env-a301c09a-8b7e-4c74-83ed-b962badcd1af"><testcase classname="backend.tests.test_iteration103_subtitles_regen.TestAuth" name="test_login_success" time="1.105" /><testcase classname="backend.tests.test_iteration103_subtitles_regen.TestSubtitlesGeneration" name="test_generate_subtitles_endpoint_exists" time="3.059" /><testcase classname="backend.tests.test_iteration103_subtitles_regen.TestSubtitlesGeneration" name="test_generate_subtitles_returns_srt_urls" time="1.885" /><testcase classname="backend.tests.test_iteration103_subtitles_regen.TestSubtitlesGeneration" name="test_generate_subtitles_no_narrations_returns_400" time="2.442" /><testcase classname="backend.tests.test_iteration103_subtitles_regen.TestSceneRegeneration" name="test_regen_scene_endpoint_exists" time="1.751" /><testcase classname="backend.tests.test_iteration103_subtitles_regen.TestSceneRegeneration" name="test_regen_scene_invalid_scene_returns_404" time="1.412" /><testcase classname="backend.tests.test_iteration103_subtitles_regen.TestSceneRegeneration" name="test_regen_scene_invalid_project_returns_404" time="1.069" /><testcase classname="backend.tests.test_iteration103_subtitles_regen.TestStatusEndpointsSubtitlesField" name="test_project_status_includes_subtitles_field" time="0.872" /><testcase classname="backend.tests.test_iteration103_subtitles_regen.TestStatusEndpointsSubtitlesField" name="test_post_production_status_includes_subtitles_field" time="1.022" /><testcase classname="backend.tests.test_iteration103_subtitles_regen.TestStatusEndpointsSubtitlesField" name="test_post_production_status_structure" time="0.585" /><testcase classname="backend.tests.test_iteration103_subtitles_regen.TestProjectWithNarrations" name="test_project_exists_and_has_narrations" time="1.450" /><testcase classname="backend.tests.test_iteration103_subtitles_regen.TestProjectWithNarrations" name="test_full_subtitles_flow" time="3.515" /></testsuite></testsuites>