<?xml version="1.0" encoding="utf-8"?><testsuites name="pytest tests"><testsuite name="pytest" errors="0" failures="0" skipped="0" tests="8" time="8.079" timestamp="2026-03-12T06:35:39.554191+00:00" hostname="agent-env-e29511b5-747f-4993-9849-a02364c1dbb0"><testcase classname="backend.tests.test_whatsapp_integration.TestHealthAndAuth" name="test_health_endpoint" time="0.197" /><testcase classname="backend.tests.test_whatsapp_integration.TestHealthAndAuth" name="test_login_success" time="0.629" /><testcase classname="backend.tests.test_whatsapp_integration.TestChannels" name="test_get_channels_authenticated" time="0.841" /><testcase classname="backend.tests.test_whatsapp_integration.TestWhatsAppEndpoints" name="test_create_instance_graceful_failure" time="0.770" /><testcase classname="backend.tests.test_whatsapp_integration.TestWhatsAppEndpoints" name="test_send_message_no_channel_configured" time="1.185" /><testcase classname="backend.tests.test_whatsapp_integration.TestWhatsAppEndpoints" name="test_get_status_no_channel" time="0.851" /><testcase classname="backend.tests.test_whatsapp_integration.TestWhatsAppEndpoints" name="test_get_qr_no_channel" time="0.807" /><testcase classname="backend.tests.test_whatsapp_integration.TestWhatsAppWithChannel" name="test_whatsapp_flow_with_fake_config" time="2.733" /></testsuite></testsuites>