<?xml version="1.0" encoding="utf-8"?><testsuites name="pytest tests"><testsuite name="pytest" errors="0" failures="0" skipped="0" tests="29" time="14.868" timestamp="2026-03-26T06:17:47.250948+00:00" hostname="agent-env-a301c09a-8b7e-4c74-83ed-b962badcd1af"><testcase classname="backend.tests.test_iteration114_continuity_director.TestContinuityDirectorBackend" name="test_health_endpoint" time="0.203" /><testcase classname="backend.tests.test_iteration114_continuity_director.TestContinuityDirectorBackend" name="test_login_success" time="1.489" /><testcase classname="backend.tests.test_iteration114_continuity_director.TestContinuityDirectorBackend" name="test_continuity_status_endpoint_exists" time="1.608" /><testcase classname="backend.tests.test_iteration114_continuity_director.TestContinuityDirectorBackend" name="test_continuity_status_has_done_phase" time="0.711" /><testcase classname="backend.tests.test_iteration114_continuity_director.TestContinuityDirectorBackend" name="test_continuity_report_has_issues" time="0.717" /><testcase classname="backend.tests.test_iteration114_continuity_director.TestContinuityDirectorBackend" name="test_continuity_analyze_endpoint_exists" time="2.014" /><testcase classname="backend.tests.test_iteration114_continuity_director.TestContinuityDirectorBackend" name="test_continuity_analyze_returns_400_for_no_panels" time="0.681" /><testcase classname="backend.tests.test_iteration114_continuity_director.TestContinuityDirectorBackend" name="test_continuity_analyze_returns_404_for_invalid_project" time="0.646" /><testcase classname="backend.tests.test_iteration114_continuity_director.TestContinuityDirectorBackend" name="test_continuity_autocorrect_endpoint_exists" time="1.054" /><testcase classname="backend.tests.test_iteration114_continuity_director.TestContinuityDirectorBackend" name="test_continuity_autocorrect_returns_400_for_no_report" time="0.975" /><testcase classname="backend.tests.test_iteration114_continuity_director.TestContinuityDirectorBackend" name="test_continuity_autocorrect_returns_404_for_invalid_project" time="0.660" /><testcase classname="backend.tests.test_iteration114_continuity_director.TestContinuityDirectorBackend" name="test_project_status_includes_continuity_status" time="0.667" /><testcase classname="backend.tests.test_iteration114_continuity_director.TestContinuityDirectorBackend" name="test_project_status_includes_continuity_report" time="0.666" /><testcase classname="backend.tests.test_iteration114_continuity_director.TestContinuityDirectorBackend" name="test_continuity_director_file_exists" time="0.000" /><testcase classname="backend.tests.test_iteration114_continuity_director.TestContinuityDirectorBackend" name="test_continuity_director_has_analyze_function" time="0.000" /><testcase classname="backend.tests.test_iteration114_continuity_director.TestContinuityDirectorBackend" name="test_continuity_director_has_auto_correct_function" time="0.000" /><testcase classname="backend.tests.test_iteration114_continuity_director.TestContinuityDirectorBackend" name="test_continuity_director_has_build_character_reference" time="0.000" /><testcase classname="backend.tests.test_iteration114_continuity_director.TestContinuityDirectorBackend" name="test_studio_router_has_continuity_analyze" time="0.000" /><testcase classname="backend.tests.test_iteration114_continuity_director.TestContinuityDirectorBackend" name="test_studio_router_has_continuity_status" time="0.000" /><testcase classname="backend.tests.test_iteration114_continuity_director.TestContinuityDirectorBackend" name="test_studio_router_has_continuity_autocorrect" time="0.000" /><testcase classname="backend.tests.test_iteration114_continuity_director.TestContinuityDirectorBackend" name="test_storyboard_editor_has_continuity_panel" time="0.000" /><testcase classname="backend.tests.test_iteration114_continuity_director.TestContinuityDirectorBackend" name="test_storyboard_editor_has_continuity_analyze_btn" time="0.000" /><testcase classname="backend.tests.test_iteration114_continuity_director.TestContinuityDirectorBackend" name="test_storyboard_editor_has_continuity_correct_btn" time="0.000" /><testcase classname="backend.tests.test_iteration114_continuity_director.TestContinuityDirectorBackend" name="test_storyboard_editor_has_continuity_state_vars" time="0.000" /><testcase classname="backend.tests.test_iteration114_continuity_director.TestContinuityDirectorBackend" name="test_storyboard_editor_has_continuity_functions" time="0.000" /><testcase classname="backend.tests.test_iteration114_continuity_director.TestContinuityDirectorBackend" name="test_storyboard_editor_has_shield_icon" time="0.000" /><testcase classname="backend.tests.test_iteration114_continuity_director.TestContinuityDirectorBackend" name="test_storyboard_editor_has_continuity_api_calls" time="0.000" /><testcase classname="backend.tests.test_iteration114_continuity_director.TestContinuityDirectorReportStructure" name="test_continuity_report_structure" time="1.988" /><testcase classname="backend.tests.test_iteration114_continuity_director.TestContinuityDirectorReportStructure" name="test_continuity_status_structure" time="0.702" /></testsuite></testsuites>