<?xml version="1.0" encoding="utf-8"?><testsuites name="pytest tests"><testsuite name="pytest" errors="0" failures="0" skipped="0" tests="21" time="18.918" timestamp="2026-04-23T04:21:11.180104+00:00" hostname="agent-env-08c6580b-df6e-48ea-9bb8-881e4b4c7595"><testcase classname="tests.test_p2_quality_dashboard.TestAuth" name="test_login_works" time="1.581" /><testcase classname="tests.test_p2_quality_dashboard.TestQualityDashboard" name="test_quality_dashboard_returns_200" time="2.527" /><testcase classname="tests.test_p2_quality_dashboard.TestQualityDashboard" name="test_quality_dashboard_has_videos_section" time="1.072" /><testcase classname="tests.test_p2_quality_dashboard.TestQualityDashboard" name="test_quality_dashboard_has_books_section" time="1.072" /><testcase classname="tests.test_p2_quality_dashboard.TestQualityDashboard" name="test_quality_dashboard_has_auto_fix_section" time="1.600" /><testcase classname="tests.test_p2_quality_dashboard.TestQualityDashboard" name="test_quality_dashboard_has_cost_section" time="1.084" /><testcase classname="tests.test_p2_quality_dashboard.TestQualityDashboard" name="test_quality_dashboard_has_hot_issues" time="1.050" /><testcase classname="tests.test_p2_quality_dashboard.TestQualityDashboard" name="test_quality_dashboard_hot_issues_sorted_by_score" time="1.067" /><testcase classname="tests.test_p2_quality_dashboard.TestQualityDashboard" name="test_quality_dashboard_hot_issues_max_10" time="1.171" /><testcase classname="tests.test_p2_quality_dashboard.TestRegression" name="test_projects_list_loads" time="2.945" /><testcase classname="tests.test_p2_quality_dashboard.TestRegression" name="test_agents_registry_loads" time="0.165" /><testcase classname="tests.test_p2_quality_dashboard.TestRegression" name="test_agents_metrics_loads" time="1.075" /><testcase classname="tests.test_p2_quality_dashboard.TestMultiLanguagePrompts" name="test_resolve_agent_prompt_with_lang_pt" time="2.413" /><testcase classname="tests.test_p2_quality_dashboard.TestMultiLanguagePrompts" name="test_resolve_agent_prompt_without_lang" time="0.000" /><testcase classname="tests.test_p2_quality_dashboard.TestMultiLanguagePrompts" name="test_resolve_agent_prompt_with_lang_en" time="0.000" /><testcase classname="tests.test_p2_quality_dashboard.TestExceptCleanup" name="test_no_naked_except_in_studio_routers" time="0.010" /><testcase classname="tests.test_p2_quality_dashboard.TestExceptCleanup" name="test_except_exception_count" time="0.009" /><testcase classname="tests.test_p2_quality_dashboard.TestCodeIntegration" name="test_screenwriter_uses_lang_parameter" time="0.001" /><testcase classname="tests.test_p2_quality_dashboard.TestCodeIntegration" name="test_dialogues_uses_lang_parameter" time="0.000" /><testcase classname="tests.test_p2_quality_dashboard.TestCodeIntegration" name="test_parallel_agents_uses_lang_parameter" time="0.000" /><testcase classname="tests.test_p2_quality_dashboard.TestCodeIntegration" name="test_narration_uses_lang_parameter" time="0.000" /></testsuite></testsuites>