<?xml version="1.0" encoding="utf-8"?><testsuites name="pytest tests"><testsuite name="pytest" errors="0" failures="0" skipped="0" tests="11" time="14.815" timestamp="2026-03-25T06:31:22.284904+00:00" hostname="agent-env-a301c09a-8b7e-4c74-83ed-b962badcd1af"><testcase classname="tests.test_iteration102_postproduction.TestAuth" name="test_login_success" time="0.948" /><testcase classname="tests.test_iteration102_postproduction.TestPostProductionStatus" name="test_post_production_status_endpoint" time="1.121" /><testcase classname="tests.test_iteration102_postproduction.TestPostProductionStatus" name="test_post_production_status_has_phase" time="0.464" /><testcase classname="tests.test_iteration102_postproduction.TestPostProductionStatus" name="test_post_production_status_complete_fields" time="0.479" /><testcase classname="tests.test_iteration102_postproduction.TestLocalizations" name="test_localizations_endpoint" time="1.030" /><testcase classname="tests.test_iteration102_postproduction.TestLocalizations" name="test_localizations_has_pt_and_en" time="0.541" /><testcase classname="tests.test_iteration102_postproduction.TestLocalizations" name="test_localization_statuses" time="0.482" /><testcase classname="tests.test_iteration102_postproduction.TestPostProduceValidation" name="test_post_produce_requires_scene_videos" time="3.785" /><testcase classname="tests.test_iteration102_postproduction.TestLocalizeValidation" name="test_localize_rejects_same_language" time="1.470" /><testcase classname="tests.test_iteration102_postproduction.TestLocalizeValidation" name="test_localize_requires_final_video" time="2.985" /><testcase classname="tests.test_iteration102_postproduction.TestProjectStatus" name="test_project_status_has_outputs" time="1.442" /></testsuite></testsuites>