<?xml version="1.0" encoding="utf-8"?><testsuites name="pytest tests"><testsuite name="pytest" errors="0" failures="0" skipped="0" tests="27" time="1.033" timestamp="2026-03-21T04:08:53.452186+00:00" hostname="agent-env-a301c09a-8b7e-4c74-83ed-b962badcd1af"><testcase classname="backend.tests.test_iteration79_360_avatar_bugfixes.TestOpenAvatarForEditInference" name="test_infer_avatar_style_from_creation_mode_3d" time="0.001" /><testcase classname="backend.tests.test_iteration79_360_avatar_bugfixes.TestOpenAvatarForEditInference" name="test_inferred_style_used_in_temp_avatar" time="0.001" /><testcase classname="backend.tests.test_iteration79_360_avatar_bugfixes.TestOpenAvatarForEditInference" name="test_creation_mode_restored_in_temp_avatar" time="0.001" /><testcase classname="backend.tests.test_iteration79_360_avatar_bugfixes.TestOpenAvatarForEditClearsWrongAngles" name="test_is3d_avatar_check_exists" time="0.001" /><testcase classname="backend.tests.test_iteration79_360_avatar_bugfixes.TestOpenAvatarForEditClearsWrongAngles" name="test_clears_angles_when_front_doesnt_match_avatar_url" time="0.001" /><testcase classname="backend.tests.test_iteration79_360_avatar_bugfixes.TestAuto360TriggerOnTabSwitch" name="test_tab_click_handler_checks_view360" time="0.001" /><testcase classname="backend.tests.test_iteration79_360_avatar_bugfixes.TestAuto360TriggerOnTabSwitch" name="test_auto_trigger_checks_loaded_angles" time="0.001" /><testcase classname="backend.tests.test_iteration79_360_avatar_bugfixes.TestAuto360TriggerOnTabSwitch" name="test_auto_trigger_calls_start_auto360" time="0.001" /><testcase classname="backend.tests.test_iteration79_360_avatar_bugfixes.TestAuto360TriggerOnTabSwitch" name="test_auto_trigger_uses_correct_source_url_for_3d" time="0.001" /><testcase classname="backend.tests.test_iteration79_360_avatar_bugfixes.TestRegenerateAll360Button" name="test_regen_all_360_button_exists" time="0.001" /><testcase classname="backend.tests.test_iteration79_360_avatar_bugfixes.TestRegenerateAll360Button" name="test_regen_all_360_button_in_view360_tab" time="0.001" /><testcase classname="backend.tests.test_iteration79_360_avatar_bugfixes.TestRegenerateAll360Button" name="test_regen_all_360_uses_correct_source_for_3d" time="0.001" /><testcase classname="backend.tests.test_iteration79_360_avatar_bugfixes.TestRegenerateAll360Button" name="test_regen_all_360_clears_angles_first" time="0.001" /><testcase classname="backend.tests.test_iteration79_360_avatar_bugfixes.TestCreationModePersistence" name="test_save_avatar_and_close_persists_creation_mode_edit" time="0.001" /><testcase classname="backend.tests.test_iteration79_360_avatar_bugfixes.TestCreationModePersistence" name="test_save_avatar_and_close_persists_creation_mode_new" time="0.001" /><testcase classname="backend.tests.test_iteration79_360_avatar_bugfixes.TestCreationModePersistence" name="test_save_avatar_as_new_persists_creation_mode" time="0.001" /><testcase classname="backend.tests.test_iteration79_360_avatar_bugfixes.TestApplyClothingAndGenerateAngle" name="test_apply_clothing_has_is3d_check" time="0.001" /><testcase classname="backend.tests.test_iteration79_360_avatar_bugfixes.TestApplyClothingAndGenerateAngle" name="test_apply_clothing_uses_temp_avatar_url_for_3d" time="0.001" /><testcase classname="backend.tests.test_iteration79_360_avatar_bugfixes.TestApplyClothingAndGenerateAngle" name="test_generate_angle_has_is3d_check" time="0.001" /><testcase classname="backend.tests.test_iteration79_360_avatar_bugfixes.TestBackendAvatarStyleParam" name="test_avatar_variant_request_has_avatar_style" time="0.000" /><testcase classname="backend.tests.test_iteration79_360_avatar_bugfixes.TestBackendAvatarStyleParam" name="test_avatar_batch360_request_has_avatar_style" time="0.000" /><testcase classname="backend.tests.test_iteration79_360_avatar_bugfixes.TestBackendAvatarStyleParam" name="test_run_batch_360_accepts_avatar_style" time="0.000" /><testcase classname="backend.tests.test_iteration79_360_avatar_bugfixes.TestBackendAvatarStyleParam" name="test_generate_avatar_variant_uses_avatar_style" time="0.000" /><testcase classname="backend.tests.test_iteration79_360_avatar_bugfixes.TestBackendAvatarStyleParam" name="test_batch_360_uses_avatar_style_for_is_3d" time="0.000" /><testcase classname="backend.tests.test_iteration79_360_avatar_bugfixes.TestBackendEndpointsExist" name="test_generate_avatar_360_endpoint_exists" time="0.000" /><testcase classname="backend.tests.test_iteration79_360_avatar_bugfixes.TestBackendEndpointsExist" name="test_generate_avatar_variant_endpoint_exists" time="0.000" /><testcase classname="backend.tests.test_iteration79_360_avatar_bugfixes.TestBackendHealthCheck" name="test_backend_health" time="0.928" /></testsuite></testsuites>