<?xml version="1.0" encoding="utf-8"?><testsuites name="pytest tests"><testsuite name="pytest" errors="0" failures="1" skipped="0" tests="8" time="11.798" timestamp="2026-03-18T19:58:07.647753+00:00" hostname="agent-env-a301c09a-8b7e-4c74-83ed-b962badcd1af"><testcase classname="backend.tests.test_iteration68_avatars.TestAvatarLanguageField" name="test_create_avatar_with_language_es" time="2.181" /><testcase classname="backend.tests.test_iteration68_avatars.TestAvatarLanguageField" name="test_create_avatar_with_language_pt" time="1.207" /><testcase classname="backend.tests.test_iteration68_avatars.TestAvatarLanguageField" name="test_list_avatars_includes_language" time="1.728" /><testcase classname="backend.tests.test_iteration68_avatars.TestAvatarVoicePersistence" name="test_create_avatar_with_voice_custom" time="1.725" /><testcase classname="backend.tests.test_iteration68_avatars.TestAvatarVoicePersistence" name="test_create_avatar_with_voice_openai" time="0.731"><failure message="assert 500 == 200&#10; +  where 500 = &lt;Response [500]&gt;.status_code">backend/tests/test_iteration68_avatars.py:204: in test_create_avatar_with_voice_openai
    assert response.status_code == 200
E   assert 500 == 200
E    +  where 500 = &lt;Response [500]&gt;.status_code</failure></testcase><testcase classname="backend.tests.test_iteration68_avatars.TestAvatarVoicePersistence" name="test_update_avatar_voice" time="1.876" /><testcase classname="backend.tests.test_iteration68_avatars.TestAvatarDeletion" name="test_delete_avatar" time="1.795" /><testcase classname="backend.tests.test_iteration68_avatars.TestLoginAndAuth" name="test_login_success" time="0.462" /></testsuite></testsuites>