<?xml version="1.0" encoding="utf-8"?><testsuites name="pytest tests"><testsuite name="pytest" errors="0" failures="0" skipped="0" tests="10" time="5.167" timestamp="2026-03-17T00:35:17.074507+00:00" hostname="agent-env-a301c09a-8b7e-4c74-83ed-b962badcd1af"><testcase classname="backend.tests.test_iteration57_avatar_video_preview.TestAvatarVideoPreviewEndpoint" name="test_avatar_video_preview_requires_auth" time="0.311" /><testcase classname="backend.tests.test_iteration57_avatar_video_preview.TestAvatarVideoPreviewEndpoint" name="test_avatar_video_preview_post_with_voice_id" time="0.839" /><testcase classname="backend.tests.test_iteration57_avatar_video_preview.TestAvatarVideoPreviewEndpoint" name="test_avatar_video_preview_post_with_custom_voice" time="0.243" /><testcase classname="backend.tests.test_iteration57_avatar_video_preview.TestAvatarVideoPreviewEndpoint" name="test_avatar_video_preview_post_with_language_es" time="0.219" /><testcase classname="backend.tests.test_iteration57_avatar_video_preview.TestAvatarVideoPreviewEndpoint" name="test_avatar_video_preview_get_status" time="0.518" /><testcase classname="backend.tests.test_iteration57_avatar_video_preview.TestAvatarVideoPreviewEndpoint" name="test_avatar_video_preview_invalid_job_id" time="0.245" /><testcase classname="backend.tests.test_iteration57_avatar_video_preview.TestAvatarVideoPreviewEndpoint" name="test_avatar_video_preview_missing_avatar_url" time="0.236" /><testcase classname="backend.tests.test_iteration57_avatar_video_preview.TestAvatarVideoPreviewModel" name="test_model_accepts_all_languages" time="0.783" /><testcase classname="backend.tests.test_iteration57_avatar_video_preview.TestAvatarVideoPreviewModel" name="test_model_accepts_all_voice_ids" time="1.470" /><testcase classname="backend.tests.test_iteration57_avatar_video_preview.TestPreviewTexts" name="test_preview_endpoint_default_language" time="0.211" /></testsuite></testsuites>