<?xml version="1.0" encoding="utf-8"?><testsuites name="pytest tests"><testsuite name="pytest" errors="0" failures="0" skipped="0" tests="5" time="3.739" timestamp="2026-03-26T23:54:01.478828+00:00" hostname="agent-env-a301c09a-8b7e-4c74-83ed-b962badcd1af"><testcase classname="backend.tests.test_studio_postprod.TestStudioNarrationEndpoints" name="test_upload_narration_without_file_returns_422" time="1.827" /><testcase classname="backend.tests.test_studio_postprod.TestStudioNarrationEndpoints" name="test_delete_narration_returns_200" time="0.606" /><testcase classname="backend.tests.test_studio_postprod.TestStudioProjectStatus" name="test_project_status_returns_outputs" time="0.429" /><testcase classname="backend.tests.test_studio_postprod.TestStudioPostProductionStatus" name="test_post_production_status_endpoint" time="0.408" /><testcase classname="backend.tests.test_studio_postprod.TestStudioLocalizations" name="test_localizations_endpoint" time="0.411" /></testsuite></testsuites>