<?xml version="1.0" encoding="utf-8"?><testsuites name="pytest tests"><testsuite name="pytest" errors="0" failures="0" skipped="0" tests="7" time="13.733" timestamp="2026-04-09T06:25:16.510355+00:00" hostname="agent-env-dca04b80-52f9-43a7-97e9-393a526f167f"><testcase classname="backend.tests.test_iteration133_kling_30frames.TestKlingStoryboards30Frames" name="test_01_get_kling_storyboards_returns_30_frames" time="2.356" /><testcase classname="backend.tests.test_iteration133_kling_30frames.TestKlingStoryboards30Frames" name="test_02_all_30_frames_have_text_prompts" time="1.843" /><testcase classname="backend.tests.test_iteration133_kling_30frames.TestKlingStoryboards30Frames" name="test_03_frame_structure_is_complete" time="2.002" /><testcase classname="backend.tests.test_iteration133_kling_30frames.TestKlingStoryboards30Frames" name="test_04_check_image_generation_status" time="1.852" /><testcase classname="backend.tests.test_iteration133_kling_30frames.TestKlingStoryboards30Frames" name="test_05_frame_timing_covers_5_minutes" time="1.852" /><testcase classname="backend.tests.test_iteration133_kling_30frames.TestSupabaseBucketAccess" name="test_06_check_supabase_bucket_error" time="1.873" /><testcase classname="backend.tests.test_iteration133_kling_30frames.TestGeminiImageGeneration" name="test_07_regenerate_images_endpoint_exists" time="1.883" /></testsuite></testsuites>